running develop
Removing /home/rohan87/mobo_bot_ws/install/arrow_key_teleop_drive/lib/python3.10/site-packages/arrow-key-teleop-drive.egg-link (link to .)
running egg_info
writing ../../build/arrow_key_teleop_drive/arrow_key_teleop_drive.egg-info/PKG-INFO
writing dependency_links to ../../build/arrow_key_teleop_drive/arrow_key_teleop_drive.egg-info/dependency_links.txt
writing entry points to ../../build/arrow_key_teleop_drive/arrow_key_teleop_drive.egg-info/entry_points.txt
writing requirements to ../../build/arrow_key_teleop_drive/arrow_key_teleop_drive.egg-info/requires.txt
writing top-level names to ../../build/arrow_key_teleop_drive/arrow_key_teleop_drive.egg-info/top_level.txt
reading manifest file '../../build/arrow_key_teleop_drive/arrow_key_teleop_drive.egg-info/SOURCES.txt'
writing manifest file '../../build/arrow_key_teleop_drive/arrow_key_teleop_drive.egg-info/SOURCES.txt'
running build
running build_py
creating /home/rohan87/mobo_bot_ws/build/arrow_key_teleop_drive/build
creating /home/rohan87/mobo_bot_ws/build/arrow_key_teleop_drive/build/lib
creating /home/rohan87/mobo_bot_ws/build/arrow_key_teleop_drive/build/lib/arrow_key_teleop_drive
copying arrow_key_teleop_drive/arrow_key_teleop_drive.py -> /home/rohan87/mobo_bot_ws/build/arrow_key_teleop_drive/build/lib/arrow_key_teleop_drive
copying arrow_key_teleop_drive/__init__.py -> /home/rohan87/mobo_bot_ws/build/arrow_key_teleop_drive/build/lib/arrow_key_teleop_drive
running install
running install_lib
creating /home/rohan87/mobo_bot_ws/install/arrow_key_teleop_drive/lib/python3.10/site-packages/arrow_key_teleop_drive
copying /home/rohan87/mobo_bot_ws/build/arrow_key_teleop_drive/build/lib/arrow_key_teleop_drive/arrow_key_teleop_drive.py -> /home/rohan87/mobo_bot_ws/install/arrow_key_teleop_drive/lib/python3.10/site-packages/arrow_key_teleop_drive
copying /home/rohan87/mobo_bot_ws/build/arrow_key_teleop_drive/build/lib/arrow_key_teleop_drive/__init__.py -> /home/rohan87/mobo_bot_ws/install/arrow_key_teleop_drive/lib/python3.10/site-packages/arrow_key_teleop_drive
byte-compiling /home/rohan87/mobo_bot_ws/install/arrow_key_teleop_drive/lib/python3.10/site-packages/arrow_key_teleop_drive/arrow_key_teleop_drive.py to arrow_key_teleop_drive.cpython-310.pyc
byte-compiling /home/rohan87/mobo_bot_ws/install/arrow_key_teleop_drive/lib/python3.10/site-packages/arrow_key_teleop_drive/__init__.py to __init__.cpython-310.pyc
running install_data
copying resource/arrow_key_teleop_drive -> /home/rohan87/mobo_bot_ws/install/arrow_key_teleop_drive/share/ament_index/resource_index/packages
copying package.xml -> /home/rohan87/mobo_bot_ws/install/arrow_key_teleop_drive/share/arrow_key_teleop_drive
running install_egg_info
Copying ../../build/arrow_key_teleop_drive/arrow_key_teleop_drive.egg-info to /home/rohan87/mobo_bot_ws/install/arrow_key_teleop_drive/lib/python3.10/site-packages/arrow_key_teleop_drive-0.0.0-py3.10.egg-info
running install_scripts
Installing arrow_key_teleop_drive script to /home/rohan87/mobo_bot_ws/install/arrow_key_teleop_drive/lib/arrow_key_teleop_drive
writing list of installed files to '/home/rohan87/mobo_bot_ws/build/arrow_key_teleop_drive/install.log'
