[0.441s] Invoking command in '/home/rohan87/mobo_bot_ws/build/arrow_key_teleop_drive': PYTHONPATH=/home/rohan87/mobo_bot_ws/build/arrow_key_teleop_drive/prefix_override:/usr/lib/python3/dist-packages/colcon_core/task/python/colcon_distutils_commands:/home/rohan87/mobo_bot_ws/install/arrow_key_teleop_drive/lib/python3.10/site-packages:${PYTHONPATH} /usr/bin/python3 -W ignore:setup.py install is deprecated -W ignore:easy_install command is deprecated setup.py develop --uninstall --editable --build-directory /home/rohan87/mobo_bot_ws/build/arrow_key_teleop_drive/build
[0.594s] running develop
[0.674s] Removing /home/rohan87/mobo_bot_ws/install/arrow_key_teleop_drive/lib/python3.10/site-packages/arrow-key-teleop-drive.egg-link (link to .)
[0.694s] Invoked command in '/home/rohan87/mobo_bot_ws/build/arrow_key_teleop_drive' returned '0': PYTHONPATH=/home/rohan87/mobo_bot_ws/build/arrow_key_teleop_drive/prefix_override:/usr/lib/python3/dist-packages/colcon_core/task/python/colcon_distutils_commands:/home/rohan87/mobo_bot_ws/install/arrow_key_teleop_drive/lib/python3.10/site-packages:${PYTHONPATH} /usr/bin/python3 -W ignore:setup.py install is deprecated -W ignore:easy_install command is deprecated setup.py develop --uninstall --editable --build-directory /home/rohan87/mobo_bot_ws/build/arrow_key_teleop_drive/build
[0.694s] Invoking command in '/home/rohan87/mobo_bot_ws/src/arrow_key_teleop_drive': PYTHONPATH=/home/rohan87/mobo_bot_ws/build/arrow_key_teleop_drive/prefix_override:/usr/lib/python3/dist-packages/colcon_core/task/python/colcon_distutils_commands:/home/rohan87/mobo_bot_ws/install/arrow_key_teleop_drive/lib/python3.10/site-packages:${PYTHONPATH} /usr/bin/python3 -W ignore:setup.py install is deprecated -W ignore:easy_install command is deprecated setup.py egg_info --egg-base ../../build/arrow_key_teleop_drive build --build-base /home/rohan87/mobo_bot_ws/build/arrow_key_teleop_drive/build install --record /home/rohan87/mobo_bot_ws/build/arrow_key_teleop_drive/install.log --single-version-externally-managed install_data --force
[0.831s] running egg_info
[0.831s] writing ../../build/arrow_key_teleop_drive/arrow_key_teleop_drive.egg-info/PKG-INFO
[0.832s] writing dependency_links to ../../build/arrow_key_teleop_drive/arrow_key_teleop_drive.egg-info/dependency_links.txt
[0.832s] writing entry points to ../../build/arrow_key_teleop_drive/arrow_key_teleop_drive.egg-info/entry_points.txt
[0.832s] writing requirements to ../../build/arrow_key_teleop_drive/arrow_key_teleop_drive.egg-info/requires.txt
[0.832s] writing top-level names to ../../build/arrow_key_teleop_drive/arrow_key_teleop_drive.egg-info/top_level.txt
[0.833s] reading manifest file '../../build/arrow_key_teleop_drive/arrow_key_teleop_drive.egg-info/SOURCES.txt'
[0.833s] writing manifest file '../../build/arrow_key_teleop_drive/arrow_key_teleop_drive.egg-info/SOURCES.txt'
[0.833s] running build
[0.833s] running build_py
[0.833s] creating /home/rohan87/mobo_bot_ws/build/arrow_key_teleop_drive/build
[0.834s] creating /home/rohan87/mobo_bot_ws/build/arrow_key_teleop_drive/build/lib
[0.834s] creating /home/rohan87/mobo_bot_ws/build/arrow_key_teleop_drive/build/lib/arrow_key_teleop_drive
[0.834s] copying arrow_key_teleop_drive/arrow_key_teleop_drive.py -> /home/rohan87/mobo_bot_ws/build/arrow_key_teleop_drive/build/lib/arrow_key_teleop_drive
[0.834s] copying arrow_key_teleop_drive/__init__.py -> /home/rohan87/mobo_bot_ws/build/arrow_key_teleop_drive/build/lib/arrow_key_teleop_drive
[0.834s] running install
[0.834s] running install_lib
[0.834s] creating /home/rohan87/mobo_bot_ws/install/arrow_key_teleop_drive/lib/python3.10/site-packages/arrow_key_teleop_drive
[0.834s] copying /home/rohan87/mobo_bot_ws/build/arrow_key_teleop_drive/build/lib/arrow_key_teleop_drive/arrow_key_teleop_drive.py -> /home/rohan87/mobo_bot_ws/install/arrow_key_teleop_drive/lib/python3.10/site-packages/arrow_key_teleop_drive
[0.834s] copying /home/rohan87/mobo_bot_ws/build/arrow_key_teleop_drive/build/lib/arrow_key_teleop_drive/__init__.py -> /home/rohan87/mobo_bot_ws/install/arrow_key_teleop_drive/lib/python3.10/site-packages/arrow_key_teleop_drive
[0.835s] byte-compiling /home/rohan87/mobo_bot_ws/install/arrow_key_teleop_drive/lib/python3.10/site-packages/arrow_key_teleop_drive/arrow_key_teleop_drive.py to arrow_key_teleop_drive.cpython-310.pyc
[0.836s] byte-compiling /home/rohan87/mobo_bot_ws/install/arrow_key_teleop_drive/lib/python3.10/site-packages/arrow_key_teleop_drive/__init__.py to __init__.cpython-310.pyc
[0.836s] running install_data
[0.836s] copying resource/arrow_key_teleop_drive -> /home/rohan87/mobo_bot_ws/install/arrow_key_teleop_drive/share/ament_index/resource_index/packages
[0.836s] copying package.xml -> /home/rohan87/mobo_bot_ws/install/arrow_key_teleop_drive/share/arrow_key_teleop_drive
[0.836s] running install_egg_info
[0.837s] Copying ../../build/arrow_key_teleop_drive/arrow_key_teleop_drive.egg-info to /home/rohan87/mobo_bot_ws/install/arrow_key_teleop_drive/lib/python3.10/site-packages/arrow_key_teleop_drive-0.0.0-py3.10.egg-info
[0.837s] running install_scripts
[0.849s] Installing arrow_key_teleop_drive script to /home/rohan87/mobo_bot_ws/install/arrow_key_teleop_drive/lib/arrow_key_teleop_drive
[0.849s] writing list of installed files to '/home/rohan87/mobo_bot_ws/build/arrow_key_teleop_drive/install.log'
[0.866s] Invoked command in '/home/rohan87/mobo_bot_ws/src/arrow_key_teleop_drive' returned '0': PYTHONPATH=/home/rohan87/mobo_bot_ws/build/arrow_key_teleop_drive/prefix_override:/usr/lib/python3/dist-packages/colcon_core/task/python/colcon_distutils_commands:/home/rohan87/mobo_bot_ws/install/arrow_key_teleop_drive/lib/python3.10/site-packages:${PYTHONPATH} /usr/bin/python3 -W ignore:setup.py install is deprecated -W ignore:easy_install command is deprecated setup.py egg_info --egg-base ../../build/arrow_key_teleop_drive build --build-base /home/rohan87/mobo_bot_ws/build/arrow_key_teleop_drive/build install --record /home/rohan87/mobo_bot_ws/build/arrow_key_teleop_drive/install.log --single-version-externally-managed install_data --force
