[0.161s] Invoking command in '/home/rohan87/mobo_bot_ws/build/mobo_bot_description': CMAKE_PREFIX_PATH=/opt/ros/humble /usr/bin/cmake /home/rohan87/mobo_bot_ws/src/mobo_bot/mobo_bot_description -DAMENT_CMAKE_SYMLINK_INSTALL=1 -DCMAKE_INSTALL_PREFIX=/home/rohan87/mobo_bot_ws/install/mobo_bot_description
[0.234s] -- The C compiler identification is GNU 11.4.0
[0.307s] -- The CXX compiler identification is GNU 11.4.0
[0.314s] -- Detecting C compiler ABI info
[0.367s] -- Detecting C compiler ABI info - done
[0.374s] -- Check for working C compiler: /usr/bin/cc - skipped
[0.374s] -- Detecting C compile features
[0.374s] -- Detecting C compile features - done
[0.376s] -- Detecting CXX compiler ABI info
[0.434s] -- Detecting CXX compiler ABI info - done
[0.442s] -- Check for working CXX compiler: /usr/bin/c++ - skipped
[0.443s] -- Detecting CXX compile features
[0.443s] -- Detecting CXX compile features - done
[0.449s] -- Found ament_cmake: 1.3.12 (/opt/ros/humble/share/ament_cmake/cmake)
[0.590s] -- Found Python3: /usr/bin/python3 (found version "3.10.12") found components: Interpreter 
[0.638s] -- Override CMake install command with custom implementation using symlinks instead of copying resources
[0.654s] -- Found ament_lint_auto: 0.12.14 (/opt/ros/humble/share/ament_lint_auto/cmake)
[0.708s] -- Added test 'flake8' to check Python code syntax and style conventions
[0.708s] -- Added test 'lint_cmake' to check CMake code style
[0.708s] -- Added test 'pep257' to check Python code against some of the docstring style conventions in PEP 257
[0.709s] -- Added test 'xmllint' to check XML markup files
[0.709s] -- Configuring done
[0.711s] -- Generating done
[0.713s] -- Build files have been written to: /home/rohan87/mobo_bot_ws/build/mobo_bot_description
[0.719s] Invoked command in '/home/rohan87/mobo_bot_ws/build/mobo_bot_description' returned '0': CMAKE_PREFIX_PATH=/opt/ros/humble /usr/bin/cmake /home/rohan87/mobo_bot_ws/src/mobo_bot/mobo_bot_description -DAMENT_CMAKE_SYMLINK_INSTALL=1 -DCMAKE_INSTALL_PREFIX=/home/rohan87/mobo_bot_ws/install/mobo_bot_description
[0.720s] Invoking command in '/home/rohan87/mobo_bot_ws/build/mobo_bot_description': CMAKE_PREFIX_PATH=/opt/ros/humble /usr/bin/cmake --build /home/rohan87/mobo_bot_ws/build/mobo_bot_description -- -j12 -l12
[0.756s] Invoked command in '/home/rohan87/mobo_bot_ws/build/mobo_bot_description' returned '0': CMAKE_PREFIX_PATH=/opt/ros/humble /usr/bin/cmake --build /home/rohan87/mobo_bot_ws/build/mobo_bot_description -- -j12 -l12
[0.757s] Invoking command in '/home/rohan87/mobo_bot_ws/build/mobo_bot_description': CMAKE_PREFIX_PATH=/opt/ros/humble /usr/bin/cmake --install /home/rohan87/mobo_bot_ws/build/mobo_bot_description
[0.761s] -- Install configuration: ""
[0.762s] -- Execute custom install script
[0.762s] -- Symlinking: /home/rohan87/mobo_bot_ws/install/mobo_bot_description/share/mobo_bot_description//launch/rsp.launch.py
[0.770s] -- Symlinking: /home/rohan87/mobo_bot_ws/install/mobo_bot_description/share/mobo_bot_description//urdf/epmc_ros2_control.xacro
[0.778s] -- Symlinking: /home/rohan87/mobo_bot_ws/install/mobo_bot_description/share/mobo_bot_description//urdf/gazebo_properties.xacro
[0.786s] -- Symlinking: /home/rohan87/mobo_bot_ws/install/mobo_bot_description/share/mobo_bot_description//urdf/robot_urdf.xacro
[0.795s] -- Symlinking: /home/rohan87/mobo_bot_ws/install/mobo_bot_description/share/mobo_bot_description//urdf/urdf_models/box_with_fillet_macro.xacro
[0.802s] -- Symlinking: /home/rohan87/mobo_bot_ws/install/mobo_bot_description/share/mobo_bot_description//urdf/urdf_models/cam.xacro
[0.810s] -- Symlinking: /home/rohan87/mobo_bot_ws/install/mobo_bot_description/share/mobo_bot_description//urdf/urdf_models/drive_wheel_macro.xacro
[0.818s] -- Symlinking: /home/rohan87/mobo_bot_ws/install/mobo_bot_description/share/mobo_bot_description//urdf/urdf_models/drive_wheel_rim_macro.xacro
[0.827s] -- Symlinking: /home/rohan87/mobo_bot_ws/install/mobo_bot_description/share/mobo_bot_description//urdf/urdf_models/lidar.xacro
[0.834s] -- Symlinking: /home/rohan87/mobo_bot_ws/install/mobo_bot_description/share/mobo_bot_description//urdf/urdf_models/sonar.xacro
[0.843s] -- Symlinking: /home/rohan87/mobo_bot_ws/install/mobo_bot_description/share/ament_index/resource_index/package_run_dependencies/mobo_bot_description
[0.849s] -- Symlinking: /home/rohan87/mobo_bot_ws/install/mobo_bot_description/share/ament_index/resource_index/parent_prefix_path/mobo_bot_description
[0.855s] -- Symlinking: /home/rohan87/mobo_bot_ws/install/mobo_bot_description/share/mobo_bot_description/environment/ament_prefix_path.sh
[0.861s] -- Symlinking: /home/rohan87/mobo_bot_ws/install/mobo_bot_description/share/mobo_bot_description/environment/ament_prefix_path.dsv
[0.867s] -- Symlinking: /home/rohan87/mobo_bot_ws/install/mobo_bot_description/share/mobo_bot_description/environment/path.sh
[0.875s] -- Symlinking: /home/rohan87/mobo_bot_ws/install/mobo_bot_description/share/mobo_bot_description/environment/path.dsv
[0.881s] -- Symlinking: /home/rohan87/mobo_bot_ws/install/mobo_bot_description/share/mobo_bot_description/local_setup.bash
[0.887s] -- Symlinking: /home/rohan87/mobo_bot_ws/install/mobo_bot_description/share/mobo_bot_description/local_setup.sh
[0.892s] -- Symlinking: /home/rohan87/mobo_bot_ws/install/mobo_bot_description/share/mobo_bot_description/local_setup.zsh
[0.900s] -- Symlinking: /home/rohan87/mobo_bot_ws/install/mobo_bot_description/share/mobo_bot_description/local_setup.dsv
[0.908s] -- Symlinking: /home/rohan87/mobo_bot_ws/install/mobo_bot_description/share/mobo_bot_description/package.dsv
[0.914s] -- Symlinking: /home/rohan87/mobo_bot_ws/install/mobo_bot_description/share/ament_index/resource_index/packages/mobo_bot_description
[0.920s] -- Symlinking: /home/rohan87/mobo_bot_ws/install/mobo_bot_description/share/mobo_bot_description/cmake/mobo_bot_descriptionConfig.cmake
[0.927s] -- Symlinking: /home/rohan87/mobo_bot_ws/install/mobo_bot_description/share/mobo_bot_description/cmake/mobo_bot_descriptionConfig-version.cmake
[0.934s] -- Symlinking: /home/rohan87/mobo_bot_ws/install/mobo_bot_description/share/mobo_bot_description/package.xml
[0.954s] Invoked command in '/home/rohan87/mobo_bot_ws/build/mobo_bot_description' returned '0': CMAKE_PREFIX_PATH=/opt/ros/humble /usr/bin/cmake --install /home/rohan87/mobo_bot_ws/build/mobo_bot_description
