[0.161s] Invoking command in '/home/rohan87/mobo_bot_ws/build/mobo_bot_rviz': CMAKE_PREFIX_PATH=/opt/ros/humble /usr/bin/cmake /home/rohan87/mobo_bot_ws/src/mobo_bot/mobo_bot_rviz -DAMENT_CMAKE_SYMLINK_INSTALL=1 -DCMAKE_INSTALL_PREFIX=/home/rohan87/mobo_bot_ws/install/mobo_bot_rviz
[0.226s] -- The C compiler identification is GNU 11.4.0
[0.311s] -- The CXX compiler identification is GNU 11.4.0
[0.315s] -- Detecting C compiler ABI info
[0.367s] -- Detecting C compiler ABI info - done
[0.371s] -- Check for working C compiler: /usr/bin/cc - skipped
[0.371s] -- Detecting C compile features
[0.372s] -- Detecting C compile features - done
[0.374s] -- Detecting CXX compiler ABI info
[0.440s] -- Detecting CXX compiler ABI info - done
[0.448s] -- Check for working CXX compiler: /usr/bin/c++ - skipped
[0.448s] -- Detecting CXX compile features
[0.448s] -- Detecting CXX compile features - done
[0.451s] -- Found ament_cmake: 1.3.12 (/opt/ros/humble/share/ament_cmake/cmake)
[0.559s] -- Found Python3: /usr/bin/python3 (found version "3.10.12") found components: Interpreter 
[0.622s] -- Override CMake install command with custom implementation using symlinks instead of copying resources
[0.647s] -- Found ament_lint_auto: 0.12.14 (/opt/ros/humble/share/ament_lint_auto/cmake)
[0.722s] -- Added test 'flake8' to check Python code syntax and style conventions
[0.723s] -- Added test 'lint_cmake' to check CMake code style
[0.723s] -- Added test 'pep257' to check Python code against some of the docstring style conventions in PEP 257
[0.724s] -- Added test 'xmllint' to check XML markup files
[0.724s] -- Configuring done
[0.726s] -- Generating done
[0.727s] -- Build files have been written to: /home/rohan87/mobo_bot_ws/build/mobo_bot_rviz
[0.731s] Invoked command in '/home/rohan87/mobo_bot_ws/build/mobo_bot_rviz' returned '0': CMAKE_PREFIX_PATH=/opt/ros/humble /usr/bin/cmake /home/rohan87/mobo_bot_ws/src/mobo_bot/mobo_bot_rviz -DAMENT_CMAKE_SYMLINK_INSTALL=1 -DCMAKE_INSTALL_PREFIX=/home/rohan87/mobo_bot_ws/install/mobo_bot_rviz
[0.732s] Invoking command in '/home/rohan87/mobo_bot_ws/build/mobo_bot_rviz': CMAKE_PREFIX_PATH=/opt/ros/humble /usr/bin/cmake --build /home/rohan87/mobo_bot_ws/build/mobo_bot_rviz -- -j12 -l12
[0.761s] Invoked command in '/home/rohan87/mobo_bot_ws/build/mobo_bot_rviz' returned '0': CMAKE_PREFIX_PATH=/opt/ros/humble /usr/bin/cmake --build /home/rohan87/mobo_bot_ws/build/mobo_bot_rviz -- -j12 -l12
[0.762s] Invoking command in '/home/rohan87/mobo_bot_ws/build/mobo_bot_rviz': CMAKE_PREFIX_PATH=/opt/ros/humble /usr/bin/cmake --install /home/rohan87/mobo_bot_ws/build/mobo_bot_rviz
[0.767s] -- Install configuration: ""
[0.767s] -- Execute custom install script
[0.769s] -- Symlinking: /home/rohan87/mobo_bot_ws/install/mobo_bot_rviz/share/mobo_bot_rviz//config/amcl.rviz
[0.773s] -- Symlinking: /home/rohan87/mobo_bot_ws/install/mobo_bot_rviz/share/mobo_bot_rviz//config/navigation.rviz
[0.779s] -- Symlinking: /home/rohan87/mobo_bot_ws/install/mobo_bot_rviz/share/mobo_bot_rviz//config/robot.rviz
[0.784s] -- Symlinking: /home/rohan87/mobo_bot_ws/install/mobo_bot_rviz/share/mobo_bot_rviz//config/rsp.rviz
[0.790s] -- Symlinking: /home/rohan87/mobo_bot_ws/install/mobo_bot_rviz/share/mobo_bot_rviz//config/sim.rviz
[0.796s] -- Symlinking: /home/rohan87/mobo_bot_ws/install/mobo_bot_rviz/share/mobo_bot_rviz//config/slam_mapping.rviz
[0.802s] -- Symlinking: /home/rohan87/mobo_bot_ws/install/mobo_bot_rviz/share/mobo_bot_rviz//launch/amcl.launch.py
[0.808s] -- Symlinking: /home/rohan87/mobo_bot_ws/install/mobo_bot_rviz/share/mobo_bot_rviz//launch/nav_bringup.launch.py
[0.813s] -- Symlinking: /home/rohan87/mobo_bot_ws/install/mobo_bot_rviz/share/mobo_bot_rviz//launch/robot.launch.py
[0.820s] -- Symlinking: /home/rohan87/mobo_bot_ws/install/mobo_bot_rviz/share/mobo_bot_rviz//launch/rsp.launch.py
[0.829s] -- Symlinking: /home/rohan87/mobo_bot_ws/install/mobo_bot_rviz/share/mobo_bot_rviz//launch/sim.launch.py
[0.838s] -- Symlinking: /home/rohan87/mobo_bot_ws/install/mobo_bot_rviz/share/mobo_bot_rviz//launch/slam_mapping.launch.py
[0.845s] -- Symlinking: /home/rohan87/mobo_bot_ws/install/mobo_bot_rviz/share/ament_index/resource_index/package_run_dependencies/mobo_bot_rviz
[0.851s] -- Symlinking: /home/rohan87/mobo_bot_ws/install/mobo_bot_rviz/share/ament_index/resource_index/parent_prefix_path/mobo_bot_rviz
[0.857s] -- Symlinking: /home/rohan87/mobo_bot_ws/install/mobo_bot_rviz/share/mobo_bot_rviz/environment/ament_prefix_path.sh
[0.863s] -- Symlinking: /home/rohan87/mobo_bot_ws/install/mobo_bot_rviz/share/mobo_bot_rviz/environment/ament_prefix_path.dsv
[0.870s] -- Symlinking: /home/rohan87/mobo_bot_ws/install/mobo_bot_rviz/share/mobo_bot_rviz/environment/path.sh
[0.877s] -- Symlinking: /home/rohan87/mobo_bot_ws/install/mobo_bot_rviz/share/mobo_bot_rviz/environment/path.dsv
[0.883s] -- Symlinking: /home/rohan87/mobo_bot_ws/install/mobo_bot_rviz/share/mobo_bot_rviz/local_setup.bash
[0.891s] -- Symlinking: /home/rohan87/mobo_bot_ws/install/mobo_bot_rviz/share/mobo_bot_rviz/local_setup.sh
[0.899s] -- Symlinking: /home/rohan87/mobo_bot_ws/install/mobo_bot_rviz/share/mobo_bot_rviz/local_setup.zsh
[0.905s] -- Symlinking: /home/rohan87/mobo_bot_ws/install/mobo_bot_rviz/share/mobo_bot_rviz/local_setup.dsv
[0.910s] -- Symlinking: /home/rohan87/mobo_bot_ws/install/mobo_bot_rviz/share/mobo_bot_rviz/package.dsv
[0.918s] -- Symlinking: /home/rohan87/mobo_bot_ws/install/mobo_bot_rviz/share/ament_index/resource_index/packages/mobo_bot_rviz
[0.924s] -- Symlinking: /home/rohan87/mobo_bot_ws/install/mobo_bot_rviz/share/mobo_bot_rviz/cmake/mobo_bot_rvizConfig.cmake
[0.929s] -- Symlinking: /home/rohan87/mobo_bot_ws/install/mobo_bot_rviz/share/mobo_bot_rviz/cmake/mobo_bot_rvizConfig-version.cmake
[0.935s] -- Symlinking: /home/rohan87/mobo_bot_ws/install/mobo_bot_rviz/share/mobo_bot_rviz/package.xml
[0.958s] Invoked command in '/home/rohan87/mobo_bot_ws/build/mobo_bot_rviz' returned '0': CMAKE_PREFIX_PATH=/opt/ros/humble /usr/bin/cmake --install /home/rohan87/mobo_bot_ws/build/mobo_bot_rviz
