[0.059s] DEBUG:colcon:Command line arguments: ['/usr/bin/colcon', 'build']
[0.059s] DEBUG:colcon:Parsed command line arguments: Namespace(log_base=None, log_level=None, verb_name='build', build_base='build', install_base='install', merge_install=False, symlink_install=False, test_result_base=None, continue_on_error=False, executor='parallel', parallel_workers=12, event_handlers=None, ignore_user_meta=False, metas=['./colcon.meta'], base_paths=['.'], packages_ignore=None, packages_ignore_regex=None, paths=None, packages_up_to=None, packages_up_to_regex=None, packages_above=None, packages_above_and_dependencies=None, packages_above_depth=None, packages_select_by_dep=None, packages_skip_by_dep=None, packages_skip_up_to=None, packages_select_build_failed=False, packages_skip_build_finished=False, packages_select_test_failures=False, packages_skip_test_passed=False, packages_select=None, packages_skip=None, packages_select_regex=None, packages_skip_regex=None, packages_start=None, packages_end=None, allow_overriding=[], cmake_args=None, cmake_target=None, cmake_target_skip_unavailable=False, cmake_clean_cache=False, cmake_clean_first=False, cmake_force_configure=False, ament_cmake_args=None, catkin_cmake_args=None, catkin_skip_building_tests=False, verb_parser=<colcon_defaults.argument_parser.defaults.DefaultArgumentsDecorator object at 0x7f5b40b97e20>, verb_extension=<colcon_core.verb.build.BuildVerb object at 0x7f5b40dd53c0>, main=<bound method BuildVerb.main of <colcon_core.verb.build.BuildVerb object at 0x7f5b40dd53c0>>)
[0.154s] Level 1:colcon.colcon_core.package_discovery:discover_packages(colcon_meta) check parameters
[0.155s] Level 1:colcon.colcon_core.package_discovery:discover_packages(recursive) check parameters
[0.155s] Level 1:colcon.colcon_core.package_discovery:discover_packages(ignore) check parameters
[0.155s] Level 1:colcon.colcon_core.package_discovery:discover_packages(path) check parameters
[0.155s] Level 1:colcon.colcon_core.package_discovery:discover_packages(colcon_meta) discover
[0.155s] Level 1:colcon.colcon_core.package_discovery:discover_packages(recursive) discover
[0.155s] INFO:colcon.colcon_core.package_discovery:Crawling recursively for packages in '/home/rohan87/mobo_bot_ws'
[0.155s] Level 1:colcon.colcon_core.package_identification:_identify(.) by extensions ['ignore', 'ignore_ament_install']
[0.155s] Level 1:colcon.colcon_core.package_identification:_identify(.) by extension 'ignore'
[0.155s] Level 1:colcon.colcon_core.package_identification:_identify(.) by extension 'ignore_ament_install'
[0.155s] Level 1:colcon.colcon_core.package_identification:_identify(.) by extensions ['colcon_pkg']
[0.155s] Level 1:colcon.colcon_core.package_identification:_identify(.) by extension 'colcon_pkg'
[0.155s] Level 1:colcon.colcon_core.package_identification:_identify(.) by extensions ['colcon_meta']
[0.155s] Level 1:colcon.colcon_core.package_identification:_identify(.) by extension 'colcon_meta'
[0.155s] Level 1:colcon.colcon_core.package_identification:_identify(.) by extensions ['ros']
[0.155s] Level 1:colcon.colcon_core.package_identification:_identify(.) by extension 'ros'
[0.161s] Level 1:colcon.colcon_core.package_identification:_identify(.) by extensions ['cmake', 'python']
[0.162s] Level 1:colcon.colcon_core.package_identification:_identify(.) by extension 'cmake'
[0.162s] Level 1:colcon.colcon_core.package_identification:_identify(.) by extension 'python'
[0.162s] Level 1:colcon.colcon_core.package_identification:_identify(.) by extensions ['python_setup_py']
[0.162s] Level 1:colcon.colcon_core.package_identification:_identify(.) by extension 'python_setup_py'
[0.162s] Level 1:colcon.colcon_core.package_identification:_identify(build) by extensions ['ignore', 'ignore_ament_install']
[0.162s] Level 1:colcon.colcon_core.package_identification:_identify(build) by extension 'ignore'
[0.162s] Level 1:colcon.colcon_core.package_identification:_identify(build) ignored
[0.162s] Level 1:colcon.colcon_core.package_identification:_identify(install) by extensions ['ignore', 'ignore_ament_install']
[0.162s] Level 1:colcon.colcon_core.package_identification:_identify(install) by extension 'ignore'
[0.162s] Level 1:colcon.colcon_core.package_identification:_identify(install) ignored
[0.162s] Level 1:colcon.colcon_core.package_identification:_identify(log) by extensions ['ignore', 'ignore_ament_install']
[0.162s] Level 1:colcon.colcon_core.package_identification:_identify(log) by extension 'ignore'
[0.162s] Level 1:colcon.colcon_core.package_identification:_identify(log) ignored
[0.162s] Level 1:colcon.colcon_core.package_identification:_identify(src) by extensions ['ignore', 'ignore_ament_install']
[0.162s] Level 1:colcon.colcon_core.package_identification:_identify(src) by extension 'ignore'
[0.162s] Level 1:colcon.colcon_core.package_identification:_identify(src) by extension 'ignore_ament_install'
[0.162s] Level 1:colcon.colcon_core.package_identification:_identify(src) by extensions ['colcon_pkg']
[0.162s] Level 1:colcon.colcon_core.package_identification:_identify(src) by extension 'colcon_pkg'
[0.162s] Level 1:colcon.colcon_core.package_identification:_identify(src) by extensions ['colcon_meta']
[0.162s] Level 1:colcon.colcon_core.package_identification:_identify(src) by extension 'colcon_meta'
[0.162s] Level 1:colcon.colcon_core.package_identification:_identify(src) by extensions ['ros']
[0.162s] Level 1:colcon.colcon_core.package_identification:_identify(src) by extension 'ros'
[0.162s] Level 1:colcon.colcon_core.package_identification:_identify(src) by extensions ['cmake', 'python']
[0.162s] Level 1:colcon.colcon_core.package_identification:_identify(src) by extension 'cmake'
[0.162s] Level 1:colcon.colcon_core.package_identification:_identify(src) by extension 'python'
[0.162s] Level 1:colcon.colcon_core.package_identification:_identify(src) by extensions ['python_setup_py']
[0.162s] Level 1:colcon.colcon_core.package_identification:_identify(src) by extension 'python_setup_py'
[0.162s] Level 1:colcon.colcon_core.package_identification:_identify(src/arrow_key_teleop_drive) by extensions ['ignore', 'ignore_ament_install']
[0.162s] Level 1:colcon.colcon_core.package_identification:_identify(src/arrow_key_teleop_drive) by extension 'ignore'
[0.162s] Level 1:colcon.colcon_core.package_identification:_identify(src/arrow_key_teleop_drive) by extension 'ignore_ament_install'
[0.162s] Level 1:colcon.colcon_core.package_identification:_identify(src/arrow_key_teleop_drive) by extensions ['colcon_pkg']
[0.162s] Level 1:colcon.colcon_core.package_identification:_identify(src/arrow_key_teleop_drive) by extension 'colcon_pkg'
[0.162s] Level 1:colcon.colcon_core.package_identification:_identify(src/arrow_key_teleop_drive) by extensions ['colcon_meta']
[0.162s] Level 1:colcon.colcon_core.package_identification:_identify(src/arrow_key_teleop_drive) by extension 'colcon_meta'
[0.163s] Level 1:colcon.colcon_core.package_identification:_identify(src/arrow_key_teleop_drive) by extensions ['ros']
[0.163s] Level 1:colcon.colcon_core.package_identification:_identify(src/arrow_key_teleop_drive) by extension 'ros'
[0.164s] DEBUG:colcon.colcon_core.package_identification:Package 'src/arrow_key_teleop_drive' with type 'ros.ament_python' and name 'arrow_key_teleop_drive'
[0.164s] Level 1:colcon.colcon_core.package_identification:_identify(src/mobo_bot) by extensions ['ignore', 'ignore_ament_install']
[0.164s] Level 1:colcon.colcon_core.package_identification:_identify(src/mobo_bot) by extension 'ignore'
[0.164s] Level 1:colcon.colcon_core.package_identification:_identify(src/mobo_bot) by extension 'ignore_ament_install'
[0.164s] Level 1:colcon.colcon_core.package_identification:_identify(src/mobo_bot) by extensions ['colcon_pkg']
[0.164s] Level 1:colcon.colcon_core.package_identification:_identify(src/mobo_bot) by extension 'colcon_pkg'
[0.164s] Level 1:colcon.colcon_core.package_identification:_identify(src/mobo_bot) by extensions ['colcon_meta']
[0.164s] Level 1:colcon.colcon_core.package_identification:_identify(src/mobo_bot) by extension 'colcon_meta'
[0.164s] Level 1:colcon.colcon_core.package_identification:_identify(src/mobo_bot) by extensions ['ros']
[0.164s] Level 1:colcon.colcon_core.package_identification:_identify(src/mobo_bot) by extension 'ros'
[0.164s] Level 1:colcon.colcon_core.package_identification:_identify(src/mobo_bot) by extensions ['cmake', 'python']
[0.164s] Level 1:colcon.colcon_core.package_identification:_identify(src/mobo_bot) by extension 'cmake'
[0.164s] Level 1:colcon.colcon_core.package_identification:_identify(src/mobo_bot) by extension 'python'
[0.164s] Level 1:colcon.colcon_core.package_identification:_identify(src/mobo_bot) by extensions ['python_setup_py']
[0.164s] Level 1:colcon.colcon_core.package_identification:_identify(src/mobo_bot) by extension 'python_setup_py'
[0.164s] Level 1:colcon.colcon_core.package_identification:_identify(src/mobo_bot/docs) by extensions ['ignore', 'ignore_ament_install']
[0.164s] Level 1:colcon.colcon_core.package_identification:_identify(src/mobo_bot/docs) by extension 'ignore'
[0.164s] Level 1:colcon.colcon_core.package_identification:_identify(src/mobo_bot/docs) by extension 'ignore_ament_install'
[0.164s] Level 1:colcon.colcon_core.package_identification:_identify(src/mobo_bot/docs) by extensions ['colcon_pkg']
[0.164s] Level 1:colcon.colcon_core.package_identification:_identify(src/mobo_bot/docs) by extension 'colcon_pkg'
[0.164s] Level 1:colcon.colcon_core.package_identification:_identify(src/mobo_bot/docs) by extensions ['colcon_meta']
[0.165s] Level 1:colcon.colcon_core.package_identification:_identify(src/mobo_bot/docs) by extension 'colcon_meta'
[0.165s] Level 1:colcon.colcon_core.package_identification:_identify(src/mobo_bot/docs) by extensions ['ros']
[0.165s] Level 1:colcon.colcon_core.package_identification:_identify(src/mobo_bot/docs) by extension 'ros'
[0.165s] Level 1:colcon.colcon_core.package_identification:_identify(src/mobo_bot/docs) by extensions ['cmake', 'python']
[0.165s] Level 1:colcon.colcon_core.package_identification:_identify(src/mobo_bot/docs) by extension 'cmake'
[0.165s] Level 1:colcon.colcon_core.package_identification:_identify(src/mobo_bot/docs) by extension 'python'
[0.165s] Level 1:colcon.colcon_core.package_identification:_identify(src/mobo_bot/docs) by extensions ['python_setup_py']
[0.165s] Level 1:colcon.colcon_core.package_identification:_identify(src/mobo_bot/docs) by extension 'python_setup_py'
[0.165s] Level 1:colcon.colcon_core.package_identification:_identify(src/mobo_bot/mobo_bot_base) by extensions ['ignore', 'ignore_ament_install']
[0.165s] Level 1:colcon.colcon_core.package_identification:_identify(src/mobo_bot/mobo_bot_base) by extension 'ignore'
[0.165s] Level 1:colcon.colcon_core.package_identification:_identify(src/mobo_bot/mobo_bot_base) by extension 'ignore_ament_install'
[0.165s] Level 1:colcon.colcon_core.package_identification:_identify(src/mobo_bot/mobo_bot_base) by extensions ['colcon_pkg']
[0.165s] Level 1:colcon.colcon_core.package_identification:_identify(src/mobo_bot/mobo_bot_base) by extension 'colcon_pkg'
[0.165s] Level 1:colcon.colcon_core.package_identification:_identify(src/mobo_bot/mobo_bot_base) by extensions ['colcon_meta']
[0.165s] Level 1:colcon.colcon_core.package_identification:_identify(src/mobo_bot/mobo_bot_base) by extension 'colcon_meta'
[0.165s] Level 1:colcon.colcon_core.package_identification:_identify(src/mobo_bot/mobo_bot_base) by extensions ['ros']
[0.165s] Level 1:colcon.colcon_core.package_identification:_identify(src/mobo_bot/mobo_bot_base) by extension 'ros'
[0.166s] DEBUG:colcon.colcon_core.package_identification:Package 'src/mobo_bot/mobo_bot_base' with type 'ros.ament_cmake' and name 'mobo_bot_base'
[0.166s] Level 1:colcon.colcon_core.package_identification:_identify(src/mobo_bot/mobo_bot_bringup) by extensions ['ignore', 'ignore_ament_install']
[0.166s] Level 1:colcon.colcon_core.package_identification:_identify(src/mobo_bot/mobo_bot_bringup) by extension 'ignore'
[0.166s] Level 1:colcon.colcon_core.package_identification:_identify(src/mobo_bot/mobo_bot_bringup) by extension 'ignore_ament_install'
[0.166s] Level 1:colcon.colcon_core.package_identification:_identify(src/mobo_bot/mobo_bot_bringup) by extensions ['colcon_pkg']
[0.166s] Level 1:colcon.colcon_core.package_identification:_identify(src/mobo_bot/mobo_bot_bringup) by extension 'colcon_pkg'
[0.166s] Level 1:colcon.colcon_core.package_identification:_identify(src/mobo_bot/mobo_bot_bringup) by extensions ['colcon_meta']
[0.166s] Level 1:colcon.colcon_core.package_identification:_identify(src/mobo_bot/mobo_bot_bringup) by extension 'colcon_meta'
[0.166s] Level 1:colcon.colcon_core.package_identification:_identify(src/mobo_bot/mobo_bot_bringup) by extensions ['ros']
[0.166s] Level 1:colcon.colcon_core.package_identification:_identify(src/mobo_bot/mobo_bot_bringup) by extension 'ros'
[0.167s] DEBUG:colcon.colcon_core.package_identification:Package 'src/mobo_bot/mobo_bot_bringup' with type 'ros.ament_cmake' and name 'mobo_bot_bringup'
[0.167s] Level 1:colcon.colcon_core.package_identification:_identify(src/mobo_bot/mobo_bot_description) by extensions ['ignore', 'ignore_ament_install']
[0.167s] Level 1:colcon.colcon_core.package_identification:_identify(src/mobo_bot/mobo_bot_description) by extension 'ignore'
[0.167s] Level 1:colcon.colcon_core.package_identification:_identify(src/mobo_bot/mobo_bot_description) by extension 'ignore_ament_install'
[0.167s] Level 1:colcon.colcon_core.package_identification:_identify(src/mobo_bot/mobo_bot_description) by extensions ['colcon_pkg']
[0.167s] Level 1:colcon.colcon_core.package_identification:_identify(src/mobo_bot/mobo_bot_description) by extension 'colcon_pkg'
[0.167s] Level 1:colcon.colcon_core.package_identification:_identify(src/mobo_bot/mobo_bot_description) by extensions ['colcon_meta']
[0.167s] Level 1:colcon.colcon_core.package_identification:_identify(src/mobo_bot/mobo_bot_description) by extension 'colcon_meta'
[0.167s] Level 1:colcon.colcon_core.package_identification:_identify(src/mobo_bot/mobo_bot_description) by extensions ['ros']
[0.167s] Level 1:colcon.colcon_core.package_identification:_identify(src/mobo_bot/mobo_bot_description) by extension 'ros'
[0.167s] DEBUG:colcon.colcon_core.package_identification:Package 'src/mobo_bot/mobo_bot_description' with type 'ros.ament_cmake' and name 'mobo_bot_description'
[0.167s] Level 1:colcon.colcon_core.package_identification:_identify(src/mobo_bot/mobo_bot_navigation) by extensions ['ignore', 'ignore_ament_install']
[0.167s] Level 1:colcon.colcon_core.package_identification:_identify(src/mobo_bot/mobo_bot_navigation) by extension 'ignore'
[0.167s] Level 1:colcon.colcon_core.package_identification:_identify(src/mobo_bot/mobo_bot_navigation) by extension 'ignore_ament_install'
[0.167s] Level 1:colcon.colcon_core.package_identification:_identify(src/mobo_bot/mobo_bot_navigation) by extensions ['colcon_pkg']
[0.167s] Level 1:colcon.colcon_core.package_identification:_identify(src/mobo_bot/mobo_bot_navigation) by extension 'colcon_pkg'
[0.167s] Level 1:colcon.colcon_core.package_identification:_identify(src/mobo_bot/mobo_bot_navigation) by extensions ['colcon_meta']
[0.167s] Level 1:colcon.colcon_core.package_identification:_identify(src/mobo_bot/mobo_bot_navigation) by extension 'colcon_meta'
[0.167s] Level 1:colcon.colcon_core.package_identification:_identify(src/mobo_bot/mobo_bot_navigation) by extensions ['ros']
[0.167s] Level 1:colcon.colcon_core.package_identification:_identify(src/mobo_bot/mobo_bot_navigation) by extension 'ros'
[0.168s] DEBUG:colcon.colcon_core.package_identification:Package 'src/mobo_bot/mobo_bot_navigation' with type 'ros.ament_cmake' and name 'mobo_bot_navigation'
[0.168s] Level 1:colcon.colcon_core.package_identification:_identify(src/mobo_bot/mobo_bot_rviz) by extensions ['ignore', 'ignore_ament_install']
[0.168s] Level 1:colcon.colcon_core.package_identification:_identify(src/mobo_bot/mobo_bot_rviz) by extension 'ignore'
[0.168s] Level 1:colcon.colcon_core.package_identification:_identify(src/mobo_bot/mobo_bot_rviz) by extension 'ignore_ament_install'
[0.168s] Level 1:colcon.colcon_core.package_identification:_identify(src/mobo_bot/mobo_bot_rviz) by extensions ['colcon_pkg']
[0.168s] Level 1:colcon.colcon_core.package_identification:_identify(src/mobo_bot/mobo_bot_rviz) by extension 'colcon_pkg'
[0.168s] Level 1:colcon.colcon_core.package_identification:_identify(src/mobo_bot/mobo_bot_rviz) by extensions ['colcon_meta']
[0.168s] Level 1:colcon.colcon_core.package_identification:_identify(src/mobo_bot/mobo_bot_rviz) by extension 'colcon_meta'
[0.168s] Level 1:colcon.colcon_core.package_identification:_identify(src/mobo_bot/mobo_bot_rviz) by extensions ['ros']
[0.168s] Level 1:colcon.colcon_core.package_identification:_identify(src/mobo_bot/mobo_bot_rviz) by extension 'ros'
[0.168s] DEBUG:colcon.colcon_core.package_identification:Package 'src/mobo_bot/mobo_bot_rviz' with type 'ros.ament_cmake' and name 'mobo_bot_rviz'
[0.168s] Level 1:colcon.colcon_core.package_identification:_identify(src/mobo_bot/mobo_bot_sim) by extensions ['ignore', 'ignore_ament_install']
[0.168s] Level 1:colcon.colcon_core.package_identification:_identify(src/mobo_bot/mobo_bot_sim) by extension 'ignore'
[0.168s] Level 1:colcon.colcon_core.package_identification:_identify(src/mobo_bot/mobo_bot_sim) by extension 'ignore_ament_install'
[0.168s] Level 1:colcon.colcon_core.package_identification:_identify(src/mobo_bot/mobo_bot_sim) by extensions ['colcon_pkg']
[0.169s] Level 1:colcon.colcon_core.package_identification:_identify(src/mobo_bot/mobo_bot_sim) by extension 'colcon_pkg'
[0.169s] Level 1:colcon.colcon_core.package_identification:_identify(src/mobo_bot/mobo_bot_sim) by extensions ['colcon_meta']
[0.169s] Level 1:colcon.colcon_core.package_identification:_identify(src/mobo_bot/mobo_bot_sim) by extension 'colcon_meta'
[0.169s] Level 1:colcon.colcon_core.package_identification:_identify(src/mobo_bot/mobo_bot_sim) by extensions ['ros']
[0.169s] Level 1:colcon.colcon_core.package_identification:_identify(src/mobo_bot/mobo_bot_sim) by extension 'ros'
[0.169s] DEBUG:colcon.colcon_core.package_identification:Package 'src/mobo_bot/mobo_bot_sim' with type 'ros.ament_cmake' and name 'mobo_bot_sim'
[0.169s] Level 1:colcon.colcon_core.package_discovery:discover_packages(recursive) using defaults
[0.169s] Level 1:colcon.colcon_core.package_discovery:discover_packages(ignore) discover
[0.169s] Level 1:colcon.colcon_core.package_discovery:discover_packages(ignore) using defaults
[0.169s] Level 1:colcon.colcon_core.package_discovery:discover_packages(path) discover
[0.169s] Level 1:colcon.colcon_core.package_discovery:discover_packages(path) using defaults
[0.188s] Level 1:colcon.colcon_core.package_discovery:discover_packages(prefix_path) check parameters
[0.188s] Level 1:colcon.colcon_core.package_discovery:discover_packages(prefix_path) discover
[0.190s] DEBUG:colcon.colcon_installed_package_information.package_discovery:Found 383 installed packages in /opt/ros/humble
[0.191s] Level 1:colcon.colcon_core.package_discovery:discover_packages(prefix_path) using defaults
[0.215s] Level 5:colcon.colcon_core.verb:set package 'arrow_key_teleop_drive' build argument 'cmake_args' from command line to 'None'
[0.215s] Level 5:colcon.colcon_core.verb:set package 'arrow_key_teleop_drive' build argument 'cmake_target' from command line to 'None'
[0.215s] Level 5:colcon.colcon_core.verb:set package 'arrow_key_teleop_drive' build argument 'cmake_target_skip_unavailable' from command line to 'False'
[0.215s] Level 5:colcon.colcon_core.verb:set package 'arrow_key_teleop_drive' build argument 'cmake_clean_cache' from command line to 'False'
[0.215s] Level 5:colcon.colcon_core.verb:set package 'arrow_key_teleop_drive' build argument 'cmake_clean_first' from command line to 'False'
[0.215s] Level 5:colcon.colcon_core.verb:set package 'arrow_key_teleop_drive' build argument 'cmake_force_configure' from command line to 'False'
[0.215s] Level 5:colcon.colcon_core.verb:set package 'arrow_key_teleop_drive' build argument 'ament_cmake_args' from command line to 'None'
[0.215s] Level 5:colcon.colcon_core.verb:set package 'arrow_key_teleop_drive' build argument 'catkin_cmake_args' from command line to 'None'
[0.215s] Level 5:colcon.colcon_core.verb:set package 'arrow_key_teleop_drive' build argument 'catkin_skip_building_tests' from command line to 'False'
[0.215s] DEBUG:colcon.colcon_core.verb:Building package 'arrow_key_teleop_drive' with the following arguments: {'ament_cmake_args': None, 'build_base': '/home/rohan87/mobo_bot_ws/build/arrow_key_teleop_drive', 'catkin_cmake_args': None, 'catkin_skip_building_tests': False, 'cmake_args': None, 'cmake_clean_cache': False, 'cmake_clean_first': False, 'cmake_force_configure': False, 'cmake_target': None, 'cmake_target_skip_unavailable': False, 'install_base': '/home/rohan87/mobo_bot_ws/install/arrow_key_teleop_drive', 'merge_install': False, 'path': '/home/rohan87/mobo_bot_ws/src/arrow_key_teleop_drive', 'symlink_install': False, 'test_result_base': None}
[0.215s] Level 5:colcon.colcon_core.verb:set package 'mobo_bot_base' build argument 'cmake_args' from command line to 'None'
[0.215s] Level 5:colcon.colcon_core.verb:set package 'mobo_bot_base' build argument 'cmake_target' from command line to 'None'
[0.215s] Level 5:colcon.colcon_core.verb:set package 'mobo_bot_base' build argument 'cmake_target_skip_unavailable' from command line to 'False'
[0.215s] Level 5:colcon.colcon_core.verb:set package 'mobo_bot_base' build argument 'cmake_clean_cache' from command line to 'False'
[0.215s] Level 5:colcon.colcon_core.verb:set package 'mobo_bot_base' build argument 'cmake_clean_first' from command line to 'False'
[0.215s] Level 5:colcon.colcon_core.verb:set package 'mobo_bot_base' build argument 'cmake_force_configure' from command line to 'False'
[0.215s] Level 5:colcon.colcon_core.verb:set package 'mobo_bot_base' build argument 'ament_cmake_args' from command line to 'None'
[0.215s] Level 5:colcon.colcon_core.verb:set package 'mobo_bot_base' build argument 'catkin_cmake_args' from command line to 'None'
[0.215s] Level 5:colcon.colcon_core.verb:set package 'mobo_bot_base' build argument 'catkin_skip_building_tests' from command line to 'False'
[0.215s] DEBUG:colcon.colcon_core.verb:Building package 'mobo_bot_base' with the following arguments: {'ament_cmake_args': None, 'build_base': '/home/rohan87/mobo_bot_ws/build/mobo_bot_base', 'catkin_cmake_args': None, 'catkin_skip_building_tests': False, 'cmake_args': None, 'cmake_clean_cache': False, 'cmake_clean_first': False, 'cmake_force_configure': False, 'cmake_target': None, 'cmake_target_skip_unavailable': False, 'install_base': '/home/rohan87/mobo_bot_ws/install/mobo_bot_base', 'merge_install': False, 'path': '/home/rohan87/mobo_bot_ws/src/mobo_bot/mobo_bot_base', 'symlink_install': False, 'test_result_base': None}
[0.215s] Level 5:colcon.colcon_core.verb:set package 'mobo_bot_bringup' build argument 'cmake_args' from command line to 'None'
[0.215s] Level 5:colcon.colcon_core.verb:set package 'mobo_bot_bringup' build argument 'cmake_target' from command line to 'None'
[0.215s] Level 5:colcon.colcon_core.verb:set package 'mobo_bot_bringup' build argument 'cmake_target_skip_unavailable' from command line to 'False'
[0.215s] Level 5:colcon.colcon_core.verb:set package 'mobo_bot_bringup' build argument 'cmake_clean_cache' from command line to 'False'
[0.215s] Level 5:colcon.colcon_core.verb:set package 'mobo_bot_bringup' build argument 'cmake_clean_first' from command line to 'False'
[0.215s] Level 5:colcon.colcon_core.verb:set package 'mobo_bot_bringup' build argument 'cmake_force_configure' from command line to 'False'
[0.215s] Level 5:colcon.colcon_core.verb:set package 'mobo_bot_bringup' build argument 'ament_cmake_args' from command line to 'None'
[0.215s] Level 5:colcon.colcon_core.verb:set package 'mobo_bot_bringup' build argument 'catkin_cmake_args' from command line to 'None'
[0.215s] Level 5:colcon.colcon_core.verb:set package 'mobo_bot_bringup' build argument 'catkin_skip_building_tests' from command line to 'False'
[0.215s] DEBUG:colcon.colcon_core.verb:Building package 'mobo_bot_bringup' with the following arguments: {'ament_cmake_args': None, 'build_base': '/home/rohan87/mobo_bot_ws/build/mobo_bot_bringup', 'catkin_cmake_args': None, 'catkin_skip_building_tests': False, 'cmake_args': None, 'cmake_clean_cache': False, 'cmake_clean_first': False, 'cmake_force_configure': False, 'cmake_target': None, 'cmake_target_skip_unavailable': False, 'install_base': '/home/rohan87/mobo_bot_ws/install/mobo_bot_bringup', 'merge_install': False, 'path': '/home/rohan87/mobo_bot_ws/src/mobo_bot/mobo_bot_bringup', 'symlink_install': False, 'test_result_base': None}
[0.216s] Level 5:colcon.colcon_core.verb:set package 'mobo_bot_description' build argument 'cmake_args' from command line to 'None'
[0.216s] Level 5:colcon.colcon_core.verb:set package 'mobo_bot_description' build argument 'cmake_target' from command line to 'None'
[0.216s] Level 5:colcon.colcon_core.verb:set package 'mobo_bot_description' build argument 'cmake_target_skip_unavailable' from command line to 'False'
[0.216s] Level 5:colcon.colcon_core.verb:set package 'mobo_bot_description' build argument 'cmake_clean_cache' from command line to 'False'
[0.216s] Level 5:colcon.colcon_core.verb:set package 'mobo_bot_description' build argument 'cmake_clean_first' from command line to 'False'
[0.216s] Level 5:colcon.colcon_core.verb:set package 'mobo_bot_description' build argument 'cmake_force_configure' from command line to 'False'
[0.216s] Level 5:colcon.colcon_core.verb:set package 'mobo_bot_description' build argument 'ament_cmake_args' from command line to 'None'
[0.216s] Level 5:colcon.colcon_core.verb:set package 'mobo_bot_description' build argument 'catkin_cmake_args' from command line to 'None'
[0.216s] Level 5:colcon.colcon_core.verb:set package 'mobo_bot_description' build argument 'catkin_skip_building_tests' from command line to 'False'
[0.216s] DEBUG:colcon.colcon_core.verb:Building package 'mobo_bot_description' with the following arguments: {'ament_cmake_args': None, 'build_base': '/home/rohan87/mobo_bot_ws/build/mobo_bot_description', 'catkin_cmake_args': None, 'catkin_skip_building_tests': False, 'cmake_args': None, 'cmake_clean_cache': False, 'cmake_clean_first': False, 'cmake_force_configure': False, 'cmake_target': None, 'cmake_target_skip_unavailable': False, 'install_base': '/home/rohan87/mobo_bot_ws/install/mobo_bot_description', 'merge_install': False, 'path': '/home/rohan87/mobo_bot_ws/src/mobo_bot/mobo_bot_description', 'symlink_install': False, 'test_result_base': None}
[0.216s] Level 5:colcon.colcon_core.verb:set package 'mobo_bot_navigation' build argument 'cmake_args' from command line to 'None'
[0.216s] Level 5:colcon.colcon_core.verb:set package 'mobo_bot_navigation' build argument 'cmake_target' from command line to 'None'
[0.216s] Level 5:colcon.colcon_core.verb:set package 'mobo_bot_navigation' build argument 'cmake_target_skip_unavailable' from command line to 'False'
[0.216s] Level 5:colcon.colcon_core.verb:set package 'mobo_bot_navigation' build argument 'cmake_clean_cache' from command line to 'False'
[0.216s] Level 5:colcon.colcon_core.verb:set package 'mobo_bot_navigation' build argument 'cmake_clean_first' from command line to 'False'
[0.216s] Level 5:colcon.colcon_core.verb:set package 'mobo_bot_navigation' build argument 'cmake_force_configure' from command line to 'False'
[0.216s] Level 5:colcon.colcon_core.verb:set package 'mobo_bot_navigation' build argument 'ament_cmake_args' from command line to 'None'
[0.216s] Level 5:colcon.colcon_core.verb:set package 'mobo_bot_navigation' build argument 'catkin_cmake_args' from command line to 'None'
[0.216s] Level 5:colcon.colcon_core.verb:set package 'mobo_bot_navigation' build argument 'catkin_skip_building_tests' from command line to 'False'
[0.216s] DEBUG:colcon.colcon_core.verb:Building package 'mobo_bot_navigation' with the following arguments: {'ament_cmake_args': None, 'build_base': '/home/rohan87/mobo_bot_ws/build/mobo_bot_navigation', 'catkin_cmake_args': None, 'catkin_skip_building_tests': False, 'cmake_args': None, 'cmake_clean_cache': False, 'cmake_clean_first': False, 'cmake_force_configure': False, 'cmake_target': None, 'cmake_target_skip_unavailable': False, 'install_base': '/home/rohan87/mobo_bot_ws/install/mobo_bot_navigation', 'merge_install': False, 'path': '/home/rohan87/mobo_bot_ws/src/mobo_bot/mobo_bot_navigation', 'symlink_install': False, 'test_result_base': None}
[0.216s] Level 5:colcon.colcon_core.verb:set package 'mobo_bot_rviz' build argument 'cmake_args' from command line to 'None'
[0.216s] Level 5:colcon.colcon_core.verb:set package 'mobo_bot_rviz' build argument 'cmake_target' from command line to 'None'
[0.216s] Level 5:colcon.colcon_core.verb:set package 'mobo_bot_rviz' build argument 'cmake_target_skip_unavailable' from command line to 'False'
[0.216s] Level 5:colcon.colcon_core.verb:set package 'mobo_bot_rviz' build argument 'cmake_clean_cache' from command line to 'False'
[0.216s] Level 5:colcon.colcon_core.verb:set package 'mobo_bot_rviz' build argument 'cmake_clean_first' from command line to 'False'
[0.216s] Level 5:colcon.colcon_core.verb:set package 'mobo_bot_rviz' build argument 'cmake_force_configure' from command line to 'False'
[0.216s] Level 5:colcon.colcon_core.verb:set package 'mobo_bot_rviz' build argument 'ament_cmake_args' from command line to 'None'
[0.216s] Level 5:colcon.colcon_core.verb:set package 'mobo_bot_rviz' build argument 'catkin_cmake_args' from command line to 'None'
[0.216s] Level 5:colcon.colcon_core.verb:set package 'mobo_bot_rviz' build argument 'catkin_skip_building_tests' from command line to 'False'
[0.216s] DEBUG:colcon.colcon_core.verb:Building package 'mobo_bot_rviz' with the following arguments: {'ament_cmake_args': None, 'build_base': '/home/rohan87/mobo_bot_ws/build/mobo_bot_rviz', 'catkin_cmake_args': None, 'catkin_skip_building_tests': False, 'cmake_args': None, 'cmake_clean_cache': False, 'cmake_clean_first': False, 'cmake_force_configure': False, 'cmake_target': None, 'cmake_target_skip_unavailable': False, 'install_base': '/home/rohan87/mobo_bot_ws/install/mobo_bot_rviz', 'merge_install': False, 'path': '/home/rohan87/mobo_bot_ws/src/mobo_bot/mobo_bot_rviz', 'symlink_install': False, 'test_result_base': None}
[0.216s] Level 5:colcon.colcon_core.verb:set package 'mobo_bot_sim' build argument 'cmake_args' from command line to 'None'
[0.216s] Level 5:colcon.colcon_core.verb:set package 'mobo_bot_sim' build argument 'cmake_target' from command line to 'None'
[0.216s] Level 5:colcon.colcon_core.verb:set package 'mobo_bot_sim' build argument 'cmake_target_skip_unavailable' from command line to 'False'
[0.216s] Level 5:colcon.colcon_core.verb:set package 'mobo_bot_sim' build argument 'cmake_clean_cache' from command line to 'False'
[0.216s] Level 5:colcon.colcon_core.verb:set package 'mobo_bot_sim' build argument 'cmake_clean_first' from command line to 'False'
[0.216s] Level 5:colcon.colcon_core.verb:set package 'mobo_bot_sim' build argument 'cmake_force_configure' from command line to 'False'
[0.216s] Level 5:colcon.colcon_core.verb:set package 'mobo_bot_sim' build argument 'ament_cmake_args' from command line to 'None'
[0.216s] Level 5:colcon.colcon_core.verb:set package 'mobo_bot_sim' build argument 'catkin_cmake_args' from command line to 'None'
[0.217s] Level 5:colcon.colcon_core.verb:set package 'mobo_bot_sim' build argument 'catkin_skip_building_tests' from command line to 'False'
[0.217s] DEBUG:colcon.colcon_core.verb:Building package 'mobo_bot_sim' with the following arguments: {'ament_cmake_args': None, 'build_base': '/home/rohan87/mobo_bot_ws/build/mobo_bot_sim', 'catkin_cmake_args': None, 'catkin_skip_building_tests': False, 'cmake_args': None, 'cmake_clean_cache': False, 'cmake_clean_first': False, 'cmake_force_configure': False, 'cmake_target': None, 'cmake_target_skip_unavailable': False, 'install_base': '/home/rohan87/mobo_bot_ws/install/mobo_bot_sim', 'merge_install': False, 'path': '/home/rohan87/mobo_bot_ws/src/mobo_bot/mobo_bot_sim', 'symlink_install': False, 'test_result_base': None}
[0.217s] INFO:colcon.colcon_core.executor:Executing jobs using 'parallel' executor
[0.217s] DEBUG:colcon.colcon_parallel_executor.executor.parallel:run_until_complete
[0.218s] INFO:colcon.colcon_ros.task.ament_python.build:Building ROS package in '/home/rohan87/mobo_bot_ws/src/arrow_key_teleop_drive' with build type 'ament_python'
[0.218s] Level 1:colcon.colcon_core.shell:create_environment_hook('arrow_key_teleop_drive', 'ament_prefix_path')
[0.219s] INFO:colcon.colcon_core.plugin_system:Skipping extension 'colcon_core.shell.bat': Not used on non-Windows systems
[0.219s] INFO:colcon.colcon_core.shell:Creating environment hook '/home/rohan87/mobo_bot_ws/install/arrow_key_teleop_drive/share/arrow_key_teleop_drive/hook/ament_prefix_path.ps1'
[0.220s] INFO:colcon.colcon_core.shell:Creating environment descriptor '/home/rohan87/mobo_bot_ws/install/arrow_key_teleop_drive/share/arrow_key_teleop_drive/hook/ament_prefix_path.dsv'
[0.220s] INFO:colcon.colcon_core.shell:Creating environment hook '/home/rohan87/mobo_bot_ws/install/arrow_key_teleop_drive/share/arrow_key_teleop_drive/hook/ament_prefix_path.sh'
[0.220s] INFO:colcon.colcon_core.shell:Skip shell extension 'powershell' for command environment: Not usable outside of PowerShell
[0.220s] DEBUG:colcon.colcon_core.shell:Skip shell extension 'dsv' for command environment
[0.222s] INFO:colcon.colcon_ros.task.ament_cmake.build:Building ROS package in '/home/rohan87/mobo_bot_ws/src/mobo_bot/mobo_bot_base' with build type 'ament_cmake'
[0.222s] INFO:colcon.colcon_cmake.task.cmake.build:Building CMake package in '/home/rohan87/mobo_bot_ws/src/mobo_bot/mobo_bot_base'
[0.222s] INFO:colcon.colcon_core.shell:Skip shell extension 'powershell' for command environment: Not usable outside of PowerShell
[0.222s] DEBUG:colcon.colcon_core.shell:Skip shell extension 'dsv' for command environment
[0.224s] INFO:colcon.colcon_ros.task.ament_cmake.build:Building ROS package in '/home/rohan87/mobo_bot_ws/src/mobo_bot/mobo_bot_bringup' with build type 'ament_cmake'
[0.224s] INFO:colcon.colcon_cmake.task.cmake.build:Building CMake package in '/home/rohan87/mobo_bot_ws/src/mobo_bot/mobo_bot_bringup'
[0.224s] INFO:colcon.colcon_core.shell:Skip shell extension 'powershell' for command environment: Not usable outside of PowerShell
[0.224s] DEBUG:colcon.colcon_core.shell:Skip shell extension 'dsv' for command environment
[0.225s] INFO:colcon.colcon_ros.task.ament_cmake.build:Building ROS package in '/home/rohan87/mobo_bot_ws/src/mobo_bot/mobo_bot_description' with build type 'ament_cmake'
[0.225s] INFO:colcon.colcon_cmake.task.cmake.build:Building CMake package in '/home/rohan87/mobo_bot_ws/src/mobo_bot/mobo_bot_description'
[0.225s] INFO:colcon.colcon_core.shell:Skip shell extension 'powershell' for command environment: Not usable outside of PowerShell
[0.225s] DEBUG:colcon.colcon_core.shell:Skip shell extension 'dsv' for command environment
[0.227s] INFO:colcon.colcon_ros.task.ament_cmake.build:Building ROS package in '/home/rohan87/mobo_bot_ws/src/mobo_bot/mobo_bot_navigation' with build type 'ament_cmake'
[0.227s] INFO:colcon.colcon_cmake.task.cmake.build:Building CMake package in '/home/rohan87/mobo_bot_ws/src/mobo_bot/mobo_bot_navigation'
[0.227s] INFO:colcon.colcon_core.shell:Skip shell extension 'powershell' for command environment: Not usable outside of PowerShell
[0.227s] DEBUG:colcon.colcon_core.shell:Skip shell extension 'dsv' for command environment
[0.229s] INFO:colcon.colcon_ros.task.ament_cmake.build:Building ROS package in '/home/rohan87/mobo_bot_ws/src/mobo_bot/mobo_bot_rviz' with build type 'ament_cmake'
[0.229s] INFO:colcon.colcon_cmake.task.cmake.build:Building CMake package in '/home/rohan87/mobo_bot_ws/src/mobo_bot/mobo_bot_rviz'
[0.229s] INFO:colcon.colcon_core.shell:Skip shell extension 'powershell' for command environment: Not usable outside of PowerShell
[0.229s] DEBUG:colcon.colcon_core.shell:Skip shell extension 'dsv' for command environment
[0.231s] INFO:colcon.colcon_ros.task.ament_cmake.build:Building ROS package in '/home/rohan87/mobo_bot_ws/src/mobo_bot/mobo_bot_sim' with build type 'ament_cmake'
[0.231s] INFO:colcon.colcon_cmake.task.cmake.build:Building CMake package in '/home/rohan87/mobo_bot_ws/src/mobo_bot/mobo_bot_sim'
[0.231s] INFO:colcon.colcon_core.shell:Skip shell extension 'powershell' for command environment: Not usable outside of PowerShell
[0.231s] DEBUG:colcon.colcon_core.shell:Skip shell extension 'dsv' for command environment
[0.386s] INFO:colcon.colcon_core.task.python.build:Building Python package in '/home/rohan87/mobo_bot_ws/src/arrow_key_teleop_drive'
[0.386s] INFO:colcon.colcon_core.shell:Skip shell extension 'powershell' for command environment: Not usable outside of PowerShell
[0.386s] DEBUG:colcon.colcon_core.shell:Skip shell extension 'dsv' for command environment
[0.390s] DEBUG:colcon.colcon_core.event_handler.log_command:Invoking command in '/home/rohan87/mobo_bot_ws/build/mobo_bot_base': CMAKE_PREFIX_PATH=/opt/ros/humble /usr/bin/cmake /home/rohan87/mobo_bot_ws/src/mobo_bot/mobo_bot_base -DCMAKE_INSTALL_PREFIX=/home/rohan87/mobo_bot_ws/install/mobo_bot_base
[0.391s] DEBUG:colcon.colcon_core.event_handler.log_command:Invoking command in '/home/rohan87/mobo_bot_ws/build/mobo_bot_bringup': CMAKE_PREFIX_PATH=/opt/ros/humble /usr/bin/cmake /home/rohan87/mobo_bot_ws/src/mobo_bot/mobo_bot_bringup -DCMAKE_INSTALL_PREFIX=/home/rohan87/mobo_bot_ws/install/mobo_bot_bringup
[0.393s] DEBUG:colcon.colcon_core.event_handler.log_command:Invoking command in '/home/rohan87/mobo_bot_ws/build/mobo_bot_description': CMAKE_PREFIX_PATH=/opt/ros/humble /usr/bin/cmake /home/rohan87/mobo_bot_ws/src/mobo_bot/mobo_bot_description -DCMAKE_INSTALL_PREFIX=/home/rohan87/mobo_bot_ws/install/mobo_bot_description
[0.394s] DEBUG:colcon.colcon_core.event_handler.log_command:Invoking command in '/home/rohan87/mobo_bot_ws/build/mobo_bot_navigation': CMAKE_PREFIX_PATH=/opt/ros/humble /usr/bin/cmake /home/rohan87/mobo_bot_ws/src/mobo_bot/mobo_bot_navigation -DCMAKE_INSTALL_PREFIX=/home/rohan87/mobo_bot_ws/install/mobo_bot_navigation
[0.396s] DEBUG:colcon.colcon_core.event_handler.log_command:Invoking command in '/home/rohan87/mobo_bot_ws/build/mobo_bot_rviz': CMAKE_PREFIX_PATH=/opt/ros/humble /usr/bin/cmake /home/rohan87/mobo_bot_ws/src/mobo_bot/mobo_bot_rviz -DCMAKE_INSTALL_PREFIX=/home/rohan87/mobo_bot_ws/install/mobo_bot_rviz
[0.402s] DEBUG:colcon.colcon_core.event_handler.log_command:Invoking command in '/home/rohan87/mobo_bot_ws/build/mobo_bot_sim': CMAKE_PREFIX_PATH=/opt/ros/humble /usr/bin/cmake /home/rohan87/mobo_bot_ws/src/mobo_bot/mobo_bot_sim -DCMAKE_INSTALL_PREFIX=/home/rohan87/mobo_bot_ws/install/mobo_bot_sim
[0.565s] DEBUG:colcon.colcon_core.event_handler.log_command:Invoked command in '/home/rohan87/mobo_bot_ws/build/mobo_bot_rviz' returned '0': CMAKE_PREFIX_PATH=/opt/ros/humble /usr/bin/cmake /home/rohan87/mobo_bot_ws/src/mobo_bot/mobo_bot_rviz -DCMAKE_INSTALL_PREFIX=/home/rohan87/mobo_bot_ws/install/mobo_bot_rviz
[0.566s] DEBUG:colcon.colcon_core.event_handler.log_command:Invoking command in '/home/rohan87/mobo_bot_ws/build/mobo_bot_rviz': CMAKE_PREFIX_PATH=/opt/ros/humble /usr/bin/cmake --build /home/rohan87/mobo_bot_ws/build/mobo_bot_rviz -- -j12 -l12
[0.567s] DEBUG:colcon.colcon_core.event_handler.log_command:Invoked command in '/home/rohan87/mobo_bot_ws/build/mobo_bot_navigation' returned '0': CMAKE_PREFIX_PATH=/opt/ros/humble /usr/bin/cmake /home/rohan87/mobo_bot_ws/src/mobo_bot/mobo_bot_navigation -DCMAKE_INSTALL_PREFIX=/home/rohan87/mobo_bot_ws/install/mobo_bot_navigation
[0.569s] DEBUG:colcon.colcon_core.event_handler.log_command:Invoking command in '/home/rohan87/mobo_bot_ws/build/mobo_bot_navigation': CMAKE_PREFIX_PATH=/opt/ros/humble /usr/bin/cmake --build /home/rohan87/mobo_bot_ws/build/mobo_bot_navigation -- -j12 -l12
[0.569s] DEBUG:colcon.colcon_core.event_handler.log_command:Invoked command in '/home/rohan87/mobo_bot_ws/build/mobo_bot_bringup' returned '0': CMAKE_PREFIX_PATH=/opt/ros/humble /usr/bin/cmake /home/rohan87/mobo_bot_ws/src/mobo_bot/mobo_bot_bringup -DCMAKE_INSTALL_PREFIX=/home/rohan87/mobo_bot_ws/install/mobo_bot_bringup
[0.570s] DEBUG:colcon.colcon_core.event_handler.log_command:Invoking command in '/home/rohan87/mobo_bot_ws/build/mobo_bot_bringup': CMAKE_PREFIX_PATH=/opt/ros/humble /usr/bin/cmake --build /home/rohan87/mobo_bot_ws/build/mobo_bot_bringup -- -j12 -l12
[0.593s] DEBUG:colcon.colcon_core.event_handler.log_command:Invoked command in '/home/rohan87/mobo_bot_ws/build/mobo_bot_rviz' returned '0': CMAKE_PREFIX_PATH=/opt/ros/humble /usr/bin/cmake --build /home/rohan87/mobo_bot_ws/build/mobo_bot_rviz -- -j12 -l12
[0.601s] DEBUG:colcon.colcon_core.event_handler.log_command:Invoking command in '/home/rohan87/mobo_bot_ws/build/mobo_bot_rviz': CMAKE_PREFIX_PATH=/opt/ros/humble /usr/bin/cmake --install /home/rohan87/mobo_bot_ws/build/mobo_bot_rviz
[0.603s] DEBUG:colcon.colcon_core.event_handler.log_command:Invoked command in '/home/rohan87/mobo_bot_ws/build/mobo_bot_sim' returned '0': CMAKE_PREFIX_PATH=/opt/ros/humble /usr/bin/cmake /home/rohan87/mobo_bot_ws/src/mobo_bot/mobo_bot_sim -DCMAKE_INSTALL_PREFIX=/home/rohan87/mobo_bot_ws/install/mobo_bot_sim
[0.603s] DEBUG:colcon.colcon_core.event_handler.log_command:Invoking command in '/home/rohan87/mobo_bot_ws/build/mobo_bot_sim': CMAKE_PREFIX_PATH=/opt/ros/humble /usr/bin/cmake --build /home/rohan87/mobo_bot_ws/build/mobo_bot_sim -- -j12 -l12
[0.604s] DEBUG:colcon.colcon_core.event_handler.log_command:Invoked command in '/home/rohan87/mobo_bot_ws/build/mobo_bot_bringup' returned '0': CMAKE_PREFIX_PATH=/opt/ros/humble /usr/bin/cmake --build /home/rohan87/mobo_bot_ws/build/mobo_bot_bringup -- -j12 -l12
[0.605s] DEBUG:colcon.colcon_core.event_handler.log_command:Invoking command in '/home/rohan87/mobo_bot_ws/build/mobo_bot_bringup': CMAKE_PREFIX_PATH=/opt/ros/humble /usr/bin/cmake --install /home/rohan87/mobo_bot_ws/build/mobo_bot_bringup
[0.607s] DEBUG:colcon.colcon_core.event_handler.log_command:Invoked command in '/home/rohan87/mobo_bot_ws/build/mobo_bot_description' returned '0': CMAKE_PREFIX_PATH=/opt/ros/humble /usr/bin/cmake /home/rohan87/mobo_bot_ws/src/mobo_bot/mobo_bot_description -DCMAKE_INSTALL_PREFIX=/home/rohan87/mobo_bot_ws/install/mobo_bot_description
[0.608s] DEBUG:colcon.colcon_core.event_handler.log_command:Invoking command in '/home/rohan87/mobo_bot_ws/build/mobo_bot_description': CMAKE_PREFIX_PATH=/opt/ros/humble /usr/bin/cmake --build /home/rohan87/mobo_bot_ws/build/mobo_bot_description -- -j12 -l12
[0.611s] DEBUG:colcon.colcon_core.event_handler.log_command:Invoked command in '/home/rohan87/mobo_bot_ws/build/mobo_bot_navigation' returned '0': CMAKE_PREFIX_PATH=/opt/ros/humble /usr/bin/cmake --build /home/rohan87/mobo_bot_ws/build/mobo_bot_navigation -- -j12 -l12
[0.612s] DEBUG:colcon.colcon_core.event_handler.log_command:Invoking command in '/home/rohan87/mobo_bot_ws/build/mobo_bot_navigation': CMAKE_PREFIX_PATH=/opt/ros/humble /usr/bin/cmake --install /home/rohan87/mobo_bot_ws/build/mobo_bot_navigation
[0.616s] Level 1:colcon.colcon_core.environment:create_environment_scripts_only(mobo_bot_rviz)
[0.616s] DEBUG:colcon.colcon_core.event_handler.log_command:Invoked command in '/home/rohan87/mobo_bot_ws/build/mobo_bot_rviz' returned '0': CMAKE_PREFIX_PATH=/opt/ros/humble /usr/bin/cmake --install /home/rohan87/mobo_bot_ws/build/mobo_bot_rviz
[0.620s] Level 1:colcon.colcon_core.environment:checking '/home/rohan87/mobo_bot_ws/install/mobo_bot_rviz' for CMake module files
[0.620s] Level 1:colcon.colcon_core.environment:checking '/home/rohan87/mobo_bot_ws/install/mobo_bot_rviz' for CMake config files
[0.621s] Level 1:colcon.colcon_core.shell:create_environment_hook('mobo_bot_rviz', 'cmake_prefix_path')
[0.621s] INFO:colcon.colcon_core.shell:Creating environment hook '/home/rohan87/mobo_bot_ws/install/mobo_bot_rviz/share/mobo_bot_rviz/hook/cmake_prefix_path.ps1'
[0.621s] INFO:colcon.colcon_core.shell:Creating environment descriptor '/home/rohan87/mobo_bot_ws/install/mobo_bot_rviz/share/mobo_bot_rviz/hook/cmake_prefix_path.dsv'
[0.621s] INFO:colcon.colcon_core.shell:Creating environment hook '/home/rohan87/mobo_bot_ws/install/mobo_bot_rviz/share/mobo_bot_rviz/hook/cmake_prefix_path.sh'
[0.622s] Level 1:colcon.colcon_core.environment:checking '/home/rohan87/mobo_bot_ws/install/mobo_bot_rviz/bin'
[0.622s] Level 1:colcon.colcon_core.environment:checking '/home/rohan87/mobo_bot_ws/install/mobo_bot_rviz/lib/pkgconfig/mobo_bot_rviz.pc'
[0.622s] Level 1:colcon.colcon_core.environment:checking '/home/rohan87/mobo_bot_ws/install/mobo_bot_rviz/lib/python3.10/site-packages'
[0.622s] Level 1:colcon.colcon_core.environment:checking '/home/rohan87/mobo_bot_ws/install/mobo_bot_rviz/bin'
[0.622s] INFO:colcon.colcon_core.shell:Creating package script '/home/rohan87/mobo_bot_ws/install/mobo_bot_rviz/share/mobo_bot_rviz/package.ps1'
[0.624s] INFO:colcon.colcon_core.shell:Creating package descriptor '/home/rohan87/mobo_bot_ws/install/mobo_bot_rviz/share/mobo_bot_rviz/package.dsv'
[0.624s] INFO:colcon.colcon_core.shell:Creating package script '/home/rohan87/mobo_bot_ws/install/mobo_bot_rviz/share/mobo_bot_rviz/package.sh'
[0.625s] INFO:colcon.colcon_core.shell:Creating package script '/home/rohan87/mobo_bot_ws/install/mobo_bot_rviz/share/mobo_bot_rviz/package.bash'
[0.626s] INFO:colcon.colcon_core.shell:Creating package script '/home/rohan87/mobo_bot_ws/install/mobo_bot_rviz/share/mobo_bot_rviz/package.zsh'
[0.627s] Level 1:colcon.colcon_core.environment:create_file_with_runtime_dependencies(/home/rohan87/mobo_bot_ws/install/mobo_bot_rviz/share/colcon-core/packages/mobo_bot_rviz)
[0.627s] Level 1:colcon.colcon_core.environment:create_environment_scripts_only(mobo_bot_rviz)
[0.627s] Level 1:colcon.colcon_core.environment:checking '/home/rohan87/mobo_bot_ws/install/mobo_bot_rviz' for CMake module files
[0.627s] Level 1:colcon.colcon_core.environment:checking '/home/rohan87/mobo_bot_ws/install/mobo_bot_rviz' for CMake config files
[0.628s] Level 1:colcon.colcon_core.shell:create_environment_hook('mobo_bot_rviz', 'cmake_prefix_path')
[0.628s] INFO:colcon.colcon_core.shell:Creating environment hook '/home/rohan87/mobo_bot_ws/install/mobo_bot_rviz/share/mobo_bot_rviz/hook/cmake_prefix_path.ps1'
[0.628s] INFO:colcon.colcon_core.shell:Creating environment descriptor '/home/rohan87/mobo_bot_ws/install/mobo_bot_rviz/share/mobo_bot_rviz/hook/cmake_prefix_path.dsv'
[0.629s] INFO:colcon.colcon_core.shell:Creating environment hook '/home/rohan87/mobo_bot_ws/install/mobo_bot_rviz/share/mobo_bot_rviz/hook/cmake_prefix_path.sh'
[0.629s] Level 1:colcon.colcon_core.environment:checking '/home/rohan87/mobo_bot_ws/install/mobo_bot_rviz/bin'
[0.629s] Level 1:colcon.colcon_core.environment:checking '/home/rohan87/mobo_bot_ws/install/mobo_bot_rviz/lib/pkgconfig/mobo_bot_rviz.pc'
[0.629s] Level 1:colcon.colcon_core.environment:checking '/home/rohan87/mobo_bot_ws/install/mobo_bot_rviz/lib/python3.10/site-packages'
[0.629s] Level 1:colcon.colcon_core.environment:checking '/home/rohan87/mobo_bot_ws/install/mobo_bot_rviz/bin'
[0.630s] INFO:colcon.colcon_core.shell:Creating package script '/home/rohan87/mobo_bot_ws/install/mobo_bot_rviz/share/mobo_bot_rviz/package.ps1'
[0.630s] INFO:colcon.colcon_core.shell:Creating package descriptor '/home/rohan87/mobo_bot_ws/install/mobo_bot_rviz/share/mobo_bot_rviz/package.dsv'
[0.630s] INFO:colcon.colcon_core.shell:Creating package script '/home/rohan87/mobo_bot_ws/install/mobo_bot_rviz/share/mobo_bot_rviz/package.sh'
[0.630s] INFO:colcon.colcon_core.shell:Creating package script '/home/rohan87/mobo_bot_ws/install/mobo_bot_rviz/share/mobo_bot_rviz/package.bash'
[0.631s] INFO:colcon.colcon_core.shell:Creating package script '/home/rohan87/mobo_bot_ws/install/mobo_bot_rviz/share/mobo_bot_rviz/package.zsh'
[0.631s] Level 1:colcon.colcon_core.environment:create_file_with_runtime_dependencies(/home/rohan87/mobo_bot_ws/install/mobo_bot_rviz/share/colcon-core/packages/mobo_bot_rviz)
[0.633s] Level 1:colcon.colcon_core.environment:create_environment_scripts_only(mobo_bot_navigation)
[0.633s] Level 1:colcon.colcon_core.environment:checking '/home/rohan87/mobo_bot_ws/install/mobo_bot_navigation' for CMake module files
[0.634s] DEBUG:colcon.colcon_core.event_handler.log_command:Invoked command in '/home/rohan87/mobo_bot_ws/build/mobo_bot_navigation' returned '0': CMAKE_PREFIX_PATH=/opt/ros/humble /usr/bin/cmake --install /home/rohan87/mobo_bot_ws/build/mobo_bot_navigation
[0.634s] Level 1:colcon.colcon_core.environment:checking '/home/rohan87/mobo_bot_ws/install/mobo_bot_navigation' for CMake config files
[0.635s] Level 1:colcon.colcon_core.shell:create_environment_hook('mobo_bot_navigation', 'cmake_prefix_path')
[0.635s] INFO:colcon.colcon_core.shell:Creating environment hook '/home/rohan87/mobo_bot_ws/install/mobo_bot_navigation/share/mobo_bot_navigation/hook/cmake_prefix_path.ps1'
[0.635s] INFO:colcon.colcon_core.shell:Creating environment descriptor '/home/rohan87/mobo_bot_ws/install/mobo_bot_navigation/share/mobo_bot_navigation/hook/cmake_prefix_path.dsv'
[0.635s] INFO:colcon.colcon_core.shell:Creating environment hook '/home/rohan87/mobo_bot_ws/install/mobo_bot_navigation/share/mobo_bot_navigation/hook/cmake_prefix_path.sh'
[0.636s] Level 1:colcon.colcon_core.environment:checking '/home/rohan87/mobo_bot_ws/install/mobo_bot_navigation/bin'
[0.636s] Level 1:colcon.colcon_core.environment:checking '/home/rohan87/mobo_bot_ws/install/mobo_bot_navigation/lib/pkgconfig/mobo_bot_navigation.pc'
[0.636s] Level 1:colcon.colcon_core.environment:checking '/home/rohan87/mobo_bot_ws/install/mobo_bot_navigation/lib/python3.10/site-packages'
[0.636s] Level 1:colcon.colcon_core.environment:checking '/home/rohan87/mobo_bot_ws/install/mobo_bot_navigation/bin'
[0.636s] INFO:colcon.colcon_core.shell:Creating package script '/home/rohan87/mobo_bot_ws/install/mobo_bot_navigation/share/mobo_bot_navigation/package.ps1'
[0.637s] INFO:colcon.colcon_core.shell:Creating package descriptor '/home/rohan87/mobo_bot_ws/install/mobo_bot_navigation/share/mobo_bot_navigation/package.dsv'
[0.637s] INFO:colcon.colcon_core.shell:Creating package script '/home/rohan87/mobo_bot_ws/install/mobo_bot_navigation/share/mobo_bot_navigation/package.sh'
[0.637s] INFO:colcon.colcon_core.shell:Creating package script '/home/rohan87/mobo_bot_ws/install/mobo_bot_navigation/share/mobo_bot_navigation/package.bash'
[0.637s] INFO:colcon.colcon_core.shell:Creating package script '/home/rohan87/mobo_bot_ws/install/mobo_bot_navigation/share/mobo_bot_navigation/package.zsh'
[0.638s] Level 1:colcon.colcon_core.environment:create_file_with_runtime_dependencies(/home/rohan87/mobo_bot_ws/install/mobo_bot_navigation/share/colcon-core/packages/mobo_bot_navigation)
[0.638s] Level 1:colcon.colcon_core.environment:create_environment_scripts_only(mobo_bot_navigation)
[0.638s] Level 1:colcon.colcon_core.environment:checking '/home/rohan87/mobo_bot_ws/install/mobo_bot_navigation' for CMake module files
[0.638s] Level 1:colcon.colcon_core.environment:checking '/home/rohan87/mobo_bot_ws/install/mobo_bot_navigation' for CMake config files
[0.639s] Level 1:colcon.colcon_core.shell:create_environment_hook('mobo_bot_navigation', 'cmake_prefix_path')
[0.639s] INFO:colcon.colcon_core.shell:Creating environment hook '/home/rohan87/mobo_bot_ws/install/mobo_bot_navigation/share/mobo_bot_navigation/hook/cmake_prefix_path.ps1'
[0.639s] INFO:colcon.colcon_core.shell:Creating environment descriptor '/home/rohan87/mobo_bot_ws/install/mobo_bot_navigation/share/mobo_bot_navigation/hook/cmake_prefix_path.dsv'
[0.639s] INFO:colcon.colcon_core.shell:Creating environment hook '/home/rohan87/mobo_bot_ws/install/mobo_bot_navigation/share/mobo_bot_navigation/hook/cmake_prefix_path.sh'
[0.640s] Level 1:colcon.colcon_core.environment:checking '/home/rohan87/mobo_bot_ws/install/mobo_bot_navigation/bin'
[0.640s] Level 1:colcon.colcon_core.environment:checking '/home/rohan87/mobo_bot_ws/install/mobo_bot_navigation/lib/pkgconfig/mobo_bot_navigation.pc'
[0.640s] Level 1:colcon.colcon_core.environment:checking '/home/rohan87/mobo_bot_ws/install/mobo_bot_navigation/lib/python3.10/site-packages'
[0.640s] Level 1:colcon.colcon_core.environment:checking '/home/rohan87/mobo_bot_ws/install/mobo_bot_navigation/bin'
[0.640s] INFO:colcon.colcon_core.shell:Creating package script '/home/rohan87/mobo_bot_ws/install/mobo_bot_navigation/share/mobo_bot_navigation/package.ps1'
[0.640s] INFO:colcon.colcon_core.shell:Creating package descriptor '/home/rohan87/mobo_bot_ws/install/mobo_bot_navigation/share/mobo_bot_navigation/package.dsv'
[0.641s] INFO:colcon.colcon_core.shell:Creating package script '/home/rohan87/mobo_bot_ws/install/mobo_bot_navigation/share/mobo_bot_navigation/package.sh'
[0.641s] INFO:colcon.colcon_core.shell:Creating package script '/home/rohan87/mobo_bot_ws/install/mobo_bot_navigation/share/mobo_bot_navigation/package.bash'
[0.641s] INFO:colcon.colcon_core.shell:Creating package script '/home/rohan87/mobo_bot_ws/install/mobo_bot_navigation/share/mobo_bot_navigation/package.zsh'
[0.641s] Level 1:colcon.colcon_core.environment:create_file_with_runtime_dependencies(/home/rohan87/mobo_bot_ws/install/mobo_bot_navigation/share/colcon-core/packages/mobo_bot_navigation)
[0.643s] Level 1:colcon.colcon_core.environment:create_environment_scripts_only(mobo_bot_bringup)
[0.643s] Level 1:colcon.colcon_core.environment:checking '/home/rohan87/mobo_bot_ws/install/mobo_bot_bringup' for CMake module files
[0.643s] DEBUG:colcon.colcon_core.event_handler.log_command:Invoked command in '/home/rohan87/mobo_bot_ws/build/mobo_bot_sim' returned '0': CMAKE_PREFIX_PATH=/opt/ros/humble /usr/bin/cmake --build /home/rohan87/mobo_bot_ws/build/mobo_bot_sim -- -j12 -l12
[0.644s] DEBUG:colcon.colcon_core.event_handler.log_command:Invoking command in '/home/rohan87/mobo_bot_ws/build/mobo_bot_sim': CMAKE_PREFIX_PATH=/opt/ros/humble /usr/bin/cmake --install /home/rohan87/mobo_bot_ws/build/mobo_bot_sim
[0.644s] DEBUG:colcon.colcon_core.event_handler.log_command:Invoked command in '/home/rohan87/mobo_bot_ws/build/mobo_bot_bringup' returned '0': CMAKE_PREFIX_PATH=/opt/ros/humble /usr/bin/cmake --install /home/rohan87/mobo_bot_ws/build/mobo_bot_bringup
[0.644s] Level 1:colcon.colcon_core.environment:checking '/home/rohan87/mobo_bot_ws/install/mobo_bot_bringup' for CMake config files
[0.644s] Level 1:colcon.colcon_core.shell:create_environment_hook('mobo_bot_bringup', 'cmake_prefix_path')
[0.645s] INFO:colcon.colcon_core.shell:Creating environment hook '/home/rohan87/mobo_bot_ws/install/mobo_bot_bringup/share/mobo_bot_bringup/hook/cmake_prefix_path.ps1'
[0.645s] INFO:colcon.colcon_core.shell:Creating environment descriptor '/home/rohan87/mobo_bot_ws/install/mobo_bot_bringup/share/mobo_bot_bringup/hook/cmake_prefix_path.dsv'
[0.645s] INFO:colcon.colcon_core.shell:Creating environment hook '/home/rohan87/mobo_bot_ws/install/mobo_bot_bringup/share/mobo_bot_bringup/hook/cmake_prefix_path.sh'
[0.646s] Level 1:colcon.colcon_core.environment:checking '/home/rohan87/mobo_bot_ws/install/mobo_bot_bringup/bin'
[0.646s] Level 1:colcon.colcon_core.environment:checking '/home/rohan87/mobo_bot_ws/install/mobo_bot_bringup/lib/pkgconfig/mobo_bot_bringup.pc'
[0.646s] Level 1:colcon.colcon_core.environment:checking '/home/rohan87/mobo_bot_ws/install/mobo_bot_bringup/lib/python3.10/site-packages'
[0.646s] Level 1:colcon.colcon_core.environment:checking '/home/rohan87/mobo_bot_ws/install/mobo_bot_bringup/bin'
[0.647s] INFO:colcon.colcon_core.shell:Creating package script '/home/rohan87/mobo_bot_ws/install/mobo_bot_bringup/share/mobo_bot_bringup/package.ps1'
[0.647s] INFO:colcon.colcon_core.shell:Creating package descriptor '/home/rohan87/mobo_bot_ws/install/mobo_bot_bringup/share/mobo_bot_bringup/package.dsv'
[0.648s] INFO:colcon.colcon_core.shell:Creating package script '/home/rohan87/mobo_bot_ws/install/mobo_bot_bringup/share/mobo_bot_bringup/package.sh'
[0.648s] INFO:colcon.colcon_core.shell:Creating package script '/home/rohan87/mobo_bot_ws/install/mobo_bot_bringup/share/mobo_bot_bringup/package.bash'
[0.648s] INFO:colcon.colcon_core.shell:Creating package script '/home/rohan87/mobo_bot_ws/install/mobo_bot_bringup/share/mobo_bot_bringup/package.zsh'
[0.649s] Level 1:colcon.colcon_core.environment:create_file_with_runtime_dependencies(/home/rohan87/mobo_bot_ws/install/mobo_bot_bringup/share/colcon-core/packages/mobo_bot_bringup)
[0.649s] Level 1:colcon.colcon_core.environment:create_environment_scripts_only(mobo_bot_bringup)
[0.649s] Level 1:colcon.colcon_core.environment:checking '/home/rohan87/mobo_bot_ws/install/mobo_bot_bringup' for CMake module files
[0.649s] Level 1:colcon.colcon_core.environment:checking '/home/rohan87/mobo_bot_ws/install/mobo_bot_bringup' for CMake config files
[0.650s] Level 1:colcon.colcon_core.shell:create_environment_hook('mobo_bot_bringup', 'cmake_prefix_path')
[0.650s] INFO:colcon.colcon_core.shell:Creating environment hook '/home/rohan87/mobo_bot_ws/install/mobo_bot_bringup/share/mobo_bot_bringup/hook/cmake_prefix_path.ps1'
[0.650s] INFO:colcon.colcon_core.shell:Creating environment descriptor '/home/rohan87/mobo_bot_ws/install/mobo_bot_bringup/share/mobo_bot_bringup/hook/cmake_prefix_path.dsv'
[0.650s] INFO:colcon.colcon_core.shell:Creating environment hook '/home/rohan87/mobo_bot_ws/install/mobo_bot_bringup/share/mobo_bot_bringup/hook/cmake_prefix_path.sh'
[0.650s] Level 1:colcon.colcon_core.environment:checking '/home/rohan87/mobo_bot_ws/install/mobo_bot_bringup/bin'
[0.651s] Level 1:colcon.colcon_core.environment:checking '/home/rohan87/mobo_bot_ws/install/mobo_bot_bringup/lib/pkgconfig/mobo_bot_bringup.pc'
[0.651s] Level 1:colcon.colcon_core.environment:checking '/home/rohan87/mobo_bot_ws/install/mobo_bot_bringup/lib/python3.10/site-packages'
[0.651s] Level 1:colcon.colcon_core.environment:checking '/home/rohan87/mobo_bot_ws/install/mobo_bot_bringup/bin'
[0.651s] INFO:colcon.colcon_core.shell:Creating package script '/home/rohan87/mobo_bot_ws/install/mobo_bot_bringup/share/mobo_bot_bringup/package.ps1'
[0.651s] INFO:colcon.colcon_core.shell:Creating package descriptor '/home/rohan87/mobo_bot_ws/install/mobo_bot_bringup/share/mobo_bot_bringup/package.dsv'
[0.652s] INFO:colcon.colcon_core.shell:Creating package script '/home/rohan87/mobo_bot_ws/install/mobo_bot_bringup/share/mobo_bot_bringup/package.sh'
[0.652s] INFO:colcon.colcon_core.shell:Creating package script '/home/rohan87/mobo_bot_ws/install/mobo_bot_bringup/share/mobo_bot_bringup/package.bash'
[0.652s] INFO:colcon.colcon_core.shell:Creating package script '/home/rohan87/mobo_bot_ws/install/mobo_bot_bringup/share/mobo_bot_bringup/package.zsh'
[0.652s] Level 1:colcon.colcon_core.environment:create_file_with_runtime_dependencies(/home/rohan87/mobo_bot_ws/install/mobo_bot_bringup/share/colcon-core/packages/mobo_bot_bringup)
[0.658s] DEBUG:colcon.colcon_core.event_handler.log_command:Invoked command in '/home/rohan87/mobo_bot_ws/build/mobo_bot_description' returned '0': CMAKE_PREFIX_PATH=/opt/ros/humble /usr/bin/cmake --build /home/rohan87/mobo_bot_ws/build/mobo_bot_description -- -j12 -l12
[0.659s] DEBUG:colcon.colcon_core.event_handler.log_command:Invoking command in '/home/rohan87/mobo_bot_ws/build/mobo_bot_description': CMAKE_PREFIX_PATH=/opt/ros/humble /usr/bin/cmake --install /home/rohan87/mobo_bot_ws/build/mobo_bot_description
[0.660s] DEBUG:colcon.colcon_core.event_handler.log_command:Invoking command in '/home/rohan87/mobo_bot_ws/build/arrow_key_teleop_drive': PYTHONPATH=/home/rohan87/mobo_bot_ws/build/arrow_key_teleop_drive/prefix_override:/usr/lib/python3/dist-packages/colcon_core/task/python/colcon_distutils_commands:/home/rohan87/mobo_bot_ws/install/arrow_key_teleop_drive/lib/python3.10/site-packages:${PYTHONPATH} /usr/bin/python3 -W ignore:setup.py install is deprecated -W ignore:easy_install command is deprecated setup.py develop --uninstall --editable --build-directory /home/rohan87/mobo_bot_ws/build/arrow_key_teleop_drive/build
[0.663s] Level 1:colcon.colcon_core.environment:create_environment_scripts_only(mobo_bot_sim)
[0.664s] Level 1:colcon.colcon_core.environment:checking '/home/rohan87/mobo_bot_ws/install/mobo_bot_sim' for CMake module files
[0.664s] DEBUG:colcon.colcon_core.event_handler.log_command:Invoked command in '/home/rohan87/mobo_bot_ws/build/mobo_bot_sim' returned '0': CMAKE_PREFIX_PATH=/opt/ros/humble /usr/bin/cmake --install /home/rohan87/mobo_bot_ws/build/mobo_bot_sim
[0.665s] Level 1:colcon.colcon_core.environment:checking '/home/rohan87/mobo_bot_ws/install/mobo_bot_sim' for CMake config files
[0.666s] Level 1:colcon.colcon_core.shell:create_environment_hook('mobo_bot_sim', 'cmake_prefix_path')
[0.666s] INFO:colcon.colcon_core.shell:Creating environment hook '/home/rohan87/mobo_bot_ws/install/mobo_bot_sim/share/mobo_bot_sim/hook/cmake_prefix_path.ps1'
[0.667s] INFO:colcon.colcon_core.shell:Creating environment descriptor '/home/rohan87/mobo_bot_ws/install/mobo_bot_sim/share/mobo_bot_sim/hook/cmake_prefix_path.dsv'
[0.667s] INFO:colcon.colcon_core.shell:Creating environment hook '/home/rohan87/mobo_bot_ws/install/mobo_bot_sim/share/mobo_bot_sim/hook/cmake_prefix_path.sh'
[0.668s] Level 1:colcon.colcon_core.environment:checking '/home/rohan87/mobo_bot_ws/install/mobo_bot_sim/bin'
[0.668s] Level 1:colcon.colcon_core.environment:checking '/home/rohan87/mobo_bot_ws/install/mobo_bot_sim/lib/pkgconfig/mobo_bot_sim.pc'
[0.668s] Level 1:colcon.colcon_core.environment:checking '/home/rohan87/mobo_bot_ws/install/mobo_bot_sim/lib/python3.10/site-packages'
[0.668s] Level 1:colcon.colcon_core.environment:checking '/home/rohan87/mobo_bot_ws/install/mobo_bot_sim/bin'
[0.669s] INFO:colcon.colcon_core.shell:Creating package script '/home/rohan87/mobo_bot_ws/install/mobo_bot_sim/share/mobo_bot_sim/package.ps1'
[0.669s] INFO:colcon.colcon_core.shell:Creating package descriptor '/home/rohan87/mobo_bot_ws/install/mobo_bot_sim/share/mobo_bot_sim/package.dsv'
[0.669s] INFO:colcon.colcon_core.shell:Creating package script '/home/rohan87/mobo_bot_ws/install/mobo_bot_sim/share/mobo_bot_sim/package.sh'
[0.670s] INFO:colcon.colcon_core.shell:Creating package script '/home/rohan87/mobo_bot_ws/install/mobo_bot_sim/share/mobo_bot_sim/package.bash'
[0.670s] INFO:colcon.colcon_core.shell:Creating package script '/home/rohan87/mobo_bot_ws/install/mobo_bot_sim/share/mobo_bot_sim/package.zsh'
[0.671s] Level 1:colcon.colcon_core.environment:create_file_with_runtime_dependencies(/home/rohan87/mobo_bot_ws/install/mobo_bot_sim/share/colcon-core/packages/mobo_bot_sim)
[0.671s] Level 1:colcon.colcon_core.environment:create_environment_scripts_only(mobo_bot_sim)
[0.671s] Level 1:colcon.colcon_core.environment:checking '/home/rohan87/mobo_bot_ws/install/mobo_bot_sim' for CMake module files
[0.672s] Level 1:colcon.colcon_core.environment:checking '/home/rohan87/mobo_bot_ws/install/mobo_bot_sim' for CMake config files
[0.672s] Level 1:colcon.colcon_core.shell:create_environment_hook('mobo_bot_sim', 'cmake_prefix_path')
[0.672s] INFO:colcon.colcon_core.shell:Creating environment hook '/home/rohan87/mobo_bot_ws/install/mobo_bot_sim/share/mobo_bot_sim/hook/cmake_prefix_path.ps1'
[0.673s] INFO:colcon.colcon_core.shell:Creating environment descriptor '/home/rohan87/mobo_bot_ws/install/mobo_bot_sim/share/mobo_bot_sim/hook/cmake_prefix_path.dsv'
[0.673s] INFO:colcon.colcon_core.shell:Creating environment hook '/home/rohan87/mobo_bot_ws/install/mobo_bot_sim/share/mobo_bot_sim/hook/cmake_prefix_path.sh'
[0.674s] Level 1:colcon.colcon_core.environment:checking '/home/rohan87/mobo_bot_ws/install/mobo_bot_sim/bin'
[0.674s] Level 1:colcon.colcon_core.environment:checking '/home/rohan87/mobo_bot_ws/install/mobo_bot_sim/lib/pkgconfig/mobo_bot_sim.pc'
[0.674s] Level 1:colcon.colcon_core.environment:checking '/home/rohan87/mobo_bot_ws/install/mobo_bot_sim/lib/python3.10/site-packages'
[0.674s] Level 1:colcon.colcon_core.environment:checking '/home/rohan87/mobo_bot_ws/install/mobo_bot_sim/bin'
[0.675s] INFO:colcon.colcon_core.shell:Creating package script '/home/rohan87/mobo_bot_ws/install/mobo_bot_sim/share/mobo_bot_sim/package.ps1'
[0.675s] INFO:colcon.colcon_core.shell:Creating package descriptor '/home/rohan87/mobo_bot_ws/install/mobo_bot_sim/share/mobo_bot_sim/package.dsv'
[0.676s] INFO:colcon.colcon_core.shell:Creating package script '/home/rohan87/mobo_bot_ws/install/mobo_bot_sim/share/mobo_bot_sim/package.sh'
[0.676s] INFO:colcon.colcon_core.shell:Creating package script '/home/rohan87/mobo_bot_ws/install/mobo_bot_sim/share/mobo_bot_sim/package.bash'
[0.677s] INFO:colcon.colcon_core.shell:Creating package script '/home/rohan87/mobo_bot_ws/install/mobo_bot_sim/share/mobo_bot_sim/package.zsh'
[0.677s] Level 1:colcon.colcon_core.environment:create_file_with_runtime_dependencies(/home/rohan87/mobo_bot_ws/install/mobo_bot_sim/share/colcon-core/packages/mobo_bot_sim)
[0.678s] Level 1:colcon.colcon_core.environment:create_environment_scripts_only(mobo_bot_description)
[0.678s] Level 1:colcon.colcon_core.environment:checking '/home/rohan87/mobo_bot_ws/install/mobo_bot_description' for CMake module files
[0.679s] DEBUG:colcon.colcon_core.event_handler.log_command:Invoked command in '/home/rohan87/mobo_bot_ws/build/mobo_bot_description' returned '0': CMAKE_PREFIX_PATH=/opt/ros/humble /usr/bin/cmake --install /home/rohan87/mobo_bot_ws/build/mobo_bot_description
[0.679s] Level 1:colcon.colcon_core.environment:checking '/home/rohan87/mobo_bot_ws/install/mobo_bot_description' for CMake config files
[0.680s] Level 1:colcon.colcon_core.shell:create_environment_hook('mobo_bot_description', 'cmake_prefix_path')
[0.680s] INFO:colcon.colcon_core.shell:Creating environment hook '/home/rohan87/mobo_bot_ws/install/mobo_bot_description/share/mobo_bot_description/hook/cmake_prefix_path.ps1'
[0.680s] INFO:colcon.colcon_core.shell:Creating environment descriptor '/home/rohan87/mobo_bot_ws/install/mobo_bot_description/share/mobo_bot_description/hook/cmake_prefix_path.dsv'
[0.681s] INFO:colcon.colcon_core.shell:Creating environment hook '/home/rohan87/mobo_bot_ws/install/mobo_bot_description/share/mobo_bot_description/hook/cmake_prefix_path.sh'
[0.681s] Level 1:colcon.colcon_core.environment:checking '/home/rohan87/mobo_bot_ws/install/mobo_bot_description/bin'
[0.681s] Level 1:colcon.colcon_core.environment:checking '/home/rohan87/mobo_bot_ws/install/mobo_bot_description/lib/pkgconfig/mobo_bot_description.pc'
[0.681s] Level 1:colcon.colcon_core.environment:checking '/home/rohan87/mobo_bot_ws/install/mobo_bot_description/lib/python3.10/site-packages'
[0.682s] Level 1:colcon.colcon_core.environment:checking '/home/rohan87/mobo_bot_ws/install/mobo_bot_description/bin'
[0.682s] INFO:colcon.colcon_core.shell:Creating package script '/home/rohan87/mobo_bot_ws/install/mobo_bot_description/share/mobo_bot_description/package.ps1'
[0.682s] INFO:colcon.colcon_core.shell:Creating package descriptor '/home/rohan87/mobo_bot_ws/install/mobo_bot_description/share/mobo_bot_description/package.dsv'
[0.682s] INFO:colcon.colcon_core.shell:Creating package script '/home/rohan87/mobo_bot_ws/install/mobo_bot_description/share/mobo_bot_description/package.sh'
[0.683s] INFO:colcon.colcon_core.shell:Creating package script '/home/rohan87/mobo_bot_ws/install/mobo_bot_description/share/mobo_bot_description/package.bash'
[0.683s] INFO:colcon.colcon_core.shell:Creating package script '/home/rohan87/mobo_bot_ws/install/mobo_bot_description/share/mobo_bot_description/package.zsh'
[0.683s] Level 1:colcon.colcon_core.environment:create_file_with_runtime_dependencies(/home/rohan87/mobo_bot_ws/install/mobo_bot_description/share/colcon-core/packages/mobo_bot_description)
[0.683s] Level 1:colcon.colcon_core.environment:create_environment_scripts_only(mobo_bot_description)
[0.683s] Level 1:colcon.colcon_core.environment:checking '/home/rohan87/mobo_bot_ws/install/mobo_bot_description' for CMake module files
[0.684s] Level 1:colcon.colcon_core.environment:checking '/home/rohan87/mobo_bot_ws/install/mobo_bot_description' for CMake config files
[0.684s] Level 1:colcon.colcon_core.shell:create_environment_hook('mobo_bot_description', 'cmake_prefix_path')
[0.684s] INFO:colcon.colcon_core.shell:Creating environment hook '/home/rohan87/mobo_bot_ws/install/mobo_bot_description/share/mobo_bot_description/hook/cmake_prefix_path.ps1'
[0.684s] INFO:colcon.colcon_core.shell:Creating environment descriptor '/home/rohan87/mobo_bot_ws/install/mobo_bot_description/share/mobo_bot_description/hook/cmake_prefix_path.dsv'
[0.684s] INFO:colcon.colcon_core.shell:Creating environment hook '/home/rohan87/mobo_bot_ws/install/mobo_bot_description/share/mobo_bot_description/hook/cmake_prefix_path.sh'
[0.685s] Level 1:colcon.colcon_core.environment:checking '/home/rohan87/mobo_bot_ws/install/mobo_bot_description/bin'
[0.685s] Level 1:colcon.colcon_core.environment:checking '/home/rohan87/mobo_bot_ws/install/mobo_bot_description/lib/pkgconfig/mobo_bot_description.pc'
[0.685s] Level 1:colcon.colcon_core.environment:checking '/home/rohan87/mobo_bot_ws/install/mobo_bot_description/lib/python3.10/site-packages'
[0.685s] Level 1:colcon.colcon_core.environment:checking '/home/rohan87/mobo_bot_ws/install/mobo_bot_description/bin'
[0.685s] INFO:colcon.colcon_core.shell:Creating package script '/home/rohan87/mobo_bot_ws/install/mobo_bot_description/share/mobo_bot_description/package.ps1'
[0.685s] INFO:colcon.colcon_core.shell:Creating package descriptor '/home/rohan87/mobo_bot_ws/install/mobo_bot_description/share/mobo_bot_description/package.dsv'
[0.686s] INFO:colcon.colcon_core.shell:Creating package script '/home/rohan87/mobo_bot_ws/install/mobo_bot_description/share/mobo_bot_description/package.sh'
[0.686s] INFO:colcon.colcon_core.shell:Creating package script '/home/rohan87/mobo_bot_ws/install/mobo_bot_description/share/mobo_bot_description/package.bash'
[0.686s] INFO:colcon.colcon_core.shell:Creating package script '/home/rohan87/mobo_bot_ws/install/mobo_bot_description/share/mobo_bot_description/package.zsh'
[0.686s] Level 1:colcon.colcon_core.environment:create_file_with_runtime_dependencies(/home/rohan87/mobo_bot_ws/install/mobo_bot_description/share/colcon-core/packages/mobo_bot_description)
[0.751s] DEBUG:colcon.colcon_core.event_handler.log_command:Invoked command in '/home/rohan87/mobo_bot_ws/build/mobo_bot_base' returned '0': CMAKE_PREFIX_PATH=/opt/ros/humble /usr/bin/cmake /home/rohan87/mobo_bot_ws/src/mobo_bot/mobo_bot_base -DCMAKE_INSTALL_PREFIX=/home/rohan87/mobo_bot_ws/install/mobo_bot_base
[0.752s] DEBUG:colcon.colcon_core.event_handler.log_command:Invoking command in '/home/rohan87/mobo_bot_ws/build/mobo_bot_base': CMAKE_PREFIX_PATH=/opt/ros/humble /usr/bin/cmake --build /home/rohan87/mobo_bot_ws/build/mobo_bot_base -- -j12 -l12
[0.803s] DEBUG:colcon.colcon_core.event_handler.log_command:Invoked command in '/home/rohan87/mobo_bot_ws/build/mobo_bot_base' returned '0': CMAKE_PREFIX_PATH=/opt/ros/humble /usr/bin/cmake --build /home/rohan87/mobo_bot_ws/build/mobo_bot_base -- -j12 -l12
[0.804s] DEBUG:colcon.colcon_core.event_handler.log_command:Invoking command in '/home/rohan87/mobo_bot_ws/build/mobo_bot_base': CMAKE_PREFIX_PATH=/opt/ros/humble /usr/bin/cmake --install /home/rohan87/mobo_bot_ws/build/mobo_bot_base
[0.820s] Level 1:colcon.colcon_core.environment:create_environment_scripts_only(mobo_bot_base)
[0.821s] DEBUG:colcon.colcon_core.event_handler.log_command:Invoked command in '/home/rohan87/mobo_bot_ws/build/mobo_bot_base' returned '0': CMAKE_PREFIX_PATH=/opt/ros/humble /usr/bin/cmake --install /home/rohan87/mobo_bot_ws/build/mobo_bot_base
[0.821s] Level 1:colcon.colcon_core.environment:checking '/home/rohan87/mobo_bot_ws/install/mobo_bot_base' for CMake module files
[0.821s] Level 1:colcon.colcon_core.environment:checking '/home/rohan87/mobo_bot_ws/install/mobo_bot_base' for CMake config files
[0.821s] Level 1:colcon.colcon_core.shell:create_environment_hook('mobo_bot_base', 'cmake_prefix_path')
[0.821s] INFO:colcon.colcon_core.shell:Creating environment hook '/home/rohan87/mobo_bot_ws/install/mobo_bot_base/share/mobo_bot_base/hook/cmake_prefix_path.ps1'
[0.822s] INFO:colcon.colcon_core.shell:Creating environment descriptor '/home/rohan87/mobo_bot_ws/install/mobo_bot_base/share/mobo_bot_base/hook/cmake_prefix_path.dsv'
[0.822s] INFO:colcon.colcon_core.shell:Creating environment hook '/home/rohan87/mobo_bot_ws/install/mobo_bot_base/share/mobo_bot_base/hook/cmake_prefix_path.sh'
[0.822s] Level 1:colcon.colcon_core.environment:checking '/home/rohan87/mobo_bot_ws/install/mobo_bot_base/lib'
[0.822s] Level 1:colcon.colcon_core.environment:checking '/home/rohan87/mobo_bot_ws/install/mobo_bot_base/bin'
[0.822s] Level 1:colcon.colcon_core.environment:checking '/home/rohan87/mobo_bot_ws/install/mobo_bot_base/lib/pkgconfig/mobo_bot_base.pc'
[0.823s] Level 1:colcon.colcon_core.environment:checking '/home/rohan87/mobo_bot_ws/install/mobo_bot_base/lib/python3.10/site-packages'
[0.823s] Level 1:colcon.colcon_core.environment:checking '/home/rohan87/mobo_bot_ws/install/mobo_bot_base/bin'
[0.823s] INFO:colcon.colcon_core.shell:Creating package script '/home/rohan87/mobo_bot_ws/install/mobo_bot_base/share/mobo_bot_base/package.ps1'
[0.823s] INFO:colcon.colcon_core.shell:Creating package descriptor '/home/rohan87/mobo_bot_ws/install/mobo_bot_base/share/mobo_bot_base/package.dsv'
[0.823s] INFO:colcon.colcon_core.shell:Creating package script '/home/rohan87/mobo_bot_ws/install/mobo_bot_base/share/mobo_bot_base/package.sh'
[0.824s] INFO:colcon.colcon_core.shell:Creating package script '/home/rohan87/mobo_bot_ws/install/mobo_bot_base/share/mobo_bot_base/package.bash'
[0.824s] INFO:colcon.colcon_core.shell:Creating package script '/home/rohan87/mobo_bot_ws/install/mobo_bot_base/share/mobo_bot_base/package.zsh'
[0.824s] Level 1:colcon.colcon_core.environment:create_file_with_runtime_dependencies(/home/rohan87/mobo_bot_ws/install/mobo_bot_base/share/colcon-core/packages/mobo_bot_base)
[0.824s] Level 1:colcon.colcon_core.environment:create_environment_scripts_only(mobo_bot_base)
[0.824s] Level 1:colcon.colcon_core.environment:checking '/home/rohan87/mobo_bot_ws/install/mobo_bot_base' for CMake module files
[0.825s] Level 1:colcon.colcon_core.environment:checking '/home/rohan87/mobo_bot_ws/install/mobo_bot_base' for CMake config files
[0.825s] Level 1:colcon.colcon_core.shell:create_environment_hook('mobo_bot_base', 'cmake_prefix_path')
[0.825s] INFO:colcon.colcon_core.shell:Creating environment hook '/home/rohan87/mobo_bot_ws/install/mobo_bot_base/share/mobo_bot_base/hook/cmake_prefix_path.ps1'
[0.825s] INFO:colcon.colcon_core.shell:Creating environment descriptor '/home/rohan87/mobo_bot_ws/install/mobo_bot_base/share/mobo_bot_base/hook/cmake_prefix_path.dsv'
[0.825s] INFO:colcon.colcon_core.shell:Creating environment hook '/home/rohan87/mobo_bot_ws/install/mobo_bot_base/share/mobo_bot_base/hook/cmake_prefix_path.sh'
[0.825s] Level 1:colcon.colcon_core.environment:checking '/home/rohan87/mobo_bot_ws/install/mobo_bot_base/lib'
[0.826s] Level 1:colcon.colcon_core.environment:checking '/home/rohan87/mobo_bot_ws/install/mobo_bot_base/bin'
[0.826s] Level 1:colcon.colcon_core.environment:checking '/home/rohan87/mobo_bot_ws/install/mobo_bot_base/lib/pkgconfig/mobo_bot_base.pc'
[0.826s] Level 1:colcon.colcon_core.environment:checking '/home/rohan87/mobo_bot_ws/install/mobo_bot_base/lib/python3.10/site-packages'
[0.826s] Level 1:colcon.colcon_core.environment:checking '/home/rohan87/mobo_bot_ws/install/mobo_bot_base/bin'
[0.826s] INFO:colcon.colcon_core.shell:Creating package script '/home/rohan87/mobo_bot_ws/install/mobo_bot_base/share/mobo_bot_base/package.ps1'
[0.826s] INFO:colcon.colcon_core.shell:Creating package descriptor '/home/rohan87/mobo_bot_ws/install/mobo_bot_base/share/mobo_bot_base/package.dsv'
[0.826s] INFO:colcon.colcon_core.shell:Creating package script '/home/rohan87/mobo_bot_ws/install/mobo_bot_base/share/mobo_bot_base/package.sh'
[0.827s] INFO:colcon.colcon_core.shell:Creating package script '/home/rohan87/mobo_bot_ws/install/mobo_bot_base/share/mobo_bot_base/package.bash'
[0.827s] INFO:colcon.colcon_core.shell:Creating package script '/home/rohan87/mobo_bot_ws/install/mobo_bot_base/share/mobo_bot_base/package.zsh'
[0.827s] Level 1:colcon.colcon_core.environment:create_file_with_runtime_dependencies(/home/rohan87/mobo_bot_ws/install/mobo_bot_base/share/colcon-core/packages/mobo_bot_base)
[0.912s] DEBUG:colcon.colcon_core.event_handler.log_command:Invoked command in '/home/rohan87/mobo_bot_ws/build/arrow_key_teleop_drive' returned '0': PYTHONPATH=/home/rohan87/mobo_bot_ws/build/arrow_key_teleop_drive/prefix_override:/usr/lib/python3/dist-packages/colcon_core/task/python/colcon_distutils_commands:/home/rohan87/mobo_bot_ws/install/arrow_key_teleop_drive/lib/python3.10/site-packages:${PYTHONPATH} /usr/bin/python3 -W ignore:setup.py install is deprecated -W ignore:easy_install command is deprecated setup.py develop --uninstall --editable --build-directory /home/rohan87/mobo_bot_ws/build/arrow_key_teleop_drive/build
[0.912s] DEBUG:colcon.colcon_core.event_handler.log_command:Invoking command in '/home/rohan87/mobo_bot_ws/src/arrow_key_teleop_drive': PYTHONPATH=/home/rohan87/mobo_bot_ws/build/arrow_key_teleop_drive/prefix_override:/usr/lib/python3/dist-packages/colcon_core/task/python/colcon_distutils_commands:/home/rohan87/mobo_bot_ws/install/arrow_key_teleop_drive/lib/python3.10/site-packages:${PYTHONPATH} /usr/bin/python3 -W ignore:setup.py install is deprecated -W ignore:easy_install command is deprecated setup.py egg_info --egg-base ../../build/arrow_key_teleop_drive build --build-base /home/rohan87/mobo_bot_ws/build/arrow_key_teleop_drive/build install --record /home/rohan87/mobo_bot_ws/build/arrow_key_teleop_drive/install.log --single-version-externally-managed install_data --force
[1.084s] Level 1:colcon.colcon_core.environment:checking '/home/rohan87/mobo_bot_ws/install/arrow_key_teleop_drive' for CMake module files
[1.085s] DEBUG:colcon.colcon_core.event_handler.log_command:Invoked command in '/home/rohan87/mobo_bot_ws/src/arrow_key_teleop_drive' returned '0': PYTHONPATH=/home/rohan87/mobo_bot_ws/build/arrow_key_teleop_drive/prefix_override:/usr/lib/python3/dist-packages/colcon_core/task/python/colcon_distutils_commands:/home/rohan87/mobo_bot_ws/install/arrow_key_teleop_drive/lib/python3.10/site-packages:${PYTHONPATH} /usr/bin/python3 -W ignore:setup.py install is deprecated -W ignore:easy_install command is deprecated setup.py egg_info --egg-base ../../build/arrow_key_teleop_drive build --build-base /home/rohan87/mobo_bot_ws/build/arrow_key_teleop_drive/build install --record /home/rohan87/mobo_bot_ws/build/arrow_key_teleop_drive/install.log --single-version-externally-managed install_data --force
[1.085s] Level 1:colcon.colcon_core.environment:checking '/home/rohan87/mobo_bot_ws/install/arrow_key_teleop_drive' for CMake config files
[1.085s] Level 1:colcon.colcon_core.environment:checking '/home/rohan87/mobo_bot_ws/install/arrow_key_teleop_drive/lib'
[1.085s] Level 1:colcon.colcon_core.environment:checking '/home/rohan87/mobo_bot_ws/install/arrow_key_teleop_drive/bin'
[1.085s] Level 1:colcon.colcon_core.environment:checking '/home/rohan87/mobo_bot_ws/install/arrow_key_teleop_drive/lib/pkgconfig/arrow_key_teleop_drive.pc'
[1.085s] Level 1:colcon.colcon_core.environment:checking '/home/rohan87/mobo_bot_ws/install/arrow_key_teleop_drive/lib/python3.10/site-packages'
[1.085s] Level 1:colcon.colcon_core.shell:create_environment_hook('arrow_key_teleop_drive', 'pythonpath')
[1.085s] INFO:colcon.colcon_core.shell:Creating environment hook '/home/rohan87/mobo_bot_ws/install/arrow_key_teleop_drive/share/arrow_key_teleop_drive/hook/pythonpath.ps1'
[1.086s] INFO:colcon.colcon_core.shell:Creating environment descriptor '/home/rohan87/mobo_bot_ws/install/arrow_key_teleop_drive/share/arrow_key_teleop_drive/hook/pythonpath.dsv'
[1.086s] INFO:colcon.colcon_core.shell:Creating environment hook '/home/rohan87/mobo_bot_ws/install/arrow_key_teleop_drive/share/arrow_key_teleop_drive/hook/pythonpath.sh'
[1.086s] Level 1:colcon.colcon_core.environment:checking '/home/rohan87/mobo_bot_ws/install/arrow_key_teleop_drive/bin'
[1.086s] Level 1:colcon.colcon_core.environment:create_environment_scripts_only(arrow_key_teleop_drive)
[1.086s] INFO:colcon.colcon_core.shell:Creating package script '/home/rohan87/mobo_bot_ws/install/arrow_key_teleop_drive/share/arrow_key_teleop_drive/package.ps1'
[1.087s] INFO:colcon.colcon_core.shell:Creating package descriptor '/home/rohan87/mobo_bot_ws/install/arrow_key_teleop_drive/share/arrow_key_teleop_drive/package.dsv'
[1.087s] INFO:colcon.colcon_core.shell:Creating package script '/home/rohan87/mobo_bot_ws/install/arrow_key_teleop_drive/share/arrow_key_teleop_drive/package.sh'
[1.087s] INFO:colcon.colcon_core.shell:Creating package script '/home/rohan87/mobo_bot_ws/install/arrow_key_teleop_drive/share/arrow_key_teleop_drive/package.bash'
[1.087s] INFO:colcon.colcon_core.shell:Creating package script '/home/rohan87/mobo_bot_ws/install/arrow_key_teleop_drive/share/arrow_key_teleop_drive/package.zsh'
[1.087s] Level 1:colcon.colcon_core.environment:create_file_with_runtime_dependencies(/home/rohan87/mobo_bot_ws/install/arrow_key_teleop_drive/share/colcon-core/packages/arrow_key_teleop_drive)
[1.088s] DEBUG:colcon.colcon_parallel_executor.executor.parallel:closing loop
[1.088s] DEBUG:colcon.colcon_parallel_executor.executor.parallel:loop closed
[1.088s] DEBUG:colcon.colcon_parallel_executor.executor.parallel:run_until_complete finished with '0'
[1.088s] DEBUG:colcon.colcon_core.event_reactor:joining thread
[1.091s] INFO:colcon.colcon_core.plugin_system:Skipping extension 'colcon_notification.desktop_notification.terminal_notifier': Not used on non-Darwin systems
[1.091s] INFO:colcon.colcon_core.plugin_system:Skipping extension 'colcon_notification.desktop_notification.win32': Not used on non-Windows systems
[1.091s] INFO:colcon.colcon_notification.desktop_notification:Sending desktop notification using 'notify2'
[1.099s] DEBUG:colcon.colcon_core.event_reactor:joined thread
[1.100s] INFO:colcon.colcon_core.shell:Creating prefix script '/home/rohan87/mobo_bot_ws/install/local_setup.ps1'
[1.100s] INFO:colcon.colcon_core.shell:Creating prefix util module '/home/rohan87/mobo_bot_ws/install/_local_setup_util_ps1.py'
[1.101s] INFO:colcon.colcon_core.shell:Creating prefix chain script '/home/rohan87/mobo_bot_ws/install/setup.ps1'
[1.102s] INFO:colcon.colcon_core.shell:Creating prefix script '/home/rohan87/mobo_bot_ws/install/local_setup.sh'
[1.102s] INFO:colcon.colcon_core.shell:Creating prefix util module '/home/rohan87/mobo_bot_ws/install/_local_setup_util_sh.py'
[1.102s] INFO:colcon.colcon_core.shell:Creating prefix chain script '/home/rohan87/mobo_bot_ws/install/setup.sh'
[1.103s] INFO:colcon.colcon_core.shell:Creating prefix script '/home/rohan87/mobo_bot_ws/install/local_setup.bash'
[1.103s] INFO:colcon.colcon_core.shell:Creating prefix chain script '/home/rohan87/mobo_bot_ws/install/setup.bash'
[1.104s] INFO:colcon.colcon_core.shell:Creating prefix script '/home/rohan87/mobo_bot_ws/install/local_setup.zsh'
[1.104s] INFO:colcon.colcon_core.shell:Creating prefix chain script '/home/rohan87/mobo_bot_ws/install/setup.zsh'
