[0.168s] Invoking command in '/home/rohan87/mobo_bot_ws/build/mobo_bot_base': CMAKE_PREFIX_PATH=/opt/ros/humble /usr/bin/cmake /home/rohan87/mobo_bot_ws/src/mobo_bot/mobo_bot_base -DCMAKE_INSTALL_PREFIX=/home/rohan87/mobo_bot_ws/install/mobo_bot_base
[0.181s] -- Found ament_cmake: 1.3.12 (/opt/ros/humble/share/ament_cmake/cmake)
[0.310s] -- Override CMake install command with custom implementation using symlinks instead of copying resources
[0.317s] -- Found rclcpp: 16.0.14 (/opt/ros/humble/share/rclcpp/cmake)
[0.347s] -- Found rosidl_generator_c: 3.1.7 (/opt/ros/humble/share/rosidl_generator_c/cmake)
[0.348s] -- Found rosidl_adapter: 3.1.7 (/opt/ros/humble/share/rosidl_adapter/cmake)
[0.352s] -- Found rosidl_generator_cpp: 3.1.7 (/opt/ros/humble/share/rosidl_generator_cpp/cmake)
[0.361s] -- Using all available rosidl_typesupport_c: rosidl_typesupport_fastrtps_c;rosidl_typesupport_introspection_c
[0.375s] -- Using all available rosidl_typesupport_cpp: rosidl_typesupport_fastrtps_cpp;rosidl_typesupport_introspection_cpp
[0.411s] -- Found rmw_implementation_cmake: 6.1.2 (/opt/ros/humble/share/rmw_implementation_cmake/cmake)
[0.412s] -- Found rmw_cyclonedds_cpp: 1.3.4 (/opt/ros/humble/share/rmw_cyclonedds_cpp/cmake)
[0.422s] -- Using RMW implementation 'rmw_cyclonedds_cpp' as default
[0.455s] -- Found sensor_msgs: 4.9.0 (/opt/ros/humble/share/sensor_msgs/cmake)
[0.474s] -- Found ament_lint_auto: 0.12.14 (/opt/ros/humble/share/ament_lint_auto/cmake)
[0.516s] -- Added test 'cppcheck' to perform static code analysis on C / C++ code
[0.516s] -- Configured cppcheck include dirs: 
[0.516s] -- Configured cppcheck exclude dirs and/or files: 
[0.516s] -- Added test 'flake8' to check Python code syntax and style conventions
[0.516s] -- Added test 'lint_cmake' to check CMake code style
[0.517s] -- Added test 'pep257' to check Python code against some of the docstring style conventions in PEP 257
[0.517s] -- Added test 'uncrustify' to check C / C++ code style
[0.517s] -- Configured uncrustify additional arguments: 
[0.517s] -- Added test 'xmllint' to check XML markup files
[0.518s] -- Configuring done
[0.522s] -- Generating done
[0.524s] -- Build files have been written to: /home/rohan87/mobo_bot_ws/build/mobo_bot_base
[0.528s] Invoked command in '/home/rohan87/mobo_bot_ws/build/mobo_bot_base' returned '0': CMAKE_PREFIX_PATH=/opt/ros/humble /usr/bin/cmake /home/rohan87/mobo_bot_ws/src/mobo_bot/mobo_bot_base -DCMAKE_INSTALL_PREFIX=/home/rohan87/mobo_bot_ws/install/mobo_bot_base
[0.530s] Invoking command in '/home/rohan87/mobo_bot_ws/build/mobo_bot_base': CMAKE_PREFIX_PATH=/opt/ros/humble /usr/bin/cmake --build /home/rohan87/mobo_bot_ws/build/mobo_bot_base -- -j12 -l12
[0.559s] [35m[1mConsolidate compiler generated dependencies of target lidar_angle_filter[0m
[0.573s] [100%] Built target lidar_angle_filter
[0.581s] Invoked command in '/home/rohan87/mobo_bot_ws/build/mobo_bot_base' returned '0': CMAKE_PREFIX_PATH=/opt/ros/humble /usr/bin/cmake --build /home/rohan87/mobo_bot_ws/build/mobo_bot_base -- -j12 -l12
[0.582s] Invoking command in '/home/rohan87/mobo_bot_ws/build/mobo_bot_base': CMAKE_PREFIX_PATH=/opt/ros/humble /usr/bin/cmake --install /home/rohan87/mobo_bot_ws/build/mobo_bot_base
[0.587s] -- Install configuration: ""
[0.588s] -- Execute custom install script
[0.588s] -- Up-to-date symlink: /home/rohan87/mobo_bot_ws/install/mobo_bot_base/lib/mobo_bot_base/lidar_angle_filter
[0.588s] -- Up-to-date symlink: /home/rohan87/mobo_bot_ws/install/mobo_bot_base/share/mobo_bot_base//config/eimu_ros_start_params.yaml
[0.588s] -- Up-to-date symlink: /home/rohan87/mobo_bot_ws/install/mobo_bot_base/share/mobo_bot_base//config/ekf.yaml
[0.588s] -- Up-to-date symlink: /home/rohan87/mobo_bot_ws/install/mobo_bot_base/share/mobo_bot_base//config/epmc_diff_drive_controller.yaml
[0.588s] -- Up-to-date symlink: /home/rohan87/mobo_bot_ws/install/mobo_bot_base/share/mobo_bot_base//launch/lidar_test.launch.py
[0.588s] -- Up-to-date symlink: /home/rohan87/mobo_bot_ws/install/mobo_bot_base/share/mobo_bot_base//launch/robot.launch.py
[0.588s] -- Up-to-date symlink: /home/rohan87/mobo_bot_ws/install/mobo_bot_base/share/ament_index/resource_index/package_run_dependencies/mobo_bot_base
[0.589s] -- Up-to-date symlink: /home/rohan87/mobo_bot_ws/install/mobo_bot_base/share/ament_index/resource_index/parent_prefix_path/mobo_bot_base
[0.589s] -- Up-to-date symlink: /home/rohan87/mobo_bot_ws/install/mobo_bot_base/share/mobo_bot_base/environment/ament_prefix_path.sh
[0.589s] -- Up-to-date symlink: /home/rohan87/mobo_bot_ws/install/mobo_bot_base/share/mobo_bot_base/environment/ament_prefix_path.dsv
[0.589s] -- Up-to-date symlink: /home/rohan87/mobo_bot_ws/install/mobo_bot_base/share/mobo_bot_base/environment/path.sh
[0.589s] -- Up-to-date symlink: /home/rohan87/mobo_bot_ws/install/mobo_bot_base/share/mobo_bot_base/environment/path.dsv
[0.589s] -- Up-to-date symlink: /home/rohan87/mobo_bot_ws/install/mobo_bot_base/share/mobo_bot_base/local_setup.bash
[0.589s] -- Up-to-date symlink: /home/rohan87/mobo_bot_ws/install/mobo_bot_base/share/mobo_bot_base/local_setup.sh
[0.589s] -- Up-to-date symlink: /home/rohan87/mobo_bot_ws/install/mobo_bot_base/share/mobo_bot_base/local_setup.zsh
[0.589s] -- Up-to-date symlink: /home/rohan87/mobo_bot_ws/install/mobo_bot_base/share/mobo_bot_base/local_setup.dsv
[0.589s] -- Symlinking: /home/rohan87/mobo_bot_ws/install/mobo_bot_base/share/mobo_bot_base/package.dsv
[0.597s] -- Up-to-date symlink: /home/rohan87/mobo_bot_ws/install/mobo_bot_base/share/ament_index/resource_index/packages/mobo_bot_base
[0.597s] -- Up-to-date symlink: /home/rohan87/mobo_bot_ws/install/mobo_bot_base/share/mobo_bot_base/cmake/mobo_bot_baseConfig.cmake
[0.597s] -- Up-to-date symlink: /home/rohan87/mobo_bot_ws/install/mobo_bot_base/share/mobo_bot_base/cmake/mobo_bot_baseConfig-version.cmake
[0.597s] -- Up-to-date symlink: /home/rohan87/mobo_bot_ws/install/mobo_bot_base/share/mobo_bot_base/package.xml
[0.598s] Invoked command in '/home/rohan87/mobo_bot_ws/build/mobo_bot_base' returned '0': CMAKE_PREFIX_PATH=/opt/ros/humble /usr/bin/cmake --install /home/rohan87/mobo_bot_ws/build/mobo_bot_base
