[0.060s] DEBUG:colcon:Command line arguments: ['/usr/bin/colcon', 'build', '--symlink-install']
[0.060s] DEBUG:colcon:Parsed command line arguments: Namespace(log_base=None, log_level=None, verb_name='build', build_base='build', install_base='install', merge_install=False, symlink_install=True, test_result_base=None, continue_on_error=False, executor='parallel', parallel_workers=12, event_handlers=None, ignore_user_meta=False, metas=['./colcon.meta'], base_paths=['.'], packages_ignore=None, packages_ignore_regex=None, paths=None, packages_up_to=None, packages_up_to_regex=None, packages_above=None, packages_above_and_dependencies=None, packages_above_depth=None, packages_select_by_dep=None, packages_skip_by_dep=None, packages_skip_up_to=None, packages_select_build_failed=False, packages_skip_build_finished=False, packages_select_test_failures=False, packages_skip_test_passed=False, packages_select=None, packages_skip=None, packages_select_regex=None, packages_skip_regex=None, packages_start=None, packages_end=None, allow_overriding=[], cmake_args=None, cmake_target=None, cmake_target_skip_unavailable=False, cmake_clean_cache=False, cmake_clean_first=False, cmake_force_configure=False, ament_cmake_args=None, catkin_cmake_args=None, catkin_skip_building_tests=False, verb_parser=<colcon_defaults.argument_parser.defaults.DefaultArgumentsDecorator object at 0x78984f33be20>, verb_extension=<colcon_core.verb.build.BuildVerb object at 0x78984f4f13c0>, main=<bound method BuildVerb.main of <colcon_core.verb.build.BuildVerb object at 0x78984f4f13c0>>)
[0.152s] Level 1:colcon.colcon_core.package_discovery:discover_packages(colcon_meta) check parameters
[0.152s] Level 1:colcon.colcon_core.package_discovery:discover_packages(recursive) check parameters
[0.152s] Level 1:colcon.colcon_core.package_discovery:discover_packages(ignore) check parameters
[0.152s] Level 1:colcon.colcon_core.package_discovery:discover_packages(path) check parameters
[0.152s] Level 1:colcon.colcon_core.package_discovery:discover_packages(colcon_meta) discover
[0.152s] Level 1:colcon.colcon_core.package_discovery:discover_packages(recursive) discover
[0.152s] INFO:colcon.colcon_core.package_discovery:Crawling recursively for packages in '/home/rohan87/mobo_bot_ws'
[0.152s] Level 1:colcon.colcon_core.package_identification:_identify(.) by extensions ['ignore', 'ignore_ament_install']
[0.152s] Level 1:colcon.colcon_core.package_identification:_identify(.) by extension 'ignore'
[0.152s] Level 1:colcon.colcon_core.package_identification:_identify(.) by extension 'ignore_ament_install'
[0.152s] Level 1:colcon.colcon_core.package_identification:_identify(.) by extensions ['colcon_pkg']
[0.152s] Level 1:colcon.colcon_core.package_identification:_identify(.) by extension 'colcon_pkg'
[0.153s] Level 1:colcon.colcon_core.package_identification:_identify(.) by extensions ['colcon_meta']
[0.153s] Level 1:colcon.colcon_core.package_identification:_identify(.) by extension 'colcon_meta'
[0.153s] Level 1:colcon.colcon_core.package_identification:_identify(.) by extensions ['ros']
[0.153s] Level 1:colcon.colcon_core.package_identification:_identify(.) by extension 'ros'
[0.159s] Level 1:colcon.colcon_core.package_identification:_identify(.) by extensions ['cmake', 'python']
[0.159s] Level 1:colcon.colcon_core.package_identification:_identify(.) by extension 'cmake'
[0.159s] Level 1:colcon.colcon_core.package_identification:_identify(.) by extension 'python'
[0.159s] Level 1:colcon.colcon_core.package_identification:_identify(.) by extensions ['python_setup_py']
[0.159s] Level 1:colcon.colcon_core.package_identification:_identify(.) by extension 'python_setup_py'
[0.159s] Level 1:colcon.colcon_core.package_identification:_identify(build) by extensions ['ignore', 'ignore_ament_install']
[0.159s] Level 1:colcon.colcon_core.package_identification:_identify(build) by extension 'ignore'
[0.159s] Level 1:colcon.colcon_core.package_identification:_identify(build) ignored
[0.159s] Level 1:colcon.colcon_core.package_identification:_identify(install) by extensions ['ignore', 'ignore_ament_install']
[0.159s] Level 1:colcon.colcon_core.package_identification:_identify(install) by extension 'ignore'
[0.159s] Level 1:colcon.colcon_core.package_identification:_identify(install) ignored
[0.159s] Level 1:colcon.colcon_core.package_identification:_identify(log) by extensions ['ignore', 'ignore_ament_install']
[0.159s] Level 1:colcon.colcon_core.package_identification:_identify(log) by extension 'ignore'
[0.160s] Level 1:colcon.colcon_core.package_identification:_identify(log) ignored
[0.160s] Level 1:colcon.colcon_core.package_identification:_identify(src) by extensions ['ignore', 'ignore_ament_install']
[0.160s] Level 1:colcon.colcon_core.package_identification:_identify(src) by extension 'ignore'
[0.160s] Level 1:colcon.colcon_core.package_identification:_identify(src) by extension 'ignore_ament_install'
[0.160s] Level 1:colcon.colcon_core.package_identification:_identify(src) by extensions ['colcon_pkg']
[0.160s] Level 1:colcon.colcon_core.package_identification:_identify(src) by extension 'colcon_pkg'
[0.160s] Level 1:colcon.colcon_core.package_identification:_identify(src) by extensions ['colcon_meta']
[0.160s] Level 1:colcon.colcon_core.package_identification:_identify(src) by extension 'colcon_meta'
[0.160s] Level 1:colcon.colcon_core.package_identification:_identify(src) by extensions ['ros']
[0.160s] Level 1:colcon.colcon_core.package_identification:_identify(src) by extension 'ros'
[0.160s] Level 1:colcon.colcon_core.package_identification:_identify(src) by extensions ['cmake', 'python']
[0.160s] Level 1:colcon.colcon_core.package_identification:_identify(src) by extension 'cmake'
[0.160s] Level 1:colcon.colcon_core.package_identification:_identify(src) by extension 'python'
[0.160s] Level 1:colcon.colcon_core.package_identification:_identify(src) by extensions ['python_setup_py']
[0.160s] Level 1:colcon.colcon_core.package_identification:_identify(src) by extension 'python_setup_py'
[0.160s] Level 1:colcon.colcon_core.package_identification:_identify(src/arrow_key_teleop_drive) by extensions ['ignore', 'ignore_ament_install']
[0.160s] Level 1:colcon.colcon_core.package_identification:_identify(src/arrow_key_teleop_drive) by extension 'ignore'
[0.160s] Level 1:colcon.colcon_core.package_identification:_identify(src/arrow_key_teleop_drive) by extension 'ignore_ament_install'
[0.160s] Level 1:colcon.colcon_core.package_identification:_identify(src/arrow_key_teleop_drive) by extensions ['colcon_pkg']
[0.160s] Level 1:colcon.colcon_core.package_identification:_identify(src/arrow_key_teleop_drive) by extension 'colcon_pkg'
[0.160s] Level 1:colcon.colcon_core.package_identification:_identify(src/arrow_key_teleop_drive) by extensions ['colcon_meta']
[0.160s] Level 1:colcon.colcon_core.package_identification:_identify(src/arrow_key_teleop_drive) by extension 'colcon_meta'
[0.160s] Level 1:colcon.colcon_core.package_identification:_identify(src/arrow_key_teleop_drive) by extensions ['ros']
[0.160s] Level 1:colcon.colcon_core.package_identification:_identify(src/arrow_key_teleop_drive) by extension 'ros'
[0.161s] DEBUG:colcon.colcon_core.package_identification:Package 'src/arrow_key_teleop_drive' with type 'ros.ament_python' and name 'arrow_key_teleop_drive'
[0.162s] Level 1:colcon.colcon_core.package_identification:_identify(src/mobo_bot) by extensions ['ignore', 'ignore_ament_install']
[0.162s] Level 1:colcon.colcon_core.package_identification:_identify(src/mobo_bot) by extension 'ignore'
[0.162s] Level 1:colcon.colcon_core.package_identification:_identify(src/mobo_bot) by extension 'ignore_ament_install'
[0.162s] Level 1:colcon.colcon_core.package_identification:_identify(src/mobo_bot) by extensions ['colcon_pkg']
[0.162s] Level 1:colcon.colcon_core.package_identification:_identify(src/mobo_bot) by extension 'colcon_pkg'
[0.162s] Level 1:colcon.colcon_core.package_identification:_identify(src/mobo_bot) by extensions ['colcon_meta']
[0.162s] Level 1:colcon.colcon_core.package_identification:_identify(src/mobo_bot) by extension 'colcon_meta'
[0.162s] Level 1:colcon.colcon_core.package_identification:_identify(src/mobo_bot) by extensions ['ros']
[0.162s] Level 1:colcon.colcon_core.package_identification:_identify(src/mobo_bot) by extension 'ros'
[0.162s] Level 1:colcon.colcon_core.package_identification:_identify(src/mobo_bot) by extensions ['cmake', 'python']
[0.162s] Level 1:colcon.colcon_core.package_identification:_identify(src/mobo_bot) by extension 'cmake'
[0.162s] Level 1:colcon.colcon_core.package_identification:_identify(src/mobo_bot) by extension 'python'
[0.162s] Level 1:colcon.colcon_core.package_identification:_identify(src/mobo_bot) by extensions ['python_setup_py']
[0.162s] Level 1:colcon.colcon_core.package_identification:_identify(src/mobo_bot) by extension 'python_setup_py'
[0.162s] Level 1:colcon.colcon_core.package_identification:_identify(src/mobo_bot/docs) by extensions ['ignore', 'ignore_ament_install']
[0.162s] Level 1:colcon.colcon_core.package_identification:_identify(src/mobo_bot/docs) by extension 'ignore'
[0.162s] Level 1:colcon.colcon_core.package_identification:_identify(src/mobo_bot/docs) by extension 'ignore_ament_install'
[0.162s] Level 1:colcon.colcon_core.package_identification:_identify(src/mobo_bot/docs) by extensions ['colcon_pkg']
[0.162s] Level 1:colcon.colcon_core.package_identification:_identify(src/mobo_bot/docs) by extension 'colcon_pkg'
[0.162s] Level 1:colcon.colcon_core.package_identification:_identify(src/mobo_bot/docs) by extensions ['colcon_meta']
[0.162s] Level 1:colcon.colcon_core.package_identification:_identify(src/mobo_bot/docs) by extension 'colcon_meta'
[0.162s] Level 1:colcon.colcon_core.package_identification:_identify(src/mobo_bot/docs) by extensions ['ros']
[0.162s] Level 1:colcon.colcon_core.package_identification:_identify(src/mobo_bot/docs) by extension 'ros'
[0.162s] Level 1:colcon.colcon_core.package_identification:_identify(src/mobo_bot/docs) by extensions ['cmake', 'python']
[0.162s] Level 1:colcon.colcon_core.package_identification:_identify(src/mobo_bot/docs) by extension 'cmake'
[0.162s] Level 1:colcon.colcon_core.package_identification:_identify(src/mobo_bot/docs) by extension 'python'
[0.162s] Level 1:colcon.colcon_core.package_identification:_identify(src/mobo_bot/docs) by extensions ['python_setup_py']
[0.162s] Level 1:colcon.colcon_core.package_identification:_identify(src/mobo_bot/docs) by extension 'python_setup_py'
[0.162s] Level 1:colcon.colcon_core.package_identification:_identify(src/mobo_bot/mobo_bot_base) by extensions ['ignore', 'ignore_ament_install']
[0.162s] Level 1:colcon.colcon_core.package_identification:_identify(src/mobo_bot/mobo_bot_base) by extension 'ignore'
[0.162s] Level 1:colcon.colcon_core.package_identification:_identify(src/mobo_bot/mobo_bot_base) by extension 'ignore_ament_install'
[0.162s] Level 1:colcon.colcon_core.package_identification:_identify(src/mobo_bot/mobo_bot_base) by extensions ['colcon_pkg']
[0.162s] Level 1:colcon.colcon_core.package_identification:_identify(src/mobo_bot/mobo_bot_base) by extension 'colcon_pkg'
[0.162s] Level 1:colcon.colcon_core.package_identification:_identify(src/mobo_bot/mobo_bot_base) by extensions ['colcon_meta']
[0.162s] Level 1:colcon.colcon_core.package_identification:_identify(src/mobo_bot/mobo_bot_base) by extension 'colcon_meta'
[0.162s] Level 1:colcon.colcon_core.package_identification:_identify(src/mobo_bot/mobo_bot_base) by extensions ['ros']
[0.162s] Level 1:colcon.colcon_core.package_identification:_identify(src/mobo_bot/mobo_bot_base) by extension 'ros'
[0.164s] DEBUG:colcon.colcon_core.package_identification:Package 'src/mobo_bot/mobo_bot_base' with type 'ros.ament_cmake' and name 'mobo_bot_base'
[0.164s] Level 1:colcon.colcon_core.package_identification:_identify(src/mobo_bot/mobo_bot_bringup) by extensions ['ignore', 'ignore_ament_install']
[0.164s] Level 1:colcon.colcon_core.package_identification:_identify(src/mobo_bot/mobo_bot_bringup) by extension 'ignore'
[0.164s] Level 1:colcon.colcon_core.package_identification:_identify(src/mobo_bot/mobo_bot_bringup) by extension 'ignore_ament_install'
[0.164s] Level 1:colcon.colcon_core.package_identification:_identify(src/mobo_bot/mobo_bot_bringup) by extensions ['colcon_pkg']
[0.164s] Level 1:colcon.colcon_core.package_identification:_identify(src/mobo_bot/mobo_bot_bringup) by extension 'colcon_pkg'
[0.164s] Level 1:colcon.colcon_core.package_identification:_identify(src/mobo_bot/mobo_bot_bringup) by extensions ['colcon_meta']
[0.164s] Level 1:colcon.colcon_core.package_identification:_identify(src/mobo_bot/mobo_bot_bringup) by extension 'colcon_meta'
[0.164s] Level 1:colcon.colcon_core.package_identification:_identify(src/mobo_bot/mobo_bot_bringup) by extensions ['ros']
[0.164s] Level 1:colcon.colcon_core.package_identification:_identify(src/mobo_bot/mobo_bot_bringup) by extension 'ros'
[0.164s] DEBUG:colcon.colcon_core.package_identification:Package 'src/mobo_bot/mobo_bot_bringup' with type 'ros.ament_cmake' and name 'mobo_bot_bringup'
[0.164s] Level 1:colcon.colcon_core.package_identification:_identify(src/mobo_bot/mobo_bot_description) by extensions ['ignore', 'ignore_ament_install']
[0.164s] Level 1:colcon.colcon_core.package_identification:_identify(src/mobo_bot/mobo_bot_description) by extension 'ignore'
[0.164s] Level 1:colcon.colcon_core.package_identification:_identify(src/mobo_bot/mobo_bot_description) by extension 'ignore_ament_install'
[0.164s] Level 1:colcon.colcon_core.package_identification:_identify(src/mobo_bot/mobo_bot_description) by extensions ['colcon_pkg']
[0.164s] Level 1:colcon.colcon_core.package_identification:_identify(src/mobo_bot/mobo_bot_description) by extension 'colcon_pkg'
[0.164s] Level 1:colcon.colcon_core.package_identification:_identify(src/mobo_bot/mobo_bot_description) by extensions ['colcon_meta']
[0.164s] Level 1:colcon.colcon_core.package_identification:_identify(src/mobo_bot/mobo_bot_description) by extension 'colcon_meta'
[0.164s] Level 1:colcon.colcon_core.package_identification:_identify(src/mobo_bot/mobo_bot_description) by extensions ['ros']
[0.164s] Level 1:colcon.colcon_core.package_identification:_identify(src/mobo_bot/mobo_bot_description) by extension 'ros'
[0.165s] DEBUG:colcon.colcon_core.package_identification:Package 'src/mobo_bot/mobo_bot_description' with type 'ros.ament_cmake' and name 'mobo_bot_description'
[0.165s] Level 1:colcon.colcon_core.package_identification:_identify(src/mobo_bot/mobo_bot_navigation) by extensions ['ignore', 'ignore_ament_install']
[0.165s] Level 1:colcon.colcon_core.package_identification:_identify(src/mobo_bot/mobo_bot_navigation) by extension 'ignore'
[0.165s] Level 1:colcon.colcon_core.package_identification:_identify(src/mobo_bot/mobo_bot_navigation) by extension 'ignore_ament_install'
[0.165s] Level 1:colcon.colcon_core.package_identification:_identify(src/mobo_bot/mobo_bot_navigation) by extensions ['colcon_pkg']
[0.165s] Level 1:colcon.colcon_core.package_identification:_identify(src/mobo_bot/mobo_bot_navigation) by extension 'colcon_pkg'
[0.165s] Level 1:colcon.colcon_core.package_identification:_identify(src/mobo_bot/mobo_bot_navigation) by extensions ['colcon_meta']
[0.165s] Level 1:colcon.colcon_core.package_identification:_identify(src/mobo_bot/mobo_bot_navigation) by extension 'colcon_meta'
[0.165s] Level 1:colcon.colcon_core.package_identification:_identify(src/mobo_bot/mobo_bot_navigation) by extensions ['ros']
[0.165s] Level 1:colcon.colcon_core.package_identification:_identify(src/mobo_bot/mobo_bot_navigation) by extension 'ros'
[0.165s] DEBUG:colcon.colcon_core.package_identification:Package 'src/mobo_bot/mobo_bot_navigation' with type 'ros.ament_cmake' and name 'mobo_bot_navigation'
[0.165s] Level 1:colcon.colcon_core.package_identification:_identify(src/mobo_bot/mobo_bot_rviz) by extensions ['ignore', 'ignore_ament_install']
[0.165s] Level 1:colcon.colcon_core.package_identification:_identify(src/mobo_bot/mobo_bot_rviz) by extension 'ignore'
[0.165s] Level 1:colcon.colcon_core.package_identification:_identify(src/mobo_bot/mobo_bot_rviz) by extension 'ignore_ament_install'
[0.165s] Level 1:colcon.colcon_core.package_identification:_identify(src/mobo_bot/mobo_bot_rviz) by extensions ['colcon_pkg']
[0.165s] Level 1:colcon.colcon_core.package_identification:_identify(src/mobo_bot/mobo_bot_rviz) by extension 'colcon_pkg'
[0.165s] Level 1:colcon.colcon_core.package_identification:_identify(src/mobo_bot/mobo_bot_rviz) by extensions ['colcon_meta']
[0.165s] Level 1:colcon.colcon_core.package_identification:_identify(src/mobo_bot/mobo_bot_rviz) by extension 'colcon_meta'
[0.166s] Level 1:colcon.colcon_core.package_identification:_identify(src/mobo_bot/mobo_bot_rviz) by extensions ['ros']
[0.166s] Level 1:colcon.colcon_core.package_identification:_identify(src/mobo_bot/mobo_bot_rviz) by extension 'ros'
[0.166s] DEBUG:colcon.colcon_core.package_identification:Package 'src/mobo_bot/mobo_bot_rviz' with type 'ros.ament_cmake' and name 'mobo_bot_rviz'
[0.166s] Level 1:colcon.colcon_core.package_identification:_identify(src/mobo_bot/mobo_bot_sim) by extensions ['ignore', 'ignore_ament_install']
[0.166s] Level 1:colcon.colcon_core.package_identification:_identify(src/mobo_bot/mobo_bot_sim) by extension 'ignore'
[0.166s] Level 1:colcon.colcon_core.package_identification:_identify(src/mobo_bot/mobo_bot_sim) by extension 'ignore_ament_install'
[0.166s] Level 1:colcon.colcon_core.package_identification:_identify(src/mobo_bot/mobo_bot_sim) by extensions ['colcon_pkg']
[0.166s] Level 1:colcon.colcon_core.package_identification:_identify(src/mobo_bot/mobo_bot_sim) by extension 'colcon_pkg'
[0.166s] Level 1:colcon.colcon_core.package_identification:_identify(src/mobo_bot/mobo_bot_sim) by extensions ['colcon_meta']
[0.166s] Level 1:colcon.colcon_core.package_identification:_identify(src/mobo_bot/mobo_bot_sim) by extension 'colcon_meta'
[0.166s] Level 1:colcon.colcon_core.package_identification:_identify(src/mobo_bot/mobo_bot_sim) by extensions ['ros']
[0.166s] Level 1:colcon.colcon_core.package_identification:_identify(src/mobo_bot/mobo_bot_sim) by extension 'ros'
[0.167s] DEBUG:colcon.colcon_core.package_identification:Package 'src/mobo_bot/mobo_bot_sim' with type 'ros.ament_cmake' and name 'mobo_bot_sim'
[0.167s] Level 1:colcon.colcon_core.package_discovery:discover_packages(recursive) using defaults
[0.167s] Level 1:colcon.colcon_core.package_discovery:discover_packages(ignore) discover
[0.167s] Level 1:colcon.colcon_core.package_discovery:discover_packages(ignore) using defaults
[0.167s] Level 1:colcon.colcon_core.package_discovery:discover_packages(path) discover
[0.167s] Level 1:colcon.colcon_core.package_discovery:discover_packages(path) using defaults
[0.185s] Level 1:colcon.colcon_core.package_discovery:discover_packages(prefix_path) check parameters
[0.185s] Level 1:colcon.colcon_core.package_discovery:discover_packages(prefix_path) discover
[0.185s] DEBUG:colcon.colcon_installed_package_information.package_discovery:Found 1 installed packages in /home/rohan87/mobo_bot_ws/install
[0.186s] DEBUG:colcon.colcon_installed_package_information.package_discovery:Found 383 installed packages in /opt/ros/humble
[0.187s] Level 1:colcon.colcon_core.package_discovery:discover_packages(prefix_path) using defaults
[0.211s] Level 5:colcon.colcon_core.verb:set package 'arrow_key_teleop_drive' build argument 'cmake_args' from command line to 'None'
[0.211s] Level 5:colcon.colcon_core.verb:set package 'arrow_key_teleop_drive' build argument 'cmake_target' from command line to 'None'
[0.211s] Level 5:colcon.colcon_core.verb:set package 'arrow_key_teleop_drive' build argument 'cmake_target_skip_unavailable' from command line to 'False'
[0.211s] Level 5:colcon.colcon_core.verb:set package 'arrow_key_teleop_drive' build argument 'cmake_clean_cache' from command line to 'False'
[0.211s] Level 5:colcon.colcon_core.verb:set package 'arrow_key_teleop_drive' build argument 'cmake_clean_first' from command line to 'False'
[0.211s] Level 5:colcon.colcon_core.verb:set package 'arrow_key_teleop_drive' build argument 'cmake_force_configure' from command line to 'False'
[0.211s] Level 5:colcon.colcon_core.verb:set package 'arrow_key_teleop_drive' build argument 'ament_cmake_args' from command line to 'None'
[0.211s] Level 5:colcon.colcon_core.verb:set package 'arrow_key_teleop_drive' build argument 'catkin_cmake_args' from command line to 'None'
[0.211s] Level 5:colcon.colcon_core.verb:set package 'arrow_key_teleop_drive' build argument 'catkin_skip_building_tests' from command line to 'False'
[0.211s] DEBUG:colcon.colcon_core.verb:Building package 'arrow_key_teleop_drive' with the following arguments: {'ament_cmake_args': None, 'build_base': '/home/rohan87/mobo_bot_ws/build/arrow_key_teleop_drive', 'catkin_cmake_args': None, 'catkin_skip_building_tests': False, 'cmake_args': None, 'cmake_clean_cache': False, 'cmake_clean_first': False, 'cmake_force_configure': False, 'cmake_target': None, 'cmake_target_skip_unavailable': False, 'install_base': '/home/rohan87/mobo_bot_ws/install/arrow_key_teleop_drive', 'merge_install': False, 'path': '/home/rohan87/mobo_bot_ws/src/arrow_key_teleop_drive', 'symlink_install': True, 'test_result_base': None}
[0.211s] Level 5:colcon.colcon_core.verb:set package 'mobo_bot_base' build argument 'cmake_args' from command line to 'None'
[0.211s] Level 5:colcon.colcon_core.verb:set package 'mobo_bot_base' build argument 'cmake_target' from command line to 'None'
[0.211s] Level 5:colcon.colcon_core.verb:set package 'mobo_bot_base' build argument 'cmake_target_skip_unavailable' from command line to 'False'
[0.211s] Level 5:colcon.colcon_core.verb:set package 'mobo_bot_base' build argument 'cmake_clean_cache' from command line to 'False'
[0.211s] Level 5:colcon.colcon_core.verb:set package 'mobo_bot_base' build argument 'cmake_clean_first' from command line to 'False'
[0.211s] Level 5:colcon.colcon_core.verb:set package 'mobo_bot_base' build argument 'cmake_force_configure' from command line to 'False'
[0.211s] Level 5:colcon.colcon_core.verb:set package 'mobo_bot_base' build argument 'ament_cmake_args' from command line to 'None'
[0.211s] Level 5:colcon.colcon_core.verb:set package 'mobo_bot_base' build argument 'catkin_cmake_args' from command line to 'None'
[0.211s] Level 5:colcon.colcon_core.verb:set package 'mobo_bot_base' build argument 'catkin_skip_building_tests' from command line to 'False'
[0.211s] DEBUG:colcon.colcon_core.verb:Building package 'mobo_bot_base' with the following arguments: {'ament_cmake_args': None, 'build_base': '/home/rohan87/mobo_bot_ws/build/mobo_bot_base', 'catkin_cmake_args': None, 'catkin_skip_building_tests': False, 'cmake_args': None, 'cmake_clean_cache': False, 'cmake_clean_first': False, 'cmake_force_configure': False, 'cmake_target': None, 'cmake_target_skip_unavailable': False, 'install_base': '/home/rohan87/mobo_bot_ws/install/mobo_bot_base', 'merge_install': False, 'path': '/home/rohan87/mobo_bot_ws/src/mobo_bot/mobo_bot_base', 'symlink_install': True, 'test_result_base': None}
[0.212s] Level 5:colcon.colcon_core.verb:set package 'mobo_bot_bringup' build argument 'cmake_args' from command line to 'None'
[0.212s] Level 5:colcon.colcon_core.verb:set package 'mobo_bot_bringup' build argument 'cmake_target' from command line to 'None'
[0.212s] Level 5:colcon.colcon_core.verb:set package 'mobo_bot_bringup' build argument 'cmake_target_skip_unavailable' from command line to 'False'
[0.212s] Level 5:colcon.colcon_core.verb:set package 'mobo_bot_bringup' build argument 'cmake_clean_cache' from command line to 'False'
[0.212s] Level 5:colcon.colcon_core.verb:set package 'mobo_bot_bringup' build argument 'cmake_clean_first' from command line to 'False'
[0.212s] Level 5:colcon.colcon_core.verb:set package 'mobo_bot_bringup' build argument 'cmake_force_configure' from command line to 'False'
[0.212s] Level 5:colcon.colcon_core.verb:set package 'mobo_bot_bringup' build argument 'ament_cmake_args' from command line to 'None'
[0.212s] Level 5:colcon.colcon_core.verb:set package 'mobo_bot_bringup' build argument 'catkin_cmake_args' from command line to 'None'
[0.212s] Level 5:colcon.colcon_core.verb:set package 'mobo_bot_bringup' build argument 'catkin_skip_building_tests' from command line to 'False'
[0.212s] DEBUG:colcon.colcon_core.verb:Building package 'mobo_bot_bringup' with the following arguments: {'ament_cmake_args': None, 'build_base': '/home/rohan87/mobo_bot_ws/build/mobo_bot_bringup', 'catkin_cmake_args': None, 'catkin_skip_building_tests': False, 'cmake_args': None, 'cmake_clean_cache': False, 'cmake_clean_first': False, 'cmake_force_configure': False, 'cmake_target': None, 'cmake_target_skip_unavailable': False, 'install_base': '/home/rohan87/mobo_bot_ws/install/mobo_bot_bringup', 'merge_install': False, 'path': '/home/rohan87/mobo_bot_ws/src/mobo_bot/mobo_bot_bringup', 'symlink_install': True, 'test_result_base': None}
[0.212s] Level 5:colcon.colcon_core.verb:set package 'mobo_bot_description' build argument 'cmake_args' from command line to 'None'
[0.212s] Level 5:colcon.colcon_core.verb:set package 'mobo_bot_description' build argument 'cmake_target' from command line to 'None'
[0.212s] Level 5:colcon.colcon_core.verb:set package 'mobo_bot_description' build argument 'cmake_target_skip_unavailable' from command line to 'False'
[0.212s] Level 5:colcon.colcon_core.verb:set package 'mobo_bot_description' build argument 'cmake_clean_cache' from command line to 'False'
[0.212s] Level 5:colcon.colcon_core.verb:set package 'mobo_bot_description' build argument 'cmake_clean_first' from command line to 'False'
[0.212s] Level 5:colcon.colcon_core.verb:set package 'mobo_bot_description' build argument 'cmake_force_configure' from command line to 'False'
[0.212s] Level 5:colcon.colcon_core.verb:set package 'mobo_bot_description' build argument 'ament_cmake_args' from command line to 'None'
[0.212s] Level 5:colcon.colcon_core.verb:set package 'mobo_bot_description' build argument 'catkin_cmake_args' from command line to 'None'
[0.212s] Level 5:colcon.colcon_core.verb:set package 'mobo_bot_description' build argument 'catkin_skip_building_tests' from command line to 'False'
[0.212s] DEBUG:colcon.colcon_core.verb:Building package 'mobo_bot_description' with the following arguments: {'ament_cmake_args': None, 'build_base': '/home/rohan87/mobo_bot_ws/build/mobo_bot_description', 'catkin_cmake_args': None, 'catkin_skip_building_tests': False, 'cmake_args': None, 'cmake_clean_cache': False, 'cmake_clean_first': False, 'cmake_force_configure': False, 'cmake_target': None, 'cmake_target_skip_unavailable': False, 'install_base': '/home/rohan87/mobo_bot_ws/install/mobo_bot_description', 'merge_install': False, 'path': '/home/rohan87/mobo_bot_ws/src/mobo_bot/mobo_bot_description', 'symlink_install': True, 'test_result_base': None}
[0.212s] Level 5:colcon.colcon_core.verb:set package 'mobo_bot_navigation' build argument 'cmake_args' from command line to 'None'
[0.212s] Level 5:colcon.colcon_core.verb:set package 'mobo_bot_navigation' build argument 'cmake_target' from command line to 'None'
[0.212s] Level 5:colcon.colcon_core.verb:set package 'mobo_bot_navigation' build argument 'cmake_target_skip_unavailable' from command line to 'False'
[0.212s] Level 5:colcon.colcon_core.verb:set package 'mobo_bot_navigation' build argument 'cmake_clean_cache' from command line to 'False'
[0.212s] Level 5:colcon.colcon_core.verb:set package 'mobo_bot_navigation' build argument 'cmake_clean_first' from command line to 'False'
[0.212s] Level 5:colcon.colcon_core.verb:set package 'mobo_bot_navigation' build argument 'cmake_force_configure' from command line to 'False'
[0.212s] Level 5:colcon.colcon_core.verb:set package 'mobo_bot_navigation' build argument 'ament_cmake_args' from command line to 'None'
[0.212s] Level 5:colcon.colcon_core.verb:set package 'mobo_bot_navigation' build argument 'catkin_cmake_args' from command line to 'None'
[0.212s] Level 5:colcon.colcon_core.verb:set package 'mobo_bot_navigation' build argument 'catkin_skip_building_tests' from command line to 'False'
[0.212s] DEBUG:colcon.colcon_core.verb:Building package 'mobo_bot_navigation' with the following arguments: {'ament_cmake_args': None, 'build_base': '/home/rohan87/mobo_bot_ws/build/mobo_bot_navigation', 'catkin_cmake_args': None, 'catkin_skip_building_tests': False, 'cmake_args': None, 'cmake_clean_cache': False, 'cmake_clean_first': False, 'cmake_force_configure': False, 'cmake_target': None, 'cmake_target_skip_unavailable': False, 'install_base': '/home/rohan87/mobo_bot_ws/install/mobo_bot_navigation', 'merge_install': False, 'path': '/home/rohan87/mobo_bot_ws/src/mobo_bot/mobo_bot_navigation', 'symlink_install': True, 'test_result_base': None}
[0.212s] Level 5:colcon.colcon_core.verb:set package 'mobo_bot_rviz' build argument 'cmake_args' from command line to 'None'
[0.212s] Level 5:colcon.colcon_core.verb:set package 'mobo_bot_rviz' build argument 'cmake_target' from command line to 'None'
[0.212s] Level 5:colcon.colcon_core.verb:set package 'mobo_bot_rviz' build argument 'cmake_target_skip_unavailable' from command line to 'False'
[0.212s] Level 5:colcon.colcon_core.verb:set package 'mobo_bot_rviz' build argument 'cmake_clean_cache' from command line to 'False'
[0.212s] Level 5:colcon.colcon_core.verb:set package 'mobo_bot_rviz' build argument 'cmake_clean_first' from command line to 'False'
[0.212s] Level 5:colcon.colcon_core.verb:set package 'mobo_bot_rviz' build argument 'cmake_force_configure' from command line to 'False'
[0.213s] Level 5:colcon.colcon_core.verb:set package 'mobo_bot_rviz' build argument 'ament_cmake_args' from command line to 'None'
[0.213s] Level 5:colcon.colcon_core.verb:set package 'mobo_bot_rviz' build argument 'catkin_cmake_args' from command line to 'None'
[0.213s] Level 5:colcon.colcon_core.verb:set package 'mobo_bot_rviz' build argument 'catkin_skip_building_tests' from command line to 'False'
[0.213s] DEBUG:colcon.colcon_core.verb:Building package 'mobo_bot_rviz' with the following arguments: {'ament_cmake_args': None, 'build_base': '/home/rohan87/mobo_bot_ws/build/mobo_bot_rviz', 'catkin_cmake_args': None, 'catkin_skip_building_tests': False, 'cmake_args': None, 'cmake_clean_cache': False, 'cmake_clean_first': False, 'cmake_force_configure': False, 'cmake_target': None, 'cmake_target_skip_unavailable': False, 'install_base': '/home/rohan87/mobo_bot_ws/install/mobo_bot_rviz', 'merge_install': False, 'path': '/home/rohan87/mobo_bot_ws/src/mobo_bot/mobo_bot_rviz', 'symlink_install': True, 'test_result_base': None}
[0.213s] Level 5:colcon.colcon_core.verb:set package 'mobo_bot_sim' build argument 'cmake_args' from command line to 'None'
[0.213s] Level 5:colcon.colcon_core.verb:set package 'mobo_bot_sim' build argument 'cmake_target' from command line to 'None'
[0.213s] Level 5:colcon.colcon_core.verb:set package 'mobo_bot_sim' build argument 'cmake_target_skip_unavailable' from command line to 'False'
[0.213s] Level 5:colcon.colcon_core.verb:set package 'mobo_bot_sim' build argument 'cmake_clean_cache' from command line to 'False'
[0.213s] Level 5:colcon.colcon_core.verb:set package 'mobo_bot_sim' build argument 'cmake_clean_first' from command line to 'False'
[0.213s] Level 5:colcon.colcon_core.verb:set package 'mobo_bot_sim' build argument 'cmake_force_configure' from command line to 'False'
[0.213s] Level 5:colcon.colcon_core.verb:set package 'mobo_bot_sim' build argument 'ament_cmake_args' from command line to 'None'
[0.213s] Level 5:colcon.colcon_core.verb:set package 'mobo_bot_sim' build argument 'catkin_cmake_args' from command line to 'None'
[0.213s] Level 5:colcon.colcon_core.verb:set package 'mobo_bot_sim' build argument 'catkin_skip_building_tests' from command line to 'False'
[0.213s] DEBUG:colcon.colcon_core.verb:Building package 'mobo_bot_sim' with the following arguments: {'ament_cmake_args': None, 'build_base': '/home/rohan87/mobo_bot_ws/build/mobo_bot_sim', 'catkin_cmake_args': None, 'catkin_skip_building_tests': False, 'cmake_args': None, 'cmake_clean_cache': False, 'cmake_clean_first': False, 'cmake_force_configure': False, 'cmake_target': None, 'cmake_target_skip_unavailable': False, 'install_base': '/home/rohan87/mobo_bot_ws/install/mobo_bot_sim', 'merge_install': False, 'path': '/home/rohan87/mobo_bot_ws/src/mobo_bot/mobo_bot_sim', 'symlink_install': True, 'test_result_base': None}
[0.213s] INFO:colcon.colcon_core.executor:Executing jobs using 'parallel' executor
[0.214s] DEBUG:colcon.colcon_parallel_executor.executor.parallel:run_until_complete
[0.214s] INFO:colcon.colcon_ros.task.ament_python.build:Building ROS package in '/home/rohan87/mobo_bot_ws/src/arrow_key_teleop_drive' with build type 'ament_python'
[0.214s] Level 1:colcon.colcon_core.shell:create_environment_hook('arrow_key_teleop_drive', 'ament_prefix_path')
[0.215s] INFO:colcon.colcon_core.plugin_system:Skipping extension 'colcon_core.shell.bat': Not used on non-Windows systems
[0.215s] INFO:colcon.colcon_core.shell:Creating environment hook '/home/rohan87/mobo_bot_ws/install/arrow_key_teleop_drive/share/arrow_key_teleop_drive/hook/ament_prefix_path.ps1'
[0.216s] INFO:colcon.colcon_core.shell:Creating environment descriptor '/home/rohan87/mobo_bot_ws/install/arrow_key_teleop_drive/share/arrow_key_teleop_drive/hook/ament_prefix_path.dsv'
[0.216s] INFO:colcon.colcon_core.shell:Creating environment hook '/home/rohan87/mobo_bot_ws/install/arrow_key_teleop_drive/share/arrow_key_teleop_drive/hook/ament_prefix_path.sh'
[0.216s] INFO:colcon.colcon_core.shell:Skip shell extension 'powershell' for command environment: Not usable outside of PowerShell
[0.216s] DEBUG:colcon.colcon_core.shell:Skip shell extension 'dsv' for command environment
[0.218s] INFO:colcon.colcon_ros.task.ament_cmake.build:Building ROS package in '/home/rohan87/mobo_bot_ws/src/mobo_bot/mobo_bot_base' with build type 'ament_cmake'
[0.218s] INFO:colcon.colcon_cmake.task.cmake.build:Building CMake package in '/home/rohan87/mobo_bot_ws/src/mobo_bot/mobo_bot_base'
[0.218s] INFO:colcon.colcon_core.shell:Skip shell extension 'powershell' for command environment: Not usable outside of PowerShell
[0.218s] DEBUG:colcon.colcon_core.shell:Skip shell extension 'dsv' for command environment
[0.220s] INFO:colcon.colcon_ros.task.ament_cmake.build:Building ROS package in '/home/rohan87/mobo_bot_ws/src/mobo_bot/mobo_bot_bringup' with build type 'ament_cmake'
[0.220s] INFO:colcon.colcon_cmake.task.cmake.build:Building CMake package in '/home/rohan87/mobo_bot_ws/src/mobo_bot/mobo_bot_bringup'
[0.220s] INFO:colcon.colcon_core.shell:Skip shell extension 'powershell' for command environment: Not usable outside of PowerShell
[0.220s] DEBUG:colcon.colcon_core.shell:Skip shell extension 'dsv' for command environment
[0.222s] INFO:colcon.colcon_ros.task.ament_cmake.build:Building ROS package in '/home/rohan87/mobo_bot_ws/src/mobo_bot/mobo_bot_description' with build type 'ament_cmake'
[0.222s] INFO:colcon.colcon_cmake.task.cmake.build:Building CMake package in '/home/rohan87/mobo_bot_ws/src/mobo_bot/mobo_bot_description'
[0.222s] INFO:colcon.colcon_core.shell:Skip shell extension 'powershell' for command environment: Not usable outside of PowerShell
[0.222s] DEBUG:colcon.colcon_core.shell:Skip shell extension 'dsv' for command environment
[0.224s] INFO:colcon.colcon_ros.task.ament_cmake.build:Building ROS package in '/home/rohan87/mobo_bot_ws/src/mobo_bot/mobo_bot_navigation' with build type 'ament_cmake'
[0.224s] INFO:colcon.colcon_cmake.task.cmake.build:Building CMake package in '/home/rohan87/mobo_bot_ws/src/mobo_bot/mobo_bot_navigation'
[0.224s] INFO:colcon.colcon_core.shell:Skip shell extension 'powershell' for command environment: Not usable outside of PowerShell
[0.224s] DEBUG:colcon.colcon_core.shell:Skip shell extension 'dsv' for command environment
[0.226s] INFO:colcon.colcon_ros.task.ament_cmake.build:Building ROS package in '/home/rohan87/mobo_bot_ws/src/mobo_bot/mobo_bot_rviz' with build type 'ament_cmake'
[0.226s] INFO:colcon.colcon_cmake.task.cmake.build:Building CMake package in '/home/rohan87/mobo_bot_ws/src/mobo_bot/mobo_bot_rviz'
[0.226s] INFO:colcon.colcon_core.shell:Skip shell extension 'powershell' for command environment: Not usable outside of PowerShell
[0.226s] DEBUG:colcon.colcon_core.shell:Skip shell extension 'dsv' for command environment
[0.228s] INFO:colcon.colcon_ros.task.ament_cmake.build:Building ROS package in '/home/rohan87/mobo_bot_ws/src/mobo_bot/mobo_bot_sim' with build type 'ament_cmake'
[0.228s] INFO:colcon.colcon_cmake.task.cmake.build:Building CMake package in '/home/rohan87/mobo_bot_ws/src/mobo_bot/mobo_bot_sim'
[0.228s] INFO:colcon.colcon_core.shell:Skip shell extension 'powershell' for command environment: Not usable outside of PowerShell
[0.228s] DEBUG:colcon.colcon_core.shell:Skip shell extension 'dsv' for command environment
[0.373s] INFO:colcon.colcon_core.task.python.build:Building Python package in '/home/rohan87/mobo_bot_ws/src/arrow_key_teleop_drive'
[0.373s] INFO:colcon.colcon_core.shell:Skip shell extension 'powershell' for command environment: Not usable outside of PowerShell
[0.373s] DEBUG:colcon.colcon_core.shell:Skip shell extension 'dsv' for command environment
[0.381s] DEBUG:colcon.colcon_core.event_handler.log_command:Invoking command in '/home/rohan87/mobo_bot_ws/build/mobo_bot_base': CMAKE_PREFIX_PATH=/opt/ros/humble /usr/bin/cmake /home/rohan87/mobo_bot_ws/src/mobo_bot/mobo_bot_base -DAMENT_CMAKE_SYMLINK_INSTALL=1 -DCMAKE_INSTALL_PREFIX=/home/rohan87/mobo_bot_ws/install/mobo_bot_base
[0.381s] DEBUG:colcon.colcon_core.event_handler.log_command:Invoking command in '/home/rohan87/mobo_bot_ws/build/mobo_bot_bringup': CMAKE_PREFIX_PATH=/opt/ros/humble /usr/bin/cmake /home/rohan87/mobo_bot_ws/src/mobo_bot/mobo_bot_bringup -DAMENT_CMAKE_SYMLINK_INSTALL=1 -DCMAKE_INSTALL_PREFIX=/home/rohan87/mobo_bot_ws/install/mobo_bot_bringup
[0.383s] DEBUG:colcon.colcon_core.event_handler.log_command:Invoking command in '/home/rohan87/mobo_bot_ws/build/mobo_bot_description': CMAKE_PREFIX_PATH=/opt/ros/humble /usr/bin/cmake /home/rohan87/mobo_bot_ws/src/mobo_bot/mobo_bot_description -DAMENT_CMAKE_SYMLINK_INSTALL=1 -DCMAKE_INSTALL_PREFIX=/home/rohan87/mobo_bot_ws/install/mobo_bot_description
[0.384s] DEBUG:colcon.colcon_core.event_handler.log_command:Invoking command in '/home/rohan87/mobo_bot_ws/build/mobo_bot_navigation': CMAKE_PREFIX_PATH=/opt/ros/humble /usr/bin/cmake /home/rohan87/mobo_bot_ws/src/mobo_bot/mobo_bot_navigation -DAMENT_CMAKE_SYMLINK_INSTALL=1 -DCMAKE_INSTALL_PREFIX=/home/rohan87/mobo_bot_ws/install/mobo_bot_navigation
[0.387s] DEBUG:colcon.colcon_core.event_handler.log_command:Invoking command in '/home/rohan87/mobo_bot_ws/build/mobo_bot_rviz': CMAKE_PREFIX_PATH=/opt/ros/humble /usr/bin/cmake /home/rohan87/mobo_bot_ws/src/mobo_bot/mobo_bot_rviz -DAMENT_CMAKE_SYMLINK_INSTALL=1 -DCMAKE_INSTALL_PREFIX=/home/rohan87/mobo_bot_ws/install/mobo_bot_rviz
[0.391s] DEBUG:colcon.colcon_core.event_handler.log_command:Invoking command in '/home/rohan87/mobo_bot_ws/build/mobo_bot_sim': CMAKE_PREFIX_PATH=/opt/ros/humble /usr/bin/cmake /home/rohan87/mobo_bot_ws/src/mobo_bot/mobo_bot_sim -DAMENT_CMAKE_SYMLINK_INSTALL=1 -DCMAKE_INSTALL_PREFIX=/home/rohan87/mobo_bot_ws/install/mobo_bot_sim
[0.752s] DEBUG:colcon.colcon_core.event_handler.log_command:Invoking command in '/home/rohan87/mobo_bot_ws/build/arrow_key_teleop_drive': PYTHONPATH=/home/rohan87/mobo_bot_ws/build/arrow_key_teleop_drive/prefix_override:/usr/lib/python3/dist-packages/colcon_core/task/python/colcon_distutils_commands:/home/rohan87/mobo_bot_ws/install/arrow_key_teleop_drive/lib/python3.10/site-packages:${PYTHONPATH} /usr/bin/python3 -W ignore:setup.py install is deprecated -W ignore:easy_install command is deprecated setup.py develop --editable --build-directory /home/rohan87/mobo_bot_ws/build/arrow_key_teleop_drive/build --no-deps symlink_data
[0.938s] DEBUG:colcon.colcon_core.event_handler.log_command:Invoked command in '/home/rohan87/mobo_bot_ws/build/mobo_bot_navigation' returned '0': CMAKE_PREFIX_PATH=/opt/ros/humble /usr/bin/cmake /home/rohan87/mobo_bot_ws/src/mobo_bot/mobo_bot_navigation -DAMENT_CMAKE_SYMLINK_INSTALL=1 -DCMAKE_INSTALL_PREFIX=/home/rohan87/mobo_bot_ws/install/mobo_bot_navigation
[0.940s] DEBUG:colcon.colcon_core.event_handler.log_command:Invoking command in '/home/rohan87/mobo_bot_ws/build/mobo_bot_navigation': CMAKE_PREFIX_PATH=/opt/ros/humble /usr/bin/cmake --build /home/rohan87/mobo_bot_ws/build/mobo_bot_navigation -- -j12 -l12
[0.941s] DEBUG:colcon.colcon_core.event_handler.log_command:Invoked command in '/home/rohan87/mobo_bot_ws/build/mobo_bot_description' returned '0': CMAKE_PREFIX_PATH=/opt/ros/humble /usr/bin/cmake /home/rohan87/mobo_bot_ws/src/mobo_bot/mobo_bot_description -DAMENT_CMAKE_SYMLINK_INSTALL=1 -DCMAKE_INSTALL_PREFIX=/home/rohan87/mobo_bot_ws/install/mobo_bot_description
[0.943s] DEBUG:colcon.colcon_core.event_handler.log_command:Invoking command in '/home/rohan87/mobo_bot_ws/build/mobo_bot_description': CMAKE_PREFIX_PATH=/opt/ros/humble /usr/bin/cmake --build /home/rohan87/mobo_bot_ws/build/mobo_bot_description -- -j12 -l12
[0.943s] DEBUG:colcon.colcon_core.event_handler.log_command:Invoked command in '/home/rohan87/mobo_bot_ws/build/mobo_bot_sim' returned '0': CMAKE_PREFIX_PATH=/opt/ros/humble /usr/bin/cmake /home/rohan87/mobo_bot_ws/src/mobo_bot/mobo_bot_sim -DAMENT_CMAKE_SYMLINK_INSTALL=1 -DCMAKE_INSTALL_PREFIX=/home/rohan87/mobo_bot_ws/install/mobo_bot_sim
[0.944s] DEBUG:colcon.colcon_core.event_handler.log_command:Invoking command in '/home/rohan87/mobo_bot_ws/build/mobo_bot_sim': CMAKE_PREFIX_PATH=/opt/ros/humble /usr/bin/cmake --build /home/rohan87/mobo_bot_ws/build/mobo_bot_sim -- -j12 -l12
[0.957s] DEBUG:colcon.colcon_core.event_handler.log_command:Invoked command in '/home/rohan87/mobo_bot_ws/build/mobo_bot_rviz' returned '0': CMAKE_PREFIX_PATH=/opt/ros/humble /usr/bin/cmake /home/rohan87/mobo_bot_ws/src/mobo_bot/mobo_bot_rviz -DAMENT_CMAKE_SYMLINK_INSTALL=1 -DCMAKE_INSTALL_PREFIX=/home/rohan87/mobo_bot_ws/install/mobo_bot_rviz
[0.958s] DEBUG:colcon.colcon_core.event_handler.log_command:Invoking command in '/home/rohan87/mobo_bot_ws/build/mobo_bot_rviz': CMAKE_PREFIX_PATH=/opt/ros/humble /usr/bin/cmake --build /home/rohan87/mobo_bot_ws/build/mobo_bot_rviz -- -j12 -l12
[0.959s] DEBUG:colcon.colcon_core.event_handler.log_command:Invoked command in '/home/rohan87/mobo_bot_ws/build/mobo_bot_bringup' returned '0': CMAKE_PREFIX_PATH=/opt/ros/humble /usr/bin/cmake /home/rohan87/mobo_bot_ws/src/mobo_bot/mobo_bot_bringup -DAMENT_CMAKE_SYMLINK_INSTALL=1 -DCMAKE_INSTALL_PREFIX=/home/rohan87/mobo_bot_ws/install/mobo_bot_bringup
[0.961s] DEBUG:colcon.colcon_core.event_handler.log_command:Invoking command in '/home/rohan87/mobo_bot_ws/build/mobo_bot_bringup': CMAKE_PREFIX_PATH=/opt/ros/humble /usr/bin/cmake --build /home/rohan87/mobo_bot_ws/build/mobo_bot_bringup -- -j12 -l12
[0.969s] DEBUG:colcon.colcon_core.event_handler.log_command:Invoked command in '/home/rohan87/mobo_bot_ws/build/mobo_bot_sim' returned '0': CMAKE_PREFIX_PATH=/opt/ros/humble /usr/bin/cmake --build /home/rohan87/mobo_bot_ws/build/mobo_bot_sim -- -j12 -l12
[0.978s] DEBUG:colcon.colcon_core.event_handler.log_command:Invoking command in '/home/rohan87/mobo_bot_ws/build/mobo_bot_sim': CMAKE_PREFIX_PATH=/opt/ros/humble /usr/bin/cmake --install /home/rohan87/mobo_bot_ws/build/mobo_bot_sim
[0.978s] DEBUG:colcon.colcon_core.event_handler.log_command:Invoked command in '/home/rohan87/mobo_bot_ws/build/mobo_bot_description' returned '0': CMAKE_PREFIX_PATH=/opt/ros/humble /usr/bin/cmake --build /home/rohan87/mobo_bot_ws/build/mobo_bot_description -- -j12 -l12
[0.979s] DEBUG:colcon.colcon_core.event_handler.log_command:Invoking command in '/home/rohan87/mobo_bot_ws/build/mobo_bot_description': CMAKE_PREFIX_PATH=/opt/ros/humble /usr/bin/cmake --install /home/rohan87/mobo_bot_ws/build/mobo_bot_description
[0.980s] DEBUG:colcon.colcon_core.event_handler.log_command:Invoked command in '/home/rohan87/mobo_bot_ws/build/mobo_bot_navigation' returned '0': CMAKE_PREFIX_PATH=/opt/ros/humble /usr/bin/cmake --build /home/rohan87/mobo_bot_ws/build/mobo_bot_navigation -- -j12 -l12
[0.982s] DEBUG:colcon.colcon_core.event_handler.log_command:Invoking command in '/home/rohan87/mobo_bot_ws/build/mobo_bot_navigation': CMAKE_PREFIX_PATH=/opt/ros/humble /usr/bin/cmake --install /home/rohan87/mobo_bot_ws/build/mobo_bot_navigation
[0.987s] DEBUG:colcon.colcon_core.event_handler.log_command:Invoked command in '/home/rohan87/mobo_bot_ws/build/mobo_bot_rviz' returned '0': CMAKE_PREFIX_PATH=/opt/ros/humble /usr/bin/cmake --build /home/rohan87/mobo_bot_ws/build/mobo_bot_rviz -- -j12 -l12
[0.989s] DEBUG:colcon.colcon_core.event_handler.log_command:Invoking command in '/home/rohan87/mobo_bot_ws/build/mobo_bot_rviz': CMAKE_PREFIX_PATH=/opt/ros/humble /usr/bin/cmake --install /home/rohan87/mobo_bot_ws/build/mobo_bot_rviz
[0.993s] DEBUG:colcon.colcon_core.event_handler.log_command:Invoked command in '/home/rohan87/mobo_bot_ws/build/mobo_bot_bringup' returned '0': CMAKE_PREFIX_PATH=/opt/ros/humble /usr/bin/cmake --build /home/rohan87/mobo_bot_ws/build/mobo_bot_bringup -- -j12 -l12
[0.994s] DEBUG:colcon.colcon_core.event_handler.log_command:Invoking command in '/home/rohan87/mobo_bot_ws/build/mobo_bot_bringup': CMAKE_PREFIX_PATH=/opt/ros/humble /usr/bin/cmake --install /home/rohan87/mobo_bot_ws/build/mobo_bot_bringup
[1.085s] Level 1:colcon.colcon_core.shell:create_environment_hook('arrow_key_teleop_drive', 'pythonpath_develop')
[1.085s] INFO:colcon.colcon_core.shell:Creating environment hook '/home/rohan87/mobo_bot_ws/build/arrow_key_teleop_drive/share/arrow_key_teleop_drive/hook/pythonpath_develop.ps1'
[1.086s] DEBUG:colcon.colcon_core.event_handler.log_command:Invoked command in '/home/rohan87/mobo_bot_ws/build/arrow_key_teleop_drive' returned '0': PYTHONPATH=/home/rohan87/mobo_bot_ws/build/arrow_key_teleop_drive/prefix_override:/usr/lib/python3/dist-packages/colcon_core/task/python/colcon_distutils_commands:/home/rohan87/mobo_bot_ws/install/arrow_key_teleop_drive/lib/python3.10/site-packages:${PYTHONPATH} /usr/bin/python3 -W ignore:setup.py install is deprecated -W ignore:easy_install command is deprecated setup.py develop --editable --build-directory /home/rohan87/mobo_bot_ws/build/arrow_key_teleop_drive/build --no-deps symlink_data
[1.086s] INFO:colcon.colcon_core.shell:Creating environment descriptor '/home/rohan87/mobo_bot_ws/build/arrow_key_teleop_drive/share/arrow_key_teleop_drive/hook/pythonpath_develop.dsv'
[1.087s] INFO:colcon.colcon_core.shell:Creating environment hook '/home/rohan87/mobo_bot_ws/build/arrow_key_teleop_drive/share/arrow_key_teleop_drive/hook/pythonpath_develop.sh'
[1.090s] Level 1:colcon.colcon_core.environment:checking '/home/rohan87/mobo_bot_ws/install/arrow_key_teleop_drive' for CMake module files
[1.091s] Level 1:colcon.colcon_core.environment:checking '/home/rohan87/mobo_bot_ws/install/arrow_key_teleop_drive' for CMake config files
[1.091s] Level 1:colcon.colcon_core.environment:checking '/home/rohan87/mobo_bot_ws/install/arrow_key_teleop_drive/lib'
[1.092s] Level 1:colcon.colcon_core.environment:checking '/home/rohan87/mobo_bot_ws/install/arrow_key_teleop_drive/bin'
[1.092s] Level 1:colcon.colcon_core.environment:checking '/home/rohan87/mobo_bot_ws/install/arrow_key_teleop_drive/lib/pkgconfig/arrow_key_teleop_drive.pc'
[1.092s] Level 1:colcon.colcon_core.environment:checking '/home/rohan87/mobo_bot_ws/install/arrow_key_teleop_drive/lib/python3.10/site-packages'
[1.092s] Level 1:colcon.colcon_core.shell:create_environment_hook('arrow_key_teleop_drive', 'pythonpath')
[1.092s] INFO:colcon.colcon_core.shell:Creating environment hook '/home/rohan87/mobo_bot_ws/install/arrow_key_teleop_drive/share/arrow_key_teleop_drive/hook/pythonpath.ps1'
[1.092s] INFO:colcon.colcon_core.shell:Creating environment descriptor '/home/rohan87/mobo_bot_ws/install/arrow_key_teleop_drive/share/arrow_key_teleop_drive/hook/pythonpath.dsv'
[1.093s] INFO:colcon.colcon_core.shell:Creating environment hook '/home/rohan87/mobo_bot_ws/install/arrow_key_teleop_drive/share/arrow_key_teleop_drive/hook/pythonpath.sh'
[1.093s] Level 1:colcon.colcon_core.environment:checking '/home/rohan87/mobo_bot_ws/install/arrow_key_teleop_drive/bin'
[1.093s] Level 1:colcon.colcon_core.environment:create_environment_scripts_only(arrow_key_teleop_drive)
[1.093s] INFO:colcon.colcon_core.shell:Creating package script '/home/rohan87/mobo_bot_ws/install/arrow_key_teleop_drive/share/arrow_key_teleop_drive/package.ps1'
[1.095s] INFO:colcon.colcon_core.shell:Creating package descriptor '/home/rohan87/mobo_bot_ws/install/arrow_key_teleop_drive/share/arrow_key_teleop_drive/package.dsv'
[1.095s] INFO:colcon.colcon_core.shell:Creating package script '/home/rohan87/mobo_bot_ws/install/arrow_key_teleop_drive/share/arrow_key_teleop_drive/package.sh'
[1.096s] INFO:colcon.colcon_core.shell:Creating package script '/home/rohan87/mobo_bot_ws/install/arrow_key_teleop_drive/share/arrow_key_teleop_drive/package.bash'
[1.096s] INFO:colcon.colcon_core.shell:Creating package script '/home/rohan87/mobo_bot_ws/install/arrow_key_teleop_drive/share/arrow_key_teleop_drive/package.zsh'
[1.097s] Level 1:colcon.colcon_core.environment:create_file_with_runtime_dependencies(/home/rohan87/mobo_bot_ws/install/arrow_key_teleop_drive/share/colcon-core/packages/arrow_key_teleop_drive)
[1.154s] Level 1:colcon.colcon_core.environment:create_environment_scripts_only(mobo_bot_bringup)
[1.155s] Level 1:colcon.colcon_core.environment:checking '/home/rohan87/mobo_bot_ws/install/mobo_bot_bringup' for CMake module files
[1.155s] DEBUG:colcon.colcon_core.event_handler.log_command:Invoked command in '/home/rohan87/mobo_bot_ws/build/mobo_bot_bringup' returned '0': CMAKE_PREFIX_PATH=/opt/ros/humble /usr/bin/cmake --install /home/rohan87/mobo_bot_ws/build/mobo_bot_bringup
[1.156s] Level 1:colcon.colcon_core.environment:checking '/home/rohan87/mobo_bot_ws/install/mobo_bot_bringup' for CMake config files
[1.156s] Level 1:colcon.colcon_core.shell:create_environment_hook('mobo_bot_bringup', 'cmake_prefix_path')
[1.157s] INFO:colcon.colcon_core.shell:Creating environment hook '/home/rohan87/mobo_bot_ws/install/mobo_bot_bringup/share/mobo_bot_bringup/hook/cmake_prefix_path.ps1'
[1.157s] INFO:colcon.colcon_core.shell:Creating environment descriptor '/home/rohan87/mobo_bot_ws/install/mobo_bot_bringup/share/mobo_bot_bringup/hook/cmake_prefix_path.dsv'
[1.158s] INFO:colcon.colcon_core.shell:Creating environment hook '/home/rohan87/mobo_bot_ws/install/mobo_bot_bringup/share/mobo_bot_bringup/hook/cmake_prefix_path.sh'
[1.158s] Level 1:colcon.colcon_core.environment:checking '/home/rohan87/mobo_bot_ws/install/mobo_bot_bringup/bin'
[1.158s] Level 1:colcon.colcon_core.environment:checking '/home/rohan87/mobo_bot_ws/install/mobo_bot_bringup/lib/pkgconfig/mobo_bot_bringup.pc'
[1.159s] Level 1:colcon.colcon_core.environment:checking '/home/rohan87/mobo_bot_ws/install/mobo_bot_bringup/lib/python3.10/site-packages'
[1.159s] Level 1:colcon.colcon_core.environment:checking '/home/rohan87/mobo_bot_ws/install/mobo_bot_bringup/bin'
[1.159s] INFO:colcon.colcon_core.shell:Creating package script '/home/rohan87/mobo_bot_ws/install/mobo_bot_bringup/share/mobo_bot_bringup/package.ps1'
[1.160s] INFO:colcon.colcon_core.shell:Creating package descriptor '/home/rohan87/mobo_bot_ws/install/mobo_bot_bringup/share/mobo_bot_bringup/package.dsv'
[1.160s] INFO:colcon.colcon_core.shell:Creating package script '/home/rohan87/mobo_bot_ws/install/mobo_bot_bringup/share/mobo_bot_bringup/package.sh'
[1.160s] INFO:colcon.colcon_core.shell:Creating package script '/home/rohan87/mobo_bot_ws/install/mobo_bot_bringup/share/mobo_bot_bringup/package.bash'
[1.160s] INFO:colcon.colcon_core.shell:Creating package script '/home/rohan87/mobo_bot_ws/install/mobo_bot_bringup/share/mobo_bot_bringup/package.zsh'
[1.160s] Level 1:colcon.colcon_core.environment:create_file_with_runtime_dependencies(/home/rohan87/mobo_bot_ws/install/mobo_bot_bringup/share/colcon-core/packages/mobo_bot_bringup)
[1.161s] Level 1:colcon.colcon_core.environment:create_environment_scripts_only(mobo_bot_bringup)
[1.161s] Level 1:colcon.colcon_core.environment:checking '/home/rohan87/mobo_bot_ws/install/mobo_bot_bringup' for CMake module files
[1.161s] Level 1:colcon.colcon_core.environment:checking '/home/rohan87/mobo_bot_ws/install/mobo_bot_bringup' for CMake config files
[1.162s] Level 1:colcon.colcon_core.shell:create_environment_hook('mobo_bot_bringup', 'cmake_prefix_path')
[1.162s] INFO:colcon.colcon_core.shell:Creating environment hook '/home/rohan87/mobo_bot_ws/install/mobo_bot_bringup/share/mobo_bot_bringup/hook/cmake_prefix_path.ps1'
[1.162s] INFO:colcon.colcon_core.shell:Creating environment descriptor '/home/rohan87/mobo_bot_ws/install/mobo_bot_bringup/share/mobo_bot_bringup/hook/cmake_prefix_path.dsv'
[1.163s] INFO:colcon.colcon_core.shell:Creating environment hook '/home/rohan87/mobo_bot_ws/install/mobo_bot_bringup/share/mobo_bot_bringup/hook/cmake_prefix_path.sh'
[1.164s] Level 1:colcon.colcon_core.environment:checking '/home/rohan87/mobo_bot_ws/install/mobo_bot_bringup/bin'
[1.164s] Level 1:colcon.colcon_core.environment:checking '/home/rohan87/mobo_bot_ws/install/mobo_bot_bringup/lib/pkgconfig/mobo_bot_bringup.pc'
[1.164s] Level 1:colcon.colcon_core.environment:checking '/home/rohan87/mobo_bot_ws/install/mobo_bot_bringup/lib/python3.10/site-packages'
[1.164s] Level 1:colcon.colcon_core.environment:checking '/home/rohan87/mobo_bot_ws/install/mobo_bot_bringup/bin'
[1.165s] INFO:colcon.colcon_core.shell:Creating package script '/home/rohan87/mobo_bot_ws/install/mobo_bot_bringup/share/mobo_bot_bringup/package.ps1'
[1.165s] INFO:colcon.colcon_core.shell:Creating package descriptor '/home/rohan87/mobo_bot_ws/install/mobo_bot_bringup/share/mobo_bot_bringup/package.dsv'
[1.166s] INFO:colcon.colcon_core.shell:Creating package script '/home/rohan87/mobo_bot_ws/install/mobo_bot_bringup/share/mobo_bot_bringup/package.sh'
[1.166s] INFO:colcon.colcon_core.shell:Creating package script '/home/rohan87/mobo_bot_ws/install/mobo_bot_bringup/share/mobo_bot_bringup/package.bash'
[1.166s] INFO:colcon.colcon_core.shell:Creating package script '/home/rohan87/mobo_bot_ws/install/mobo_bot_bringup/share/mobo_bot_bringup/package.zsh'
[1.167s] Level 1:colcon.colcon_core.environment:create_file_with_runtime_dependencies(/home/rohan87/mobo_bot_ws/install/mobo_bot_bringup/share/colcon-core/packages/mobo_bot_bringup)
[1.167s] Level 1:colcon.colcon_core.environment:create_environment_scripts_only(mobo_bot_navigation)
[1.168s] Level 1:colcon.colcon_core.environment:checking '/home/rohan87/mobo_bot_ws/install/mobo_bot_navigation' for CMake module files
[1.169s] DEBUG:colcon.colcon_core.event_handler.log_command:Invoked command in '/home/rohan87/mobo_bot_ws/build/mobo_bot_navigation' returned '0': CMAKE_PREFIX_PATH=/opt/ros/humble /usr/bin/cmake --install /home/rohan87/mobo_bot_ws/build/mobo_bot_navigation
[1.169s] Level 1:colcon.colcon_core.environment:checking '/home/rohan87/mobo_bot_ws/install/mobo_bot_navigation' for CMake config files
[1.169s] Level 1:colcon.colcon_core.shell:create_environment_hook('mobo_bot_navigation', 'cmake_prefix_path')
[1.169s] INFO:colcon.colcon_core.shell:Creating environment hook '/home/rohan87/mobo_bot_ws/install/mobo_bot_navigation/share/mobo_bot_navigation/hook/cmake_prefix_path.ps1'
[1.170s] INFO:colcon.colcon_core.shell:Creating environment descriptor '/home/rohan87/mobo_bot_ws/install/mobo_bot_navigation/share/mobo_bot_navigation/hook/cmake_prefix_path.dsv'
[1.170s] INFO:colcon.colcon_core.shell:Creating environment hook '/home/rohan87/mobo_bot_ws/install/mobo_bot_navigation/share/mobo_bot_navigation/hook/cmake_prefix_path.sh'
[1.170s] Level 1:colcon.colcon_core.environment:checking '/home/rohan87/mobo_bot_ws/install/mobo_bot_navigation/bin'
[1.170s] Level 1:colcon.colcon_core.environment:checking '/home/rohan87/mobo_bot_ws/install/mobo_bot_navigation/lib/pkgconfig/mobo_bot_navigation.pc'
[1.170s] Level 1:colcon.colcon_core.environment:checking '/home/rohan87/mobo_bot_ws/install/mobo_bot_navigation/lib/python3.10/site-packages'
[1.170s] Level 1:colcon.colcon_core.environment:checking '/home/rohan87/mobo_bot_ws/install/mobo_bot_navigation/bin'
[1.171s] INFO:colcon.colcon_core.shell:Creating package script '/home/rohan87/mobo_bot_ws/install/mobo_bot_navigation/share/mobo_bot_navigation/package.ps1'
[1.171s] INFO:colcon.colcon_core.shell:Creating package descriptor '/home/rohan87/mobo_bot_ws/install/mobo_bot_navigation/share/mobo_bot_navigation/package.dsv'
[1.171s] INFO:colcon.colcon_core.shell:Creating package script '/home/rohan87/mobo_bot_ws/install/mobo_bot_navigation/share/mobo_bot_navigation/package.sh'
[1.171s] INFO:colcon.colcon_core.shell:Creating package script '/home/rohan87/mobo_bot_ws/install/mobo_bot_navigation/share/mobo_bot_navigation/package.bash'
[1.172s] INFO:colcon.colcon_core.shell:Creating package script '/home/rohan87/mobo_bot_ws/install/mobo_bot_navigation/share/mobo_bot_navigation/package.zsh'
[1.172s] Level 1:colcon.colcon_core.environment:create_file_with_runtime_dependencies(/home/rohan87/mobo_bot_ws/install/mobo_bot_navigation/share/colcon-core/packages/mobo_bot_navigation)
[1.172s] Level 1:colcon.colcon_core.environment:create_environment_scripts_only(mobo_bot_navigation)
[1.172s] Level 1:colcon.colcon_core.environment:checking '/home/rohan87/mobo_bot_ws/install/mobo_bot_navigation' for CMake module files
[1.172s] Level 1:colcon.colcon_core.environment:checking '/home/rohan87/mobo_bot_ws/install/mobo_bot_navigation' for CMake config files
[1.173s] Level 1:colcon.colcon_core.shell:create_environment_hook('mobo_bot_navigation', 'cmake_prefix_path')
[1.173s] INFO:colcon.colcon_core.shell:Creating environment hook '/home/rohan87/mobo_bot_ws/install/mobo_bot_navigation/share/mobo_bot_navigation/hook/cmake_prefix_path.ps1'
[1.173s] INFO:colcon.colcon_core.shell:Creating environment descriptor '/home/rohan87/mobo_bot_ws/install/mobo_bot_navigation/share/mobo_bot_navigation/hook/cmake_prefix_path.dsv'
[1.173s] INFO:colcon.colcon_core.shell:Creating environment hook '/home/rohan87/mobo_bot_ws/install/mobo_bot_navigation/share/mobo_bot_navigation/hook/cmake_prefix_path.sh'
[1.173s] Level 1:colcon.colcon_core.environment:checking '/home/rohan87/mobo_bot_ws/install/mobo_bot_navigation/bin'
[1.173s] Level 1:colcon.colcon_core.environment:checking '/home/rohan87/mobo_bot_ws/install/mobo_bot_navigation/lib/pkgconfig/mobo_bot_navigation.pc'
[1.174s] Level 1:colcon.colcon_core.environment:checking '/home/rohan87/mobo_bot_ws/install/mobo_bot_navigation/lib/python3.10/site-packages'
[1.174s] Level 1:colcon.colcon_core.environment:checking '/home/rohan87/mobo_bot_ws/install/mobo_bot_navigation/bin'
[1.174s] INFO:colcon.colcon_core.shell:Creating package script '/home/rohan87/mobo_bot_ws/install/mobo_bot_navigation/share/mobo_bot_navigation/package.ps1'
[1.174s] INFO:colcon.colcon_core.shell:Creating package descriptor '/home/rohan87/mobo_bot_ws/install/mobo_bot_navigation/share/mobo_bot_navigation/package.dsv'
[1.175s] INFO:colcon.colcon_core.shell:Creating package script '/home/rohan87/mobo_bot_ws/install/mobo_bot_navigation/share/mobo_bot_navigation/package.sh'
[1.175s] INFO:colcon.colcon_core.shell:Creating package script '/home/rohan87/mobo_bot_ws/install/mobo_bot_navigation/share/mobo_bot_navigation/package.bash'
[1.175s] INFO:colcon.colcon_core.shell:Creating package script '/home/rohan87/mobo_bot_ws/install/mobo_bot_navigation/share/mobo_bot_navigation/package.zsh'
[1.175s] Level 1:colcon.colcon_core.environment:create_file_with_runtime_dependencies(/home/rohan87/mobo_bot_ws/install/mobo_bot_navigation/share/colcon-core/packages/mobo_bot_navigation)
[1.176s] Level 1:colcon.colcon_core.environment:create_environment_scripts_only(mobo_bot_description)
[1.176s] Level 1:colcon.colcon_core.environment:checking '/home/rohan87/mobo_bot_ws/install/mobo_bot_description' for CMake module files
[1.177s] DEBUG:colcon.colcon_core.event_handler.log_command:Invoked command in '/home/rohan87/mobo_bot_ws/build/mobo_bot_description' returned '0': CMAKE_PREFIX_PATH=/opt/ros/humble /usr/bin/cmake --install /home/rohan87/mobo_bot_ws/build/mobo_bot_description
[1.177s] Level 1:colcon.colcon_core.environment:checking '/home/rohan87/mobo_bot_ws/install/mobo_bot_description' for CMake config files
[1.177s] Level 1:colcon.colcon_core.shell:create_environment_hook('mobo_bot_description', 'cmake_prefix_path')
[1.177s] INFO:colcon.colcon_core.shell:Creating environment hook '/home/rohan87/mobo_bot_ws/install/mobo_bot_description/share/mobo_bot_description/hook/cmake_prefix_path.ps1'
[1.177s] INFO:colcon.colcon_core.shell:Creating environment descriptor '/home/rohan87/mobo_bot_ws/install/mobo_bot_description/share/mobo_bot_description/hook/cmake_prefix_path.dsv'
[1.178s] INFO:colcon.colcon_core.shell:Creating environment hook '/home/rohan87/mobo_bot_ws/install/mobo_bot_description/share/mobo_bot_description/hook/cmake_prefix_path.sh'
[1.178s] Level 1:colcon.colcon_core.environment:checking '/home/rohan87/mobo_bot_ws/install/mobo_bot_description/bin'
[1.178s] Level 1:colcon.colcon_core.environment:checking '/home/rohan87/mobo_bot_ws/install/mobo_bot_description/lib/pkgconfig/mobo_bot_description.pc'
[1.178s] Level 1:colcon.colcon_core.environment:checking '/home/rohan87/mobo_bot_ws/install/mobo_bot_description/lib/python3.10/site-packages'
[1.178s] Level 1:colcon.colcon_core.environment:checking '/home/rohan87/mobo_bot_ws/install/mobo_bot_description/bin'
[1.178s] INFO:colcon.colcon_core.shell:Creating package script '/home/rohan87/mobo_bot_ws/install/mobo_bot_description/share/mobo_bot_description/package.ps1'
[1.179s] INFO:colcon.colcon_core.shell:Creating package descriptor '/home/rohan87/mobo_bot_ws/install/mobo_bot_description/share/mobo_bot_description/package.dsv'
[1.179s] INFO:colcon.colcon_core.shell:Creating package script '/home/rohan87/mobo_bot_ws/install/mobo_bot_description/share/mobo_bot_description/package.sh'
[1.179s] INFO:colcon.colcon_core.shell:Creating package script '/home/rohan87/mobo_bot_ws/install/mobo_bot_description/share/mobo_bot_description/package.bash'
[1.180s] INFO:colcon.colcon_core.shell:Creating package script '/home/rohan87/mobo_bot_ws/install/mobo_bot_description/share/mobo_bot_description/package.zsh'
[1.180s] Level 1:colcon.colcon_core.environment:create_file_with_runtime_dependencies(/home/rohan87/mobo_bot_ws/install/mobo_bot_description/share/colcon-core/packages/mobo_bot_description)
[1.180s] Level 1:colcon.colcon_core.environment:create_environment_scripts_only(mobo_bot_description)
[1.180s] Level 1:colcon.colcon_core.environment:checking '/home/rohan87/mobo_bot_ws/install/mobo_bot_description' for CMake module files
[1.181s] Level 1:colcon.colcon_core.environment:checking '/home/rohan87/mobo_bot_ws/install/mobo_bot_description' for CMake config files
[1.181s] Level 1:colcon.colcon_core.shell:create_environment_hook('mobo_bot_description', 'cmake_prefix_path')
[1.181s] INFO:colcon.colcon_core.shell:Creating environment hook '/home/rohan87/mobo_bot_ws/install/mobo_bot_description/share/mobo_bot_description/hook/cmake_prefix_path.ps1'
[1.181s] INFO:colcon.colcon_core.shell:Creating environment descriptor '/home/rohan87/mobo_bot_ws/install/mobo_bot_description/share/mobo_bot_description/hook/cmake_prefix_path.dsv'
[1.181s] INFO:colcon.colcon_core.shell:Creating environment hook '/home/rohan87/mobo_bot_ws/install/mobo_bot_description/share/mobo_bot_description/hook/cmake_prefix_path.sh'
[1.182s] Level 1:colcon.colcon_core.environment:checking '/home/rohan87/mobo_bot_ws/install/mobo_bot_description/bin'
[1.182s] Level 1:colcon.colcon_core.environment:checking '/home/rohan87/mobo_bot_ws/install/mobo_bot_description/lib/pkgconfig/mobo_bot_description.pc'
[1.182s] Level 1:colcon.colcon_core.environment:checking '/home/rohan87/mobo_bot_ws/install/mobo_bot_description/lib/python3.10/site-packages'
[1.182s] Level 1:colcon.colcon_core.environment:checking '/home/rohan87/mobo_bot_ws/install/mobo_bot_description/bin'
[1.182s] INFO:colcon.colcon_core.shell:Creating package script '/home/rohan87/mobo_bot_ws/install/mobo_bot_description/share/mobo_bot_description/package.ps1'
[1.182s] INFO:colcon.colcon_core.shell:Creating package descriptor '/home/rohan87/mobo_bot_ws/install/mobo_bot_description/share/mobo_bot_description/package.dsv'
[1.183s] INFO:colcon.colcon_core.shell:Creating package script '/home/rohan87/mobo_bot_ws/install/mobo_bot_description/share/mobo_bot_description/package.sh'
[1.183s] INFO:colcon.colcon_core.shell:Creating package script '/home/rohan87/mobo_bot_ws/install/mobo_bot_description/share/mobo_bot_description/package.bash'
[1.183s] INFO:colcon.colcon_core.shell:Creating package script '/home/rohan87/mobo_bot_ws/install/mobo_bot_description/share/mobo_bot_description/package.zsh'
[1.183s] Level 1:colcon.colcon_core.environment:create_file_with_runtime_dependencies(/home/rohan87/mobo_bot_ws/install/mobo_bot_description/share/colcon-core/packages/mobo_bot_description)
[1.184s] Level 1:colcon.colcon_core.environment:create_environment_scripts_only(mobo_bot_rviz)
[1.184s] Level 1:colcon.colcon_core.environment:checking '/home/rohan87/mobo_bot_ws/install/mobo_bot_rviz' for CMake module files
[1.185s] DEBUG:colcon.colcon_core.event_handler.log_command:Invoked command in '/home/rohan87/mobo_bot_ws/build/mobo_bot_rviz' returned '0': CMAKE_PREFIX_PATH=/opt/ros/humble /usr/bin/cmake --install /home/rohan87/mobo_bot_ws/build/mobo_bot_rviz
[1.185s] Level 1:colcon.colcon_core.environment:checking '/home/rohan87/mobo_bot_ws/install/mobo_bot_rviz' for CMake config files
[1.185s] Level 1:colcon.colcon_core.shell:create_environment_hook('mobo_bot_rviz', 'cmake_prefix_path')
[1.185s] INFO:colcon.colcon_core.shell:Creating environment hook '/home/rohan87/mobo_bot_ws/install/mobo_bot_rviz/share/mobo_bot_rviz/hook/cmake_prefix_path.ps1'
[1.186s] INFO:colcon.colcon_core.shell:Creating environment descriptor '/home/rohan87/mobo_bot_ws/install/mobo_bot_rviz/share/mobo_bot_rviz/hook/cmake_prefix_path.dsv'
[1.186s] INFO:colcon.colcon_core.shell:Creating environment hook '/home/rohan87/mobo_bot_ws/install/mobo_bot_rviz/share/mobo_bot_rviz/hook/cmake_prefix_path.sh'
[1.187s] Level 1:colcon.colcon_core.environment:checking '/home/rohan87/mobo_bot_ws/install/mobo_bot_rviz/bin'
[1.187s] Level 1:colcon.colcon_core.environment:checking '/home/rohan87/mobo_bot_ws/install/mobo_bot_rviz/lib/pkgconfig/mobo_bot_rviz.pc'
[1.187s] Level 1:colcon.colcon_core.environment:checking '/home/rohan87/mobo_bot_ws/install/mobo_bot_rviz/lib/python3.10/site-packages'
[1.187s] Level 1:colcon.colcon_core.environment:checking '/home/rohan87/mobo_bot_ws/install/mobo_bot_rviz/bin'
[1.188s] INFO:colcon.colcon_core.shell:Creating package script '/home/rohan87/mobo_bot_ws/install/mobo_bot_rviz/share/mobo_bot_rviz/package.ps1'
[1.188s] INFO:colcon.colcon_core.shell:Creating package descriptor '/home/rohan87/mobo_bot_ws/install/mobo_bot_rviz/share/mobo_bot_rviz/package.dsv'
[1.188s] INFO:colcon.colcon_core.shell:Creating package script '/home/rohan87/mobo_bot_ws/install/mobo_bot_rviz/share/mobo_bot_rviz/package.sh'
[1.189s] INFO:colcon.colcon_core.shell:Creating package script '/home/rohan87/mobo_bot_ws/install/mobo_bot_rviz/share/mobo_bot_rviz/package.bash'
[1.189s] INFO:colcon.colcon_core.shell:Creating package script '/home/rohan87/mobo_bot_ws/install/mobo_bot_rviz/share/mobo_bot_rviz/package.zsh'
[1.190s] Level 1:colcon.colcon_core.environment:create_file_with_runtime_dependencies(/home/rohan87/mobo_bot_ws/install/mobo_bot_rviz/share/colcon-core/packages/mobo_bot_rviz)
[1.190s] Level 1:colcon.colcon_core.environment:create_environment_scripts_only(mobo_bot_rviz)
[1.190s] Level 1:colcon.colcon_core.environment:checking '/home/rohan87/mobo_bot_ws/install/mobo_bot_rviz' for CMake module files
[1.191s] Level 1:colcon.colcon_core.environment:checking '/home/rohan87/mobo_bot_ws/install/mobo_bot_rviz' for CMake config files
[1.191s] Level 1:colcon.colcon_core.shell:create_environment_hook('mobo_bot_rviz', 'cmake_prefix_path')
[1.191s] INFO:colcon.colcon_core.shell:Creating environment hook '/home/rohan87/mobo_bot_ws/install/mobo_bot_rviz/share/mobo_bot_rviz/hook/cmake_prefix_path.ps1'
[1.192s] INFO:colcon.colcon_core.shell:Creating environment descriptor '/home/rohan87/mobo_bot_ws/install/mobo_bot_rviz/share/mobo_bot_rviz/hook/cmake_prefix_path.dsv'
[1.192s] INFO:colcon.colcon_core.shell:Creating environment hook '/home/rohan87/mobo_bot_ws/install/mobo_bot_rviz/share/mobo_bot_rviz/hook/cmake_prefix_path.sh'
[1.193s] Level 1:colcon.colcon_core.environment:checking '/home/rohan87/mobo_bot_ws/install/mobo_bot_rviz/bin'
[1.193s] Level 1:colcon.colcon_core.environment:checking '/home/rohan87/mobo_bot_ws/install/mobo_bot_rviz/lib/pkgconfig/mobo_bot_rviz.pc'
[1.193s] Level 1:colcon.colcon_core.environment:checking '/home/rohan87/mobo_bot_ws/install/mobo_bot_rviz/lib/python3.10/site-packages'
[1.193s] Level 1:colcon.colcon_core.environment:checking '/home/rohan87/mobo_bot_ws/install/mobo_bot_rviz/bin'
[1.194s] INFO:colcon.colcon_core.shell:Creating package script '/home/rohan87/mobo_bot_ws/install/mobo_bot_rviz/share/mobo_bot_rviz/package.ps1'
[1.194s] INFO:colcon.colcon_core.shell:Creating package descriptor '/home/rohan87/mobo_bot_ws/install/mobo_bot_rviz/share/mobo_bot_rviz/package.dsv'
[1.195s] INFO:colcon.colcon_core.shell:Creating package script '/home/rohan87/mobo_bot_ws/install/mobo_bot_rviz/share/mobo_bot_rviz/package.sh'
[1.195s] INFO:colcon.colcon_core.shell:Creating package script '/home/rohan87/mobo_bot_ws/install/mobo_bot_rviz/share/mobo_bot_rviz/package.bash'
[1.196s] INFO:colcon.colcon_core.shell:Creating package script '/home/rohan87/mobo_bot_ws/install/mobo_bot_rviz/share/mobo_bot_rviz/package.zsh'
[1.196s] Level 1:colcon.colcon_core.environment:create_file_with_runtime_dependencies(/home/rohan87/mobo_bot_ws/install/mobo_bot_rviz/share/colcon-core/packages/mobo_bot_rviz)
[1.209s] Level 1:colcon.colcon_core.environment:create_environment_scripts_only(mobo_bot_sim)
[1.209s] Level 1:colcon.colcon_core.environment:checking '/home/rohan87/mobo_bot_ws/install/mobo_bot_sim' for CMake module files
[1.209s] DEBUG:colcon.colcon_core.event_handler.log_command:Invoked command in '/home/rohan87/mobo_bot_ws/build/mobo_bot_sim' returned '0': CMAKE_PREFIX_PATH=/opt/ros/humble /usr/bin/cmake --install /home/rohan87/mobo_bot_ws/build/mobo_bot_sim
[1.210s] Level 1:colcon.colcon_core.environment:checking '/home/rohan87/mobo_bot_ws/install/mobo_bot_sim' for CMake config files
[1.210s] Level 1:colcon.colcon_core.shell:create_environment_hook('mobo_bot_sim', 'cmake_prefix_path')
[1.210s] INFO:colcon.colcon_core.shell:Creating environment hook '/home/rohan87/mobo_bot_ws/install/mobo_bot_sim/share/mobo_bot_sim/hook/cmake_prefix_path.ps1'
[1.210s] INFO:colcon.colcon_core.shell:Creating environment descriptor '/home/rohan87/mobo_bot_ws/install/mobo_bot_sim/share/mobo_bot_sim/hook/cmake_prefix_path.dsv'
[1.211s] INFO:colcon.colcon_core.shell:Creating environment hook '/home/rohan87/mobo_bot_ws/install/mobo_bot_sim/share/mobo_bot_sim/hook/cmake_prefix_path.sh'
[1.211s] Level 1:colcon.colcon_core.environment:checking '/home/rohan87/mobo_bot_ws/install/mobo_bot_sim/bin'
[1.211s] Level 1:colcon.colcon_core.environment:checking '/home/rohan87/mobo_bot_ws/install/mobo_bot_sim/lib/pkgconfig/mobo_bot_sim.pc'
[1.211s] Level 1:colcon.colcon_core.environment:checking '/home/rohan87/mobo_bot_ws/install/mobo_bot_sim/lib/python3.10/site-packages'
[1.211s] Level 1:colcon.colcon_core.environment:checking '/home/rohan87/mobo_bot_ws/install/mobo_bot_sim/bin'
[1.211s] INFO:colcon.colcon_core.shell:Creating package script '/home/rohan87/mobo_bot_ws/install/mobo_bot_sim/share/mobo_bot_sim/package.ps1'
[1.212s] INFO:colcon.colcon_core.shell:Creating package descriptor '/home/rohan87/mobo_bot_ws/install/mobo_bot_sim/share/mobo_bot_sim/package.dsv'
[1.212s] INFO:colcon.colcon_core.shell:Creating package script '/home/rohan87/mobo_bot_ws/install/mobo_bot_sim/share/mobo_bot_sim/package.sh'
[1.212s] INFO:colcon.colcon_core.shell:Creating package script '/home/rohan87/mobo_bot_ws/install/mobo_bot_sim/share/mobo_bot_sim/package.bash'
[1.212s] INFO:colcon.colcon_core.shell:Creating package script '/home/rohan87/mobo_bot_ws/install/mobo_bot_sim/share/mobo_bot_sim/package.zsh'
[1.212s] Level 1:colcon.colcon_core.environment:create_file_with_runtime_dependencies(/home/rohan87/mobo_bot_ws/install/mobo_bot_sim/share/colcon-core/packages/mobo_bot_sim)
[1.213s] Level 1:colcon.colcon_core.environment:create_environment_scripts_only(mobo_bot_sim)
[1.213s] Level 1:colcon.colcon_core.environment:checking '/home/rohan87/mobo_bot_ws/install/mobo_bot_sim' for CMake module files
[1.213s] Level 1:colcon.colcon_core.environment:checking '/home/rohan87/mobo_bot_ws/install/mobo_bot_sim' for CMake config files
[1.213s] Level 1:colcon.colcon_core.shell:create_environment_hook('mobo_bot_sim', 'cmake_prefix_path')
[1.213s] INFO:colcon.colcon_core.shell:Creating environment hook '/home/rohan87/mobo_bot_ws/install/mobo_bot_sim/share/mobo_bot_sim/hook/cmake_prefix_path.ps1'
[1.214s] INFO:colcon.colcon_core.shell:Creating environment descriptor '/home/rohan87/mobo_bot_ws/install/mobo_bot_sim/share/mobo_bot_sim/hook/cmake_prefix_path.dsv'
[1.214s] INFO:colcon.colcon_core.shell:Creating environment hook '/home/rohan87/mobo_bot_ws/install/mobo_bot_sim/share/mobo_bot_sim/hook/cmake_prefix_path.sh'
[1.214s] Level 1:colcon.colcon_core.environment:checking '/home/rohan87/mobo_bot_ws/install/mobo_bot_sim/bin'
[1.214s] Level 1:colcon.colcon_core.environment:checking '/home/rohan87/mobo_bot_ws/install/mobo_bot_sim/lib/pkgconfig/mobo_bot_sim.pc'
[1.214s] Level 1:colcon.colcon_core.environment:checking '/home/rohan87/mobo_bot_ws/install/mobo_bot_sim/lib/python3.10/site-packages'
[1.214s] Level 1:colcon.colcon_core.environment:checking '/home/rohan87/mobo_bot_ws/install/mobo_bot_sim/bin'
[1.214s] INFO:colcon.colcon_core.shell:Creating package script '/home/rohan87/mobo_bot_ws/install/mobo_bot_sim/share/mobo_bot_sim/package.ps1'
[1.215s] INFO:colcon.colcon_core.shell:Creating package descriptor '/home/rohan87/mobo_bot_ws/install/mobo_bot_sim/share/mobo_bot_sim/package.dsv'
[1.215s] INFO:colcon.colcon_core.shell:Creating package script '/home/rohan87/mobo_bot_ws/install/mobo_bot_sim/share/mobo_bot_sim/package.sh'
[1.215s] INFO:colcon.colcon_core.shell:Creating package script '/home/rohan87/mobo_bot_ws/install/mobo_bot_sim/share/mobo_bot_sim/package.bash'
[1.216s] INFO:colcon.colcon_core.shell:Creating package script '/home/rohan87/mobo_bot_ws/install/mobo_bot_sim/share/mobo_bot_sim/package.zsh'
[1.216s] Level 1:colcon.colcon_core.environment:create_file_with_runtime_dependencies(/home/rohan87/mobo_bot_ws/install/mobo_bot_sim/share/colcon-core/packages/mobo_bot_sim)
[1.311s] DEBUG:colcon.colcon_core.event_handler.log_command:Invoked command in '/home/rohan87/mobo_bot_ws/build/mobo_bot_base' returned '0': CMAKE_PREFIX_PATH=/opt/ros/humble /usr/bin/cmake /home/rohan87/mobo_bot_ws/src/mobo_bot/mobo_bot_base -DAMENT_CMAKE_SYMLINK_INSTALL=1 -DCMAKE_INSTALL_PREFIX=/home/rohan87/mobo_bot_ws/install/mobo_bot_base
[1.312s] DEBUG:colcon.colcon_core.event_handler.log_command:Invoking command in '/home/rohan87/mobo_bot_ws/build/mobo_bot_base': CMAKE_PREFIX_PATH=/opt/ros/humble /usr/bin/cmake --build /home/rohan87/mobo_bot_ws/build/mobo_bot_base -- -j12 -l12
[6.353s] DEBUG:colcon.colcon_core.event_handler.log_command:Invoked command in '/home/rohan87/mobo_bot_ws/build/mobo_bot_base' returned '0': CMAKE_PREFIX_PATH=/opt/ros/humble /usr/bin/cmake --build /home/rohan87/mobo_bot_ws/build/mobo_bot_base -- -j12 -l12
[6.353s] DEBUG:colcon.colcon_core.event_handler.log_command:Invoking command in '/home/rohan87/mobo_bot_ws/build/mobo_bot_base': CMAKE_PREFIX_PATH=/opt/ros/humble /usr/bin/cmake --install /home/rohan87/mobo_bot_ws/build/mobo_bot_base
[6.480s] Level 1:colcon.colcon_core.environment:create_environment_scripts_only(mobo_bot_base)
[6.480s] Level 1:colcon.colcon_core.environment:checking '/home/rohan87/mobo_bot_ws/install/mobo_bot_base' for CMake module files
[6.480s] DEBUG:colcon.colcon_core.event_handler.log_command:Invoked command in '/home/rohan87/mobo_bot_ws/build/mobo_bot_base' returned '0': CMAKE_PREFIX_PATH=/opt/ros/humble /usr/bin/cmake --install /home/rohan87/mobo_bot_ws/build/mobo_bot_base
[6.480s] Level 1:colcon.colcon_core.environment:checking '/home/rohan87/mobo_bot_ws/install/mobo_bot_base' for CMake config files
[6.480s] Level 1:colcon.colcon_core.shell:create_environment_hook('mobo_bot_base', 'cmake_prefix_path')
[6.481s] INFO:colcon.colcon_core.shell:Creating environment hook '/home/rohan87/mobo_bot_ws/install/mobo_bot_base/share/mobo_bot_base/hook/cmake_prefix_path.ps1'
[6.481s] INFO:colcon.colcon_core.shell:Creating environment descriptor '/home/rohan87/mobo_bot_ws/install/mobo_bot_base/share/mobo_bot_base/hook/cmake_prefix_path.dsv'
[6.481s] INFO:colcon.colcon_core.shell:Creating environment hook '/home/rohan87/mobo_bot_ws/install/mobo_bot_base/share/mobo_bot_base/hook/cmake_prefix_path.sh'
[6.481s] Level 1:colcon.colcon_core.environment:checking '/home/rohan87/mobo_bot_ws/install/mobo_bot_base/lib'
[6.481s] Level 1:colcon.colcon_core.environment:checking '/home/rohan87/mobo_bot_ws/install/mobo_bot_base/bin'
[6.482s] Level 1:colcon.colcon_core.environment:checking '/home/rohan87/mobo_bot_ws/install/mobo_bot_base/lib/pkgconfig/mobo_bot_base.pc'
[6.482s] Level 1:colcon.colcon_core.environment:checking '/home/rohan87/mobo_bot_ws/install/mobo_bot_base/lib/python3.10/site-packages'
[6.482s] Level 1:colcon.colcon_core.environment:checking '/home/rohan87/mobo_bot_ws/install/mobo_bot_base/bin'
[6.482s] INFO:colcon.colcon_core.shell:Creating package script '/home/rohan87/mobo_bot_ws/install/mobo_bot_base/share/mobo_bot_base/package.ps1'
[6.482s] INFO:colcon.colcon_core.shell:Creating package descriptor '/home/rohan87/mobo_bot_ws/install/mobo_bot_base/share/mobo_bot_base/package.dsv'
[6.482s] INFO:colcon.colcon_core.shell:Creating package script '/home/rohan87/mobo_bot_ws/install/mobo_bot_base/share/mobo_bot_base/package.sh'
[6.483s] INFO:colcon.colcon_core.shell:Creating package script '/home/rohan87/mobo_bot_ws/install/mobo_bot_base/share/mobo_bot_base/package.bash'
[6.483s] INFO:colcon.colcon_core.shell:Creating package script '/home/rohan87/mobo_bot_ws/install/mobo_bot_base/share/mobo_bot_base/package.zsh'
[6.483s] Level 1:colcon.colcon_core.environment:create_file_with_runtime_dependencies(/home/rohan87/mobo_bot_ws/install/mobo_bot_base/share/colcon-core/packages/mobo_bot_base)
[6.483s] Level 1:colcon.colcon_core.environment:create_environment_scripts_only(mobo_bot_base)
[6.483s] Level 1:colcon.colcon_core.environment:checking '/home/rohan87/mobo_bot_ws/install/mobo_bot_base' for CMake module files
[6.484s] Level 1:colcon.colcon_core.environment:checking '/home/rohan87/mobo_bot_ws/install/mobo_bot_base' for CMake config files
[6.484s] Level 1:colcon.colcon_core.shell:create_environment_hook('mobo_bot_base', 'cmake_prefix_path')
[6.484s] INFO:colcon.colcon_core.shell:Creating environment hook '/home/rohan87/mobo_bot_ws/install/mobo_bot_base/share/mobo_bot_base/hook/cmake_prefix_path.ps1'
[6.484s] INFO:colcon.colcon_core.shell:Creating environment descriptor '/home/rohan87/mobo_bot_ws/install/mobo_bot_base/share/mobo_bot_base/hook/cmake_prefix_path.dsv'
[6.484s] INFO:colcon.colcon_core.shell:Creating environment hook '/home/rohan87/mobo_bot_ws/install/mobo_bot_base/share/mobo_bot_base/hook/cmake_prefix_path.sh'
[6.485s] Level 1:colcon.colcon_core.environment:checking '/home/rohan87/mobo_bot_ws/install/mobo_bot_base/lib'
[6.485s] Level 1:colcon.colcon_core.environment:checking '/home/rohan87/mobo_bot_ws/install/mobo_bot_base/bin'
[6.485s] Level 1:colcon.colcon_core.environment:checking '/home/rohan87/mobo_bot_ws/install/mobo_bot_base/lib/pkgconfig/mobo_bot_base.pc'
[6.485s] Level 1:colcon.colcon_core.environment:checking '/home/rohan87/mobo_bot_ws/install/mobo_bot_base/lib/python3.10/site-packages'
[6.485s] Level 1:colcon.colcon_core.environment:checking '/home/rohan87/mobo_bot_ws/install/mobo_bot_base/bin'
[6.485s] INFO:colcon.colcon_core.shell:Creating package script '/home/rohan87/mobo_bot_ws/install/mobo_bot_base/share/mobo_bot_base/package.ps1'
[6.485s] INFO:colcon.colcon_core.shell:Creating package descriptor '/home/rohan87/mobo_bot_ws/install/mobo_bot_base/share/mobo_bot_base/package.dsv'
[6.485s] INFO:colcon.colcon_core.shell:Creating package script '/home/rohan87/mobo_bot_ws/install/mobo_bot_base/share/mobo_bot_base/package.sh'
[6.486s] INFO:colcon.colcon_core.shell:Creating package script '/home/rohan87/mobo_bot_ws/install/mobo_bot_base/share/mobo_bot_base/package.bash'
[6.486s] INFO:colcon.colcon_core.shell:Creating package script '/home/rohan87/mobo_bot_ws/install/mobo_bot_base/share/mobo_bot_base/package.zsh'
[6.486s] Level 1:colcon.colcon_core.environment:create_file_with_runtime_dependencies(/home/rohan87/mobo_bot_ws/install/mobo_bot_base/share/colcon-core/packages/mobo_bot_base)
[6.486s] DEBUG:colcon.colcon_parallel_executor.executor.parallel:closing loop
[6.486s] DEBUG:colcon.colcon_parallel_executor.executor.parallel:loop closed
[6.486s] DEBUG:colcon.colcon_parallel_executor.executor.parallel:run_until_complete finished with '0'
[6.486s] DEBUG:colcon.colcon_core.event_reactor:joining thread
[6.489s] INFO:colcon.colcon_core.plugin_system:Skipping extension 'colcon_notification.desktop_notification.terminal_notifier': Not used on non-Darwin systems
[6.490s] INFO:colcon.colcon_core.plugin_system:Skipping extension 'colcon_notification.desktop_notification.win32': Not used on non-Windows systems
[6.490s] INFO:colcon.colcon_notification.desktop_notification:Sending desktop notification using 'notify2'
[6.499s] DEBUG:colcon.colcon_core.event_reactor:joined thread
[6.499s] INFO:colcon.colcon_core.shell:Creating prefix script '/home/rohan87/mobo_bot_ws/install/local_setup.ps1'
[6.500s] INFO:colcon.colcon_core.shell:Creating prefix util module '/home/rohan87/mobo_bot_ws/install/_local_setup_util_ps1.py'
[6.501s] INFO:colcon.colcon_core.shell:Creating prefix chain script '/home/rohan87/mobo_bot_ws/install/setup.ps1'
[6.501s] INFO:colcon.colcon_core.shell:Creating prefix script '/home/rohan87/mobo_bot_ws/install/local_setup.sh'
[6.502s] INFO:colcon.colcon_core.shell:Creating prefix util module '/home/rohan87/mobo_bot_ws/install/_local_setup_util_sh.py'
[6.502s] INFO:colcon.colcon_core.shell:Creating prefix chain script '/home/rohan87/mobo_bot_ws/install/setup.sh'
[6.502s] INFO:colcon.colcon_core.shell:Creating prefix script '/home/rohan87/mobo_bot_ws/install/local_setup.bash'
[6.503s] INFO:colcon.colcon_core.shell:Creating prefix chain script '/home/rohan87/mobo_bot_ws/install/setup.bash'
[6.503s] INFO:colcon.colcon_core.shell:Creating prefix script '/home/rohan87/mobo_bot_ws/install/local_setup.zsh'
[6.503s] INFO:colcon.colcon_core.shell:Creating prefix chain script '/home/rohan87/mobo_bot_ws/install/setup.zsh'
