[0.160s] Invoking command in '/home/rohan87/mobo_bot_ws/build/mobo_bot_navigation': CMAKE_PREFIX_PATH=/opt/ros/humble /usr/bin/cmake /home/rohan87/mobo_bot_ws/src/mobo_bot/mobo_bot_navigation -DAMENT_CMAKE_SYMLINK_INSTALL=1 -DCMAKE_INSTALL_PREFIX=/home/rohan87/mobo_bot_ws/install/mobo_bot_navigation
[0.228s] -- The C compiler identification is GNU 11.4.0
[0.304s] -- The CXX compiler identification is GNU 11.4.0
[0.312s] -- Detecting C compiler ABI info
[0.374s] -- Detecting C compiler ABI info - done
[0.382s] -- Check for working C compiler: /usr/bin/cc - skipped
[0.382s] -- Detecting C compile features
[0.383s] -- Detecting C compile features - done
[0.386s] -- Detecting CXX compiler ABI info
[0.459s] -- Detecting CXX compiler ABI info - done
[0.467s] -- Check for working CXX compiler: /usr/bin/c++ - skipped
[0.468s] -- Detecting CXX compile features
[0.468s] -- Detecting CXX compile features - done
[0.471s] -- Found ament_cmake: 1.3.12 (/opt/ros/humble/share/ament_cmake/cmake)
[0.581s] -- Found Python3: /usr/bin/python3 (found version "3.10.12") found components: Interpreter 
[0.634s] -- Override CMake install command with custom implementation using symlinks instead of copying resources
[0.651s] -- Found ament_lint_auto: 0.12.14 (/opt/ros/humble/share/ament_lint_auto/cmake)
[0.706s] -- Added test 'flake8' to check Python code syntax and style conventions
[0.706s] -- Added test 'lint_cmake' to check CMake code style
[0.706s] -- Added test 'pep257' to check Python code against some of the docstring style conventions in PEP 257
[0.707s] -- Added test 'xmllint' to check XML markup files
[0.708s] -- Configuring done
[0.709s] -- Generating done
[0.710s] -- Build files have been written to: /home/rohan87/mobo_bot_ws/build/mobo_bot_navigation
[0.714s] Invoked command in '/home/rohan87/mobo_bot_ws/build/mobo_bot_navigation' returned '0': CMAKE_PREFIX_PATH=/opt/ros/humble /usr/bin/cmake /home/rohan87/mobo_bot_ws/src/mobo_bot/mobo_bot_navigation -DAMENT_CMAKE_SYMLINK_INSTALL=1 -DCMAKE_INSTALL_PREFIX=/home/rohan87/mobo_bot_ws/install/mobo_bot_navigation
[0.716s] Invoking command in '/home/rohan87/mobo_bot_ws/build/mobo_bot_navigation': CMAKE_PREFIX_PATH=/opt/ros/humble /usr/bin/cmake --build /home/rohan87/mobo_bot_ws/build/mobo_bot_navigation -- -j12 -l12
[0.756s] Invoked command in '/home/rohan87/mobo_bot_ws/build/mobo_bot_navigation' returned '0': CMAKE_PREFIX_PATH=/opt/ros/humble /usr/bin/cmake --build /home/rohan87/mobo_bot_ws/build/mobo_bot_navigation -- -j12 -l12
[0.758s] Invoking command in '/home/rohan87/mobo_bot_ws/build/mobo_bot_navigation': CMAKE_PREFIX_PATH=/opt/ros/humble /usr/bin/cmake --install /home/rohan87/mobo_bot_ws/build/mobo_bot_navigation
[0.763s] -- Install configuration: ""
[0.763s] -- Execute custom install script
[0.764s] -- Symlinking: /home/rohan87/mobo_bot_ws/install/mobo_bot_navigation/share/mobo_bot_navigation//config/nav2_bringup_params.yaml
[0.771s] -- Symlinking: /home/rohan87/mobo_bot_ws/install/mobo_bot_navigation/share/mobo_bot_navigation//config/slam_mapping_params_online_async.yaml
[0.779s] -- Symlinking: /home/rohan87/mobo_bot_ws/install/mobo_bot_navigation/share/mobo_bot_navigation//launch/amcl.launch.py
[0.787s] -- Symlinking: /home/rohan87/mobo_bot_ws/install/mobo_bot_navigation/share/mobo_bot_navigation//launch/nav_bringup.launch.py
[0.793s] -- Symlinking: /home/rohan87/mobo_bot_ws/install/mobo_bot_navigation/share/mobo_bot_navigation//launch/slam_mapping.launch.py
[0.798s] -- Symlinking: /home/rohan87/mobo_bot_ws/install/mobo_bot_navigation/share/mobo_bot_navigation//maps/room_with_walls.pgm
[0.806s] -- Symlinking: /home/rohan87/mobo_bot_ws/install/mobo_bot_navigation/share/mobo_bot_navigation//maps/room_with_walls.yaml
[0.814s] -- Symlinking: /home/rohan87/mobo_bot_ws/install/mobo_bot_navigation/share/mobo_bot_navigation//maps/simple_world.pgm
[0.822s] -- Symlinking: /home/rohan87/mobo_bot_ws/install/mobo_bot_navigation/share/mobo_bot_navigation//maps/simple_world.yaml
[0.829s] -- Symlinking: /home/rohan87/mobo_bot_ws/install/mobo_bot_navigation/share/ament_index/resource_index/package_run_dependencies/mobo_bot_navigation
[0.835s] -- Symlinking: /home/rohan87/mobo_bot_ws/install/mobo_bot_navigation/share/ament_index/resource_index/parent_prefix_path/mobo_bot_navigation
[0.841s] -- Symlinking: /home/rohan87/mobo_bot_ws/install/mobo_bot_navigation/share/mobo_bot_navigation/environment/ament_prefix_path.sh
[0.849s] -- Symlinking: /home/rohan87/mobo_bot_ws/install/mobo_bot_navigation/share/mobo_bot_navigation/environment/ament_prefix_path.dsv
[0.858s] -- Symlinking: /home/rohan87/mobo_bot_ws/install/mobo_bot_navigation/share/mobo_bot_navigation/environment/path.sh
[0.865s] -- Symlinking: /home/rohan87/mobo_bot_ws/install/mobo_bot_navigation/share/mobo_bot_navigation/environment/path.dsv
[0.870s] -- Symlinking: /home/rohan87/mobo_bot_ws/install/mobo_bot_navigation/share/mobo_bot_navigation/local_setup.bash
[0.876s] -- Symlinking: /home/rohan87/mobo_bot_ws/install/mobo_bot_navigation/share/mobo_bot_navigation/local_setup.sh
[0.882s] -- Symlinking: /home/rohan87/mobo_bot_ws/install/mobo_bot_navigation/share/mobo_bot_navigation/local_setup.zsh
[0.890s] -- Symlinking: /home/rohan87/mobo_bot_ws/install/mobo_bot_navigation/share/mobo_bot_navigation/local_setup.dsv
[0.896s] -- Symlinking: /home/rohan87/mobo_bot_ws/install/mobo_bot_navigation/share/mobo_bot_navigation/package.dsv
[0.901s] -- Symlinking: /home/rohan87/mobo_bot_ws/install/mobo_bot_navigation/share/ament_index/resource_index/packages/mobo_bot_navigation
[0.907s] -- Symlinking: /home/rohan87/mobo_bot_ws/install/mobo_bot_navigation/share/mobo_bot_navigation/cmake/mobo_bot_navigationConfig.cmake
[0.916s] -- Symlinking: /home/rohan87/mobo_bot_ws/install/mobo_bot_navigation/share/mobo_bot_navigation/cmake/mobo_bot_navigationConfig-version.cmake
[0.922s] -- Symlinking: /home/rohan87/mobo_bot_ws/install/mobo_bot_navigation/share/mobo_bot_navigation/package.xml
[0.945s] Invoked command in '/home/rohan87/mobo_bot_ws/build/mobo_bot_navigation' returned '0': CMAKE_PREFIX_PATH=/opt/ros/humble /usr/bin/cmake --install /home/rohan87/mobo_bot_ws/build/mobo_bot_navigation
