[0.163s] Invoking command in '/home/rohan87/mobo_bot_ws/build/mobo_bot_sim': CMAKE_PREFIX_PATH=/opt/ros/humble /usr/bin/cmake /home/rohan87/mobo_bot_ws/src/mobo_bot/mobo_bot_sim -DAMENT_CMAKE_SYMLINK_INSTALL=1 -DCMAKE_INSTALL_PREFIX=/home/rohan87/mobo_bot_ws/install/mobo_bot_sim
[0.232s] -- The C compiler identification is GNU 11.4.0
[0.300s] -- The CXX compiler identification is GNU 11.4.0
[0.308s] -- Detecting C compiler ABI info
[0.361s] -- Detecting C compiler ABI info - done
[0.366s] -- Check for working C compiler: /usr/bin/cc - skipped
[0.367s] -- Detecting C compile features
[0.367s] -- Detecting C compile features - done
[0.370s] -- Detecting CXX compiler ABI info
[0.430s] -- Detecting CXX compiler ABI info - done
[0.434s] -- Check for working CXX compiler: /usr/bin/c++ - skipped
[0.435s] -- Detecting CXX compile features
[0.435s] -- Detecting CXX compile features - done
[0.443s] -- Found ament_cmake: 1.3.12 (/opt/ros/humble/share/ament_cmake/cmake)
[0.581s] -- Found Python3: /usr/bin/python3 (found version "3.10.12") found components: Interpreter 
[0.627s] -- Override CMake install command with custom implementation using symlinks instead of copying resources
[0.643s] -- Found ament_lint_auto: 0.12.14 (/opt/ros/humble/share/ament_lint_auto/cmake)
[0.705s] -- Added test 'flake8' to check Python code syntax and style conventions
[0.705s] -- Added test 'lint_cmake' to check CMake code style
[0.705s] -- Added test 'pep257' to check Python code against some of the docstring style conventions in PEP 257
[0.706s] -- Added test 'xmllint' to check XML markup files
[0.707s] -- Configuring done
[0.709s] -- Generating done
[0.710s] -- Build files have been written to: /home/rohan87/mobo_bot_ws/build/mobo_bot_sim
[0.715s] Invoked command in '/home/rohan87/mobo_bot_ws/build/mobo_bot_sim' returned '0': CMAKE_PREFIX_PATH=/opt/ros/humble /usr/bin/cmake /home/rohan87/mobo_bot_ws/src/mobo_bot/mobo_bot_sim -DAMENT_CMAKE_SYMLINK_INSTALL=1 -DCMAKE_INSTALL_PREFIX=/home/rohan87/mobo_bot_ws/install/mobo_bot_sim
[0.716s] Invoking command in '/home/rohan87/mobo_bot_ws/build/mobo_bot_sim': CMAKE_PREFIX_PATH=/opt/ros/humble /usr/bin/cmake --build /home/rohan87/mobo_bot_ws/build/mobo_bot_sim -- -j12 -l12
[0.741s] Invoked command in '/home/rohan87/mobo_bot_ws/build/mobo_bot_sim' returned '0': CMAKE_PREFIX_PATH=/opt/ros/humble /usr/bin/cmake --build /home/rohan87/mobo_bot_ws/build/mobo_bot_sim -- -j12 -l12
[0.749s] Invoking command in '/home/rohan87/mobo_bot_ws/build/mobo_bot_sim': CMAKE_PREFIX_PATH=/opt/ros/humble /usr/bin/cmake --install /home/rohan87/mobo_bot_ws/build/mobo_bot_sim
[0.754s] -- Install configuration: ""
[0.754s] -- Execute custom install script
[0.755s] -- Symlinking: /home/rohan87/mobo_bot_ws/install/mobo_bot_sim/share/mobo_bot_sim//config/gz_bridge_config.yaml
[0.761s] -- Symlinking: /home/rohan87/mobo_bot_ws/install/mobo_bot_sim/share/mobo_bot_sim//launch/sim.launch.py
[0.770s] -- Symlinking: /home/rohan87/mobo_bot_ws/install/mobo_bot_sim/share/mobo_bot_sim//models/empty_room/model.config
[0.777s] -- Symlinking: /home/rohan87/mobo_bot_ws/install/mobo_bot_sim/share/mobo_bot_sim//models/empty_room/model.sdf
[0.786s] -- Symlinking: /home/rohan87/mobo_bot_ws/install/mobo_bot_sim/share/mobo_bot_sim//models/room_with_walls/model.config
[0.794s] -- Symlinking: /home/rohan87/mobo_bot_ws/install/mobo_bot_sim/share/mobo_bot_sim//models/room_with_walls/model.sdf
[0.800s] -- Symlinking: /home/rohan87/mobo_bot_ws/install/mobo_bot_sim/share/mobo_bot_sim//models/room_with_walls_star/model.config
[0.806s] -- Symlinking: /home/rohan87/mobo_bot_ws/install/mobo_bot_sim/share/mobo_bot_sim//models/room_with_walls_star/model.sdf
[0.811s] -- Symlinking: /home/rohan87/mobo_bot_ws/install/mobo_bot_sim/share/mobo_bot_sim//models/simple_world/model.config
[0.817s] -- Symlinking: /home/rohan87/mobo_bot_ws/install/mobo_bot_sim/share/mobo_bot_sim//models/simple_world/model.sdf
[0.824s] -- Symlinking: /home/rohan87/mobo_bot_ws/install/mobo_bot_sim/share/mobo_bot_sim//models/turtlebot_arena/meshes/hexagon.dae
[0.831s] -- Symlinking: /home/rohan87/mobo_bot_ws/install/mobo_bot_sim/share/mobo_bot_sim//models/turtlebot_arena/meshes/wall.dae
[0.837s] -- Symlinking: /home/rohan87/mobo_bot_ws/install/mobo_bot_sim/share/mobo_bot_sim//models/turtlebot_arena/model.config
[0.843s] -- Symlinking: /home/rohan87/mobo_bot_ws/install/mobo_bot_sim/share/mobo_bot_sim//models/turtlebot_arena/model.sdf
[0.849s] -- Symlinking: /home/rohan87/mobo_bot_ws/install/mobo_bot_sim/share/mobo_bot_sim//worlds/empty.sdf
[0.855s] -- Symlinking: /home/rohan87/mobo_bot_ws/install/mobo_bot_sim/share/mobo_bot_sim//worlds/empty_room.sdf
[0.861s] -- Symlinking: /home/rohan87/mobo_bot_ws/install/mobo_bot_sim/share/mobo_bot_sim//worlds/room_with_walls.sdf
[0.867s] -- Symlinking: /home/rohan87/mobo_bot_ws/install/mobo_bot_sim/share/mobo_bot_sim//worlds/room_with_walls_star.sdf
[0.872s] -- Symlinking: /home/rohan87/mobo_bot_ws/install/mobo_bot_sim/share/mobo_bot_sim//worlds/simple_world.sdf
[0.880s] -- Symlinking: /home/rohan87/mobo_bot_ws/install/mobo_bot_sim/share/mobo_bot_sim//worlds/turtlebot_arena.sdf
[0.886s] -- Symlinking: /home/rohan87/mobo_bot_ws/install/mobo_bot_sim/share/ament_index/resource_index/package_run_dependencies/mobo_bot_sim
[0.892s] -- Symlinking: /home/rohan87/mobo_bot_ws/install/mobo_bot_sim/share/ament_index/resource_index/parent_prefix_path/mobo_bot_sim
[0.897s] -- Symlinking: /home/rohan87/mobo_bot_ws/install/mobo_bot_sim/share/mobo_bot_sim/environment/ament_prefix_path.sh
[0.903s] -- Symlinking: /home/rohan87/mobo_bot_ws/install/mobo_bot_sim/share/mobo_bot_sim/environment/ament_prefix_path.dsv
[0.909s] -- Symlinking: /home/rohan87/mobo_bot_ws/install/mobo_bot_sim/share/mobo_bot_sim/environment/path.sh
[0.917s] -- Symlinking: /home/rohan87/mobo_bot_ws/install/mobo_bot_sim/share/mobo_bot_sim/environment/path.dsv
[0.923s] -- Symlinking: /home/rohan87/mobo_bot_ws/install/mobo_bot_sim/share/mobo_bot_sim/local_setup.bash
[0.929s] -- Symlinking: /home/rohan87/mobo_bot_ws/install/mobo_bot_sim/share/mobo_bot_sim/local_setup.sh
[0.934s] -- Symlinking: /home/rohan87/mobo_bot_ws/install/mobo_bot_sim/share/mobo_bot_sim/local_setup.zsh
[0.941s] -- Symlinking: /home/rohan87/mobo_bot_ws/install/mobo_bot_sim/share/mobo_bot_sim/local_setup.dsv
[0.946s] -- Symlinking: /home/rohan87/mobo_bot_ws/install/mobo_bot_sim/share/mobo_bot_sim/package.dsv
[0.951s] -- Symlinking: /home/rohan87/mobo_bot_ws/install/mobo_bot_sim/share/ament_index/resource_index/packages/mobo_bot_sim
[0.958s] -- Symlinking: /home/rohan87/mobo_bot_ws/install/mobo_bot_sim/share/mobo_bot_sim/cmake/mobo_bot_simConfig.cmake
[0.966s] -- Symlinking: /home/rohan87/mobo_bot_ws/install/mobo_bot_sim/share/mobo_bot_sim/cmake/mobo_bot_simConfig-version.cmake
[0.973s] -- Symlinking: /home/rohan87/mobo_bot_ws/install/mobo_bot_sim/share/mobo_bot_sim/package.xml
[0.981s] Invoked command in '/home/rohan87/mobo_bot_ws/build/mobo_bot_sim' returned '0': CMAKE_PREFIX_PATH=/opt/ros/humble /usr/bin/cmake --install /home/rohan87/mobo_bot_ws/build/mobo_bot_sim
