[0.167s] Invoking command in '/home/rohan87/mobo_bot_ws/build/mobo_bot_description': CMAKE_PREFIX_PATH=/opt/ros/humble /usr/bin/cmake /home/rohan87/mobo_bot_ws/src/mobo_bot/mobo_bot_description -DCMAKE_INSTALL_PREFIX=/home/rohan87/mobo_bot_ws/install/mobo_bot_description
[0.177s] -- Found ament_cmake: 1.3.12 (/opt/ros/humble/share/ament_cmake/cmake)
[0.283s] -- Override CMake install command with custom implementation using symlinks instead of copying resources
[0.290s] -- Found ament_lint_auto: 0.12.14 (/opt/ros/humble/share/ament_lint_auto/cmake)
[0.369s] -- Added test 'flake8' to check Python code syntax and style conventions
[0.369s] -- Added test 'lint_cmake' to check CMake code style
[0.370s] -- Added test 'pep257' to check Python code against some of the docstring style conventions in PEP 257
[0.371s] -- Added test 'xmllint' to check XML markup files
[0.371s] -- Configuring done
[0.374s] -- Generating done
[0.376s] -- Build files have been written to: /home/rohan87/mobo_bot_ws/build/mobo_bot_description
[0.381s] Invoked command in '/home/rohan87/mobo_bot_ws/build/mobo_bot_description' returned '0': CMAKE_PREFIX_PATH=/opt/ros/humble /usr/bin/cmake /home/rohan87/mobo_bot_ws/src/mobo_bot/mobo_bot_description -DCMAKE_INSTALL_PREFIX=/home/rohan87/mobo_bot_ws/install/mobo_bot_description
[0.383s] Invoking command in '/home/rohan87/mobo_bot_ws/build/mobo_bot_description': CMAKE_PREFIX_PATH=/opt/ros/humble /usr/bin/cmake --build /home/rohan87/mobo_bot_ws/build/mobo_bot_description -- -j12 -l12
[0.432s] Invoked command in '/home/rohan87/mobo_bot_ws/build/mobo_bot_description' returned '0': CMAKE_PREFIX_PATH=/opt/ros/humble /usr/bin/cmake --build /home/rohan87/mobo_bot_ws/build/mobo_bot_description -- -j12 -l12
[0.434s] Invoking command in '/home/rohan87/mobo_bot_ws/build/mobo_bot_description': CMAKE_PREFIX_PATH=/opt/ros/humble /usr/bin/cmake --install /home/rohan87/mobo_bot_ws/build/mobo_bot_description
[0.438s] -- Install configuration: ""
[0.439s] -- Execute custom install script
[0.439s] -- Up-to-date symlink: /home/rohan87/mobo_bot_ws/install/mobo_bot_description/share/mobo_bot_description//launch/rsp.launch.py
[0.439s] -- Up-to-date symlink: /home/rohan87/mobo_bot_ws/install/mobo_bot_description/share/mobo_bot_description//urdf/epmc_ros2_control.xacro
[0.439s] -- Up-to-date symlink: /home/rohan87/mobo_bot_ws/install/mobo_bot_description/share/mobo_bot_description//urdf/gazebo_properties.xacro
[0.439s] -- Up-to-date symlink: /home/rohan87/mobo_bot_ws/install/mobo_bot_description/share/mobo_bot_description//urdf/robot_urdf.xacro
[0.439s] -- Up-to-date symlink: /home/rohan87/mobo_bot_ws/install/mobo_bot_description/share/mobo_bot_description//urdf/urdf_models/box_with_fillet_macro.xacro
[0.439s] -- Up-to-date symlink: /home/rohan87/mobo_bot_ws/install/mobo_bot_description/share/mobo_bot_description//urdf/urdf_models/cam.xacro
[0.439s] -- Up-to-date symlink: /home/rohan87/mobo_bot_ws/install/mobo_bot_description/share/mobo_bot_description//urdf/urdf_models/drive_wheel_macro.xacro
[0.439s] -- Up-to-date symlink: /home/rohan87/mobo_bot_ws/install/mobo_bot_description/share/mobo_bot_description//urdf/urdf_models/drive_wheel_rim_macro.xacro
[0.439s] -- Up-to-date symlink: /home/rohan87/mobo_bot_ws/install/mobo_bot_description/share/mobo_bot_description//urdf/urdf_models/lidar.xacro
[0.439s] -- Up-to-date symlink: /home/rohan87/mobo_bot_ws/install/mobo_bot_description/share/mobo_bot_description//urdf/urdf_models/sonar.xacro
[0.439s] -- Up-to-date symlink: /home/rohan87/mobo_bot_ws/install/mobo_bot_description/share/ament_index/resource_index/package_run_dependencies/mobo_bot_description
[0.440s] -- Up-to-date symlink: /home/rohan87/mobo_bot_ws/install/mobo_bot_description/share/ament_index/resource_index/parent_prefix_path/mobo_bot_description
[0.440s] -- Up-to-date symlink: /home/rohan87/mobo_bot_ws/install/mobo_bot_description/share/mobo_bot_description/environment/ament_prefix_path.sh
[0.440s] -- Up-to-date symlink: /home/rohan87/mobo_bot_ws/install/mobo_bot_description/share/mobo_bot_description/environment/ament_prefix_path.dsv
[0.440s] -- Up-to-date symlink: /home/rohan87/mobo_bot_ws/install/mobo_bot_description/share/mobo_bot_description/environment/path.sh
[0.440s] -- Up-to-date symlink: /home/rohan87/mobo_bot_ws/install/mobo_bot_description/share/mobo_bot_description/environment/path.dsv
[0.440s] -- Up-to-date symlink: /home/rohan87/mobo_bot_ws/install/mobo_bot_description/share/mobo_bot_description/local_setup.bash
[0.440s] -- Up-to-date symlink: /home/rohan87/mobo_bot_ws/install/mobo_bot_description/share/mobo_bot_description/local_setup.sh
[0.440s] -- Up-to-date symlink: /home/rohan87/mobo_bot_ws/install/mobo_bot_description/share/mobo_bot_description/local_setup.zsh
[0.440s] -- Up-to-date symlink: /home/rohan87/mobo_bot_ws/install/mobo_bot_description/share/mobo_bot_description/local_setup.dsv
[0.440s] -- Symlinking: /home/rohan87/mobo_bot_ws/install/mobo_bot_description/share/mobo_bot_description/package.dsv
[0.449s] -- Up-to-date symlink: /home/rohan87/mobo_bot_ws/install/mobo_bot_description/share/ament_index/resource_index/packages/mobo_bot_description
[0.449s] -- Up-to-date symlink: /home/rohan87/mobo_bot_ws/install/mobo_bot_description/share/mobo_bot_description/cmake/mobo_bot_descriptionConfig.cmake
[0.449s] -- Up-to-date symlink: /home/rohan87/mobo_bot_ws/install/mobo_bot_description/share/mobo_bot_description/cmake/mobo_bot_descriptionConfig-version.cmake
[0.449s] -- Up-to-date symlink: /home/rohan87/mobo_bot_ws/install/mobo_bot_description/share/mobo_bot_description/package.xml
[0.453s] Invoked command in '/home/rohan87/mobo_bot_ws/build/mobo_bot_description' returned '0': CMAKE_PREFIX_PATH=/opt/ros/humble /usr/bin/cmake --install /home/rohan87/mobo_bot_ws/build/mobo_bot_description
