[0.167s] Invoking command in '/home/rohan87/mobo_bot_ws/build/mobo_bot_navigation': CMAKE_PREFIX_PATH=/opt/ros/humble /usr/bin/cmake /home/rohan87/mobo_bot_ws/src/mobo_bot/mobo_bot_navigation -DCMAKE_INSTALL_PREFIX=/home/rohan87/mobo_bot_ws/install/mobo_bot_navigation
[0.176s] -- Found ament_cmake: 1.3.12 (/opt/ros/humble/share/ament_cmake/cmake)
[0.277s] -- Override CMake install command with custom implementation using symlinks instead of copying resources
[0.282s] -- Found ament_lint_auto: 0.12.14 (/opt/ros/humble/share/ament_lint_auto/cmake)
[0.333s] -- Added test 'flake8' to check Python code syntax and style conventions
[0.333s] -- Added test 'lint_cmake' to check CMake code style
[0.333s] -- Added test 'pep257' to check Python code against some of the docstring style conventions in PEP 257
[0.334s] -- Added test 'xmllint' to check XML markup files
[0.335s] -- Configuring done
[0.338s] -- Generating done
[0.339s] -- Build files have been written to: /home/rohan87/mobo_bot_ws/build/mobo_bot_navigation
[0.340s] Invoked command in '/home/rohan87/mobo_bot_ws/build/mobo_bot_navigation' returned '0': CMAKE_PREFIX_PATH=/opt/ros/humble /usr/bin/cmake /home/rohan87/mobo_bot_ws/src/mobo_bot/mobo_bot_navigation -DCMAKE_INSTALL_PREFIX=/home/rohan87/mobo_bot_ws/install/mobo_bot_navigation
[0.341s] Invoking command in '/home/rohan87/mobo_bot_ws/build/mobo_bot_navigation': CMAKE_PREFIX_PATH=/opt/ros/humble /usr/bin/cmake --build /home/rohan87/mobo_bot_ws/build/mobo_bot_navigation -- -j12 -l12
[0.384s] Invoked command in '/home/rohan87/mobo_bot_ws/build/mobo_bot_navigation' returned '0': CMAKE_PREFIX_PATH=/opt/ros/humble /usr/bin/cmake --build /home/rohan87/mobo_bot_ws/build/mobo_bot_navigation -- -j12 -l12
[0.384s] Invoking command in '/home/rohan87/mobo_bot_ws/build/mobo_bot_navigation': CMAKE_PREFIX_PATH=/opt/ros/humble /usr/bin/cmake --install /home/rohan87/mobo_bot_ws/build/mobo_bot_navigation
[0.387s] -- Install configuration: ""
[0.388s] -- Execute custom install script
[0.389s] -- Up-to-date symlink: /home/rohan87/mobo_bot_ws/install/mobo_bot_navigation/share/mobo_bot_navigation//config/nav2_bringup_params.yaml
[0.389s] -- Up-to-date symlink: /home/rohan87/mobo_bot_ws/install/mobo_bot_navigation/share/mobo_bot_navigation//config/slam_mapping_params_online_async.yaml
[0.389s] -- Up-to-date symlink: /home/rohan87/mobo_bot_ws/install/mobo_bot_navigation/share/mobo_bot_navigation//launch/amcl.launch.py
[0.389s] -- Up-to-date symlink: /home/rohan87/mobo_bot_ws/install/mobo_bot_navigation/share/mobo_bot_navigation//launch/nav_bringup.launch.py
[0.389s] -- Up-to-date symlink: /home/rohan87/mobo_bot_ws/install/mobo_bot_navigation/share/mobo_bot_navigation//launch/slam_mapping.launch.py
[0.389s] -- Up-to-date symlink: /home/rohan87/mobo_bot_ws/install/mobo_bot_navigation/share/mobo_bot_navigation//maps/room_with_walls.pgm
[0.390s] -- Up-to-date symlink: /home/rohan87/mobo_bot_ws/install/mobo_bot_navigation/share/mobo_bot_navigation//maps/room_with_walls.yaml
[0.390s] -- Up-to-date symlink: /home/rohan87/mobo_bot_ws/install/mobo_bot_navigation/share/mobo_bot_navigation//maps/simple_world.pgm
[0.390s] -- Up-to-date symlink: /home/rohan87/mobo_bot_ws/install/mobo_bot_navigation/share/mobo_bot_navigation//maps/simple_world.yaml
[0.391s] -- Up-to-date symlink: /home/rohan87/mobo_bot_ws/install/mobo_bot_navigation/share/ament_index/resource_index/package_run_dependencies/mobo_bot_navigation
[0.391s] -- Up-to-date symlink: /home/rohan87/mobo_bot_ws/install/mobo_bot_navigation/share/ament_index/resource_index/parent_prefix_path/mobo_bot_navigation
[0.391s] -- Up-to-date symlink: /home/rohan87/mobo_bot_ws/install/mobo_bot_navigation/share/mobo_bot_navigation/environment/ament_prefix_path.sh
[0.391s] -- Up-to-date symlink: /home/rohan87/mobo_bot_ws/install/mobo_bot_navigation/share/mobo_bot_navigation/environment/ament_prefix_path.dsv
[0.391s] -- Up-to-date symlink: /home/rohan87/mobo_bot_ws/install/mobo_bot_navigation/share/mobo_bot_navigation/environment/path.sh
[0.391s] -- Up-to-date symlink: /home/rohan87/mobo_bot_ws/install/mobo_bot_navigation/share/mobo_bot_navigation/environment/path.dsv
[0.391s] -- Up-to-date symlink: /home/rohan87/mobo_bot_ws/install/mobo_bot_navigation/share/mobo_bot_navigation/local_setup.bash
[0.392s] -- Up-to-date symlink: /home/rohan87/mobo_bot_ws/install/mobo_bot_navigation/share/mobo_bot_navigation/local_setup.sh
[0.392s] -- Up-to-date symlink: /home/rohan87/mobo_bot_ws/install/mobo_bot_navigation/share/mobo_bot_navigation/local_setup.zsh
[0.392s] -- Up-to-date symlink: /home/rohan87/mobo_bot_ws/install/mobo_bot_navigation/share/mobo_bot_navigation/local_setup.dsv
[0.392s] -- Symlinking: /home/rohan87/mobo_bot_ws/install/mobo_bot_navigation/share/mobo_bot_navigation/package.dsv
[0.396s] -- Up-to-date symlink: /home/rohan87/mobo_bot_ws/install/mobo_bot_navigation/share/ament_index/resource_index/packages/mobo_bot_navigation
[0.396s] -- Up-to-date symlink: /home/rohan87/mobo_bot_ws/install/mobo_bot_navigation/share/mobo_bot_navigation/cmake/mobo_bot_navigationConfig.cmake
[0.396s] -- Up-to-date symlink: /home/rohan87/mobo_bot_ws/install/mobo_bot_navigation/share/mobo_bot_navigation/cmake/mobo_bot_navigationConfig-version.cmake
[0.396s] -- Up-to-date symlink: /home/rohan87/mobo_bot_ws/install/mobo_bot_navigation/share/mobo_bot_navigation/package.xml
[0.407s] Invoked command in '/home/rohan87/mobo_bot_ws/build/mobo_bot_navigation' returned '0': CMAKE_PREFIX_PATH=/opt/ros/humble /usr/bin/cmake --install /home/rohan87/mobo_bot_ws/build/mobo_bot_navigation
