running develop
running egg_info
creating arrow_key_teleop_drive.egg-info
writing arrow_key_teleop_drive.egg-info/PKG-INFO
writing dependency_links to arrow_key_teleop_drive.egg-info/dependency_links.txt
writing entry points to arrow_key_teleop_drive.egg-info/entry_points.txt
writing requirements to arrow_key_teleop_drive.egg-info/requires.txt
writing top-level names to arrow_key_teleop_drive.egg-info/top_level.txt
writing manifest file 'arrow_key_teleop_drive.egg-info/SOURCES.txt'
reading manifest file 'arrow_key_teleop_drive.egg-info/SOURCES.txt'
writing manifest file 'arrow_key_teleop_drive.egg-info/SOURCES.txt'
running build_ext
Creating /home/rohan87/mobo_bot_ws/install/arrow_key_teleop_drive/lib/python3.10/site-packages/arrow-key-teleop-drive.egg-link (link to .)
Installing arrow_key_teleop_drive script to /home/rohan87/mobo_bot_ws/install/arrow_key_teleop_drive/lib/arrow_key_teleop_drive

Installed /home/rohan87/mobo_bot_ws/build/arrow_key_teleop_drive
running symlink_data
creating /home/rohan87/mobo_bot_ws/install/arrow_key_teleop_drive/share/ament_index
creating /home/rohan87/mobo_bot_ws/install/arrow_key_teleop_drive/share/ament_index/resource_index
creating /home/rohan87/mobo_bot_ws/install/arrow_key_teleop_drive/share/ament_index/resource_index/packages
symbolically linking /home/rohan87/mobo_bot_ws/build/arrow_key_teleop_drive/resource/arrow_key_teleop_drive -> /home/rohan87/mobo_bot_ws/install/arrow_key_teleop_drive/share/ament_index/resource_index/packages
symbolically linking /home/rohan87/mobo_bot_ws/build/arrow_key_teleop_drive/package.xml -> /home/rohan87/mobo_bot_ws/install/arrow_key_teleop_drive/share/arrow_key_teleop_drive
