-- The C compiler identification is GNU 11.4.0
-- The CXX compiler identification is GNU 11.4.0
-- Detecting C compiler ABI info
-- Detecting C compiler ABI info - done
-- Check for working C compiler: /usr/bin/cc - skipped
-- Detecting C compile features
-- Detecting C compile features - done
-- Detecting CXX compiler ABI info
-- Detecting CXX compiler ABI info - done
-- Check for working CXX compiler: /usr/bin/c++ - skipped
-- Detecting CXX compile features
-- Detecting CXX compile features - done
-- Found ament_cmake: 1.3.12 (/opt/ros/humble/share/ament_cmake/cmake)
-- Found Python3: /usr/bin/python3 (found version "3.10.12") found components: Interpreter 
-- Override CMake install command with custom implementation using symlinks instead of copying resources
-- Found rclcpp: 16.0.14 (/opt/ros/humble/share/rclcpp/cmake)
-- Found rosidl_generator_c: 3.1.7 (/opt/ros/humble/share/rosidl_generator_c/cmake)
-- Found rosidl_adapter: 3.1.7 (/opt/ros/humble/share/rosidl_adapter/cmake)
-- Found rosidl_generator_cpp: 3.1.7 (/opt/ros/humble/share/rosidl_generator_cpp/cmake)
-- Using all available rosidl_typesupport_c: rosidl_typesupport_fastrtps_c;rosidl_typesupport_introspection_c
-- Using all available rosidl_typesupport_cpp: rosidl_typesupport_fastrtps_cpp;rosidl_typesupport_introspection_cpp
-- Found rmw_implementation_cmake: 6.1.2 (/opt/ros/humble/share/rmw_implementation_cmake/cmake)
-- Found rmw_cyclonedds_cpp: 1.3.4 (/opt/ros/humble/share/rmw_cyclonedds_cpp/cmake)
-- Using RMW implementation 'rmw_cyclonedds_cpp' as default
-- Looking for pthread.h
-- Looking for pthread.h - found
-- Performing Test CMAKE_HAVE_LIBC_PTHREAD
-- Performing Test CMAKE_HAVE_LIBC_PTHREAD - Success
-- Found Threads: TRUE  
-- Found sensor_msgs: 4.9.0 (/opt/ros/humble/share/sensor_msgs/cmake)
-- Found ament_lint_auto: 0.12.14 (/opt/ros/humble/share/ament_lint_auto/cmake)
-- Added test 'cppcheck' to perform static code analysis on C / C++ code
-- Configured cppcheck include dirs: 
-- Configured cppcheck exclude dirs and/or files: 
-- Added test 'flake8' to check Python code syntax and style conventions
-- Added test 'lint_cmake' to check CMake code style
-- Added test 'pep257' to check Python code against some of the docstring style conventions in PEP 257
-- Added test 'uncrustify' to check C / C++ code style
-- Configured uncrustify additional arguments: 
-- Added test 'xmllint' to check XML markup files
-- Configuring done
-- Generating done
-- Build files have been written to: /home/rohan87/mobo_bot_ws/build/mobo_bot_base
[ 50%] [32mBuilding CXX object CMakeFiles/lidar_angle_filter.dir/src/lidar_angle_filter.cpp.o[0m
[100%] [32m[1mLinking CXX executable lidar_angle_filter[0m
[100%] Built target lidar_angle_filter
-- Install configuration: ""
-- Execute custom install script
-- Symlinking: /home/rohan87/mobo_bot_ws/install/mobo_bot_base/lib/mobo_bot_base/lidar_angle_filter
-- Symlinking: /home/rohan87/mobo_bot_ws/install/mobo_bot_base/share/mobo_bot_base//config/eimu_ros_start_params.yaml
-- Symlinking: /home/rohan87/mobo_bot_ws/install/mobo_bot_base/share/mobo_bot_base//config/ekf.yaml
-- Symlinking: /home/rohan87/mobo_bot_ws/install/mobo_bot_base/share/mobo_bot_base//config/epmc_diff_drive_controller.yaml
-- Symlinking: /home/rohan87/mobo_bot_ws/install/mobo_bot_base/share/mobo_bot_base//launch/lidar_test.launch.py
-- Symlinking: /home/rohan87/mobo_bot_ws/install/mobo_bot_base/share/mobo_bot_base//launch/robot.launch.py
-- Symlinking: /home/rohan87/mobo_bot_ws/install/mobo_bot_base/share/ament_index/resource_index/package_run_dependencies/mobo_bot_base
-- Symlinking: /home/rohan87/mobo_bot_ws/install/mobo_bot_base/share/ament_index/resource_index/parent_prefix_path/mobo_bot_base
-- Symlinking: /home/rohan87/mobo_bot_ws/install/mobo_bot_base/share/mobo_bot_base/environment/ament_prefix_path.sh
-- Symlinking: /home/rohan87/mobo_bot_ws/install/mobo_bot_base/share/mobo_bot_base/environment/ament_prefix_path.dsv
-- Symlinking: /home/rohan87/mobo_bot_ws/install/mobo_bot_base/share/mobo_bot_base/environment/path.sh
-- Symlinking: /home/rohan87/mobo_bot_ws/install/mobo_bot_base/share/mobo_bot_base/environment/path.dsv
-- Symlinking: /home/rohan87/mobo_bot_ws/install/mobo_bot_base/share/mobo_bot_base/local_setup.bash
-- Symlinking: /home/rohan87/mobo_bot_ws/install/mobo_bot_base/share/mobo_bot_base/local_setup.sh
-- Symlinking: /home/rohan87/mobo_bot_ws/install/mobo_bot_base/share/mobo_bot_base/local_setup.zsh
-- Symlinking: /home/rohan87/mobo_bot_ws/install/mobo_bot_base/share/mobo_bot_base/local_setup.dsv
-- Symlinking: /home/rohan87/mobo_bot_ws/install/mobo_bot_base/share/mobo_bot_base/package.dsv
-- Symlinking: /home/rohan87/mobo_bot_ws/install/mobo_bot_base/share/ament_index/resource_index/packages/mobo_bot_base
-- Symlinking: /home/rohan87/mobo_bot_ws/install/mobo_bot_base/share/mobo_bot_base/cmake/mobo_bot_baseConfig.cmake
-- Symlinking: /home/rohan87/mobo_bot_ws/install/mobo_bot_base/share/mobo_bot_base/cmake/mobo_bot_baseConfig-version.cmake
-- Symlinking: /home/rohan87/mobo_bot_ws/install/mobo_bot_base/share/mobo_bot_base/package.xml
